{"/Users/hrmoller/workspace/serviceprovider/features/support/env.js":{"path":"/Users/hrmoller/workspace/serviceprovider/features/support/env.js","s":{"1":1,"2":1,"3":1},"b":{"1":[1,1]},"f":{"1":1},"fnMap":{"1":{"name":"(anonymous_1)","line":3,"loc":{"start":{"line":3,"column":18},"end":{"line":3,"column":30}}}},"statementMap":{"1":{"start":{"line":3,"column":0},"end":{"line":null,"column":null}},"2":{"start":{"line":5,"column":7},"end":{"line":5,"column":69}},"3":{"start":{"line":8,"column":0},"end":{"line":null,"column":null}}},"branchMap":{"1":{"line":5,"type":"binary-expr","locations":[{"start":{"line":5,"column":25},"end":{"line":5,"column":25}},{"start":{"line":5,"column":57},"end":{"line":5,"column":2}}]}}},"/Users/hrmoller/workspace/serviceprovider/features/support/hooks.js":{"path":"/Users/hrmoller/workspace/serviceprovider/features/support/hooks.js","s":{"1":1,"2":0,"3":1,"4":1,"5":1,"6":1,"7":1,"8":1,"9":1,"10":1,"11":1,"12":1,"13":17,"14":17,"15":1,"16":1,"17":1},"b":{"1":[0,1]},"f":{"1":17,"2":1},"fnMap":{"1":{"name":"beforeHookHandler","line":24,"loc":{"start":{"line":24,"column":0},"end":{"line":24,"column":29}}},"2":{"name":"hooks","line":30,"loc":{"start":{"line":30,"column":0},"end":{"line":30,"column":17}}}},"statementMap":{"1":{"start":{"line":3,"column":0},"end":{"line":null,"column":null}},"2":{"start":{"line":4,"column":10},"end":{"line":null,"column":null}},"3":{"start":{"line":8,"column":0},"end":{"line":null,"column":null}},"4":{"start":{"line":9,"column":0},"end":{"line":null,"column":null}},"5":{"start":{"line":10,"column":0},"end":{"line":null,"column":null}},"6":{"start":{"line":11,"column":0},"end":{"line":null,"column":null}},"7":{"start":{"line":14,"column":0},"end":{"line":null,"column":null}},"8":{"start":{"line":15,"column":0},"end":{"line":null,"column":null}},"9":{"start":{"line":18,"column":0},"end":{"line":null,"column":null}},"10":{"start":{"line":21,"column":0},"end":{"line":null,"column":null}},"11":{"start":{"line":22,"column":0},"end":{"line":null,"column":null}},"12":{"start":{"line":24,"column":0},"end":{"line":null,"column":null}},"13":{"start":{"line":26,"column":7},"end":{"line":null,"column":null}},"14":{"start":{"line":27,"column":7},"end":{"line":null,"column":null}},"15":{"start":{"line":30,"column":0},"end":{"line":null,"column":null}},"16":{"start":{"line":31,"column":7},"end":{"line":null,"column":null}},"17":{"start":{"line":34,"column":0},"end":{"line":null,"column":null}}},"branchMap":{"1":{"line":3,"type":"if","locations":[{"start":{"line":3,"column":0},"end":{"line":3,"column":0}},{"start":{"line":3,"column":0},"end":{"line":3,"column":0}}]}}},"/Users/hrmoller/workspace/serviceprovider/src/app.js":{"path":"/Users/hrmoller/workspace/serviceprovider/src/app.js","s":{"1":1,"2":1,"3":1,"4":1,"5":1,"6":1,"7":1,"8":1,"9":1,"10":1,"11":1,"12":1,"13":1,"14":1,"15":1,"16":1,"17":1,"18":1,"19":1,"20":1,"21":1,"22":1,"23":8,"24":1,"25":1,"26":1,"27":1,"28":1,"29":13,"30":0,"31":13,"32":13,"33":1,"34":1,"35":12,"36":1,"37":13,"38":1,"39":13,"40":13,"41":0,"42":0,"43":13,"44":10,"45":13,"46":0,"47":0,"48":1,"49":1,"50":15,"51":2,"52":2,"53":0,"54":0,"55":0,"56":0,"57":2,"58":1,"59":15,"60":11,"61":11,"62":11,"63":7,"64":7,"65":7,"66":3,"67":0,"68":11,"69":0,"70":11,"71":11,"72":11,"73":1,"74":15,"75":15,"76":15,"77":15,"78":1,"79":2,"80":0,"81":2,"82":2,"83":2,"84":2,"85":0,"86":1,"87":0,"88":0,"89":0,"90":0,"91":0,"92":1,"93":1,"94":1,"95":1,"96":1,"97":1,"98":1,"99":1,"100":1,"101":1,"102":1,"103":1,"104":1,"105":1,"106":1,"107":1,"108":0,"109":1,"110":1,"111":1,"112":15,"113":1,"114":1,"115":1,"116":1,"117":0,"118":1,"119":1,"120":1,"121":1,"122":1},"b":{"1":[3,5],"2":[8,8],"3":[1,0],"4":[0,13],"5":[1,12],"6":[13,13,13,10,13,3],"7":[0,13],"8":[10,3],"9":[0,0],"10":[0,11],"11":[11,0],"12":[0,3],"13":[0,11],"14":[1,10],"15":[0,2],"16":[2,0],"17":[0,0],"18":[1,1]},"f":{"1":8,"2":13,"3":13,"4":13,"5":1,"6":15,"7":15,"8":2,"9":0,"10":1,"11":1},"fnMap":{"1":{"name":"_interopRequireDefault","line":0,"loc":{"start":{"line":0,"column":0},"end":{"line":0,"column":0}},"skip":true},"2":{"name":"validateAndExecuteTransform","line":45,"loc":{"start":{"line":45,"column":0},"end":{"line":45,"column":60}}},"3":{"name":"validateResponseAndStatusCode","line":65,"loc":{"start":{"line":65,"column":0},"end":{"line":65,"column":48}}},"4":{"name":"callApi","line":80,"loc":{"start":{"line":80,"column":0},"end":{"line":80,"column":40}}},"5":{"name":"enableWSTransport","line":112,"loc":{"start":{"line":112,"column":0},"end":{"line":112,"column":39}}},"6":{"name":"enableHTTPTransport","line":140,"loc":{"start":{"line":140,"column":0},"end":{"line":140,"column":36}}},"7":{"name":"enableCors","line":177,"loc":{"start":{"line":177,"column":0},"end":{"line":177,"column":36}}},"8":{"name":"tokenErrorHandler","line":192,"loc":{"start":{"line":192,"column":0},"end":{"line":192,"column":48}}},"9":{"name":"gracefulErrorHandler","line":214,"loc":{"start":{"line":214,"column":0},"end":{"line":214,"column":51}}},"10":{"name":"notFoundHandler","line":233,"loc":{"start":{"line":233,"column":0},"end":{"line":233,"column":35}}},"11":{"name":"(anonymous_11)","line":242,"loc":{"start":{"line":242,"column":21},"end":{"line":242,"column":38}}}},"statementMap":{"1":{"start":{"line":9,"column":0},"end":{"line":null,"column":null}},"2":{"start":{"line":14,"column":0},"end":{"line":null,"column":null}},"3":{"start":{"line":0,"column":0},"end":{"line":0,"column":0},"skip":true},"4":{"start":{"line":15,"column":0},"end":{"line":null,"column":null}},"5":{"start":{"line":0,"column":0},"end":{"line":0,"column":0},"skip":true},"6":{"start":{"line":16,"column":0},"end":{"line":null,"column":null}},"7":{"start":{"line":0,"column":0},"end":{"line":0,"column":0},"skip":true},"8":{"start":{"line":17,"column":0},"end":{"line":null,"column":null}},"9":{"start":{"line":0,"column":0},"end":{"line":0,"column":0},"skip":true},"10":{"start":{"line":18,"column":0},"end":{"line":null,"column":null}},"11":{"start":{"line":21,"column":0},"end":{"line":null,"column":null}},"12":{"start":{"line":0,"column":0},"end":{"line":0,"column":0},"skip":true},"13":{"start":{"line":22,"column":0},"end":{"line":null,"column":null}},"14":{"start":{"line":0,"column":0},"end":{"line":0,"column":0},"skip":true},"15":{"start":{"line":23,"column":0},"end":{"line":null,"column":null}},"16":{"start":{"line":24,"column":0},"end":{"line":null,"column":null}},"17":{"start":{"line":25,"column":0},"end":{"line":null,"column":null}},"18":{"start":{"line":28,"column":0},"end":{"line":null,"column":null}},"19":{"start":{"line":0,"column":0},"end":{"line":0,"column":0},"skip":true},"20":{"start":{"line":29,"column":0},"end":{"line":null,"column":null}},"21":{"start":{"line":0,"column":0},"end":{"line":0,"column":0},"skip":true},"22":{"start":{"line":0,"column":0},"end":{"line":0,"column":0},"skip":true},"23":{"start":{"line":0,"column":0},"end":{"line":0,"column":0},"skip":true},"24":{"start":{"line":11,"column":0},"end":{"line":null,"column":null}},"25":{"start":{"line":32,"column":0},"end":{"line":null,"column":null}},"26":{"start":{"line":33,"column":0},"end":{"line":33,"column":50}},"27":{"start":{"line":34,"column":0},"end":{"line":null,"column":null}},"28":{"start":{"line":45,"column":0},"end":{"line":null,"column":null}},"29":{"start":{"line":46,"column":6},"end":{"line":null,"column":null}},"30":{"start":{"line":47,"column":11},"end":{"line":null,"column":null}},"31":{"start":{"line":53,"column":8},"end":{"line":null,"column":null}},"32":{"start":{"line":55,"column":6},"end":{"line":null,"column":null}},"33":{"start":{"line":56,"column":11},"end":{"line":null,"column":null}},"34":{"start":{"line":58,"column":37},"end":{"line":58,"column":13}},"35":{"start":{"line":62,"column":9},"end":{"line":null,"column":null}},"36":{"start":{"line":65,"column":0},"end":{"line":null,"column":null}},"37":{"start":{"line":66,"column":10},"end":{"line":null,"column":null}},"38":{"start":{"line":80,"column":0},"end":{"line":null,"column":null}},"39":{"start":{"line":81,"column":9},"end":{"line":null,"column":null}},"40":{"start":{"line":82,"column":8},"end":{"line":null,"column":null}},"41":{"start":{"line":83,"column":10},"end":{"line":null,"column":null}},"42":{"start":{"line":84,"column":17},"end":{"line":null,"column":null}},"43":{"start":{"line":91,"column":8},"end":{"line":null,"column":null}},"44":{"start":{"line":92,"column":15},"end":{"line":null,"column":null}},"45":{"start":{"line":95,"column":11},"end":{"line":null,"column":null}},"46":{"start":{"line":97,"column":8},"end":{"line":null,"column":null}},"47":{"start":{"line":99,"column":11},"end":{"line":null,"column":null}},"48":{"start":{"line":112,"column":0},"end":{"line":null,"column":null}},"49":{"start":{"line":113,"column":9},"end":{"line":null,"column":null}},"50":{"start":{"line":114,"column":15},"end":{"line":null,"column":null}},"51":{"start":{"line":115,"column":17},"end":{"line":null,"column":null}},"52":{"start":{"line":117,"column":17},"end":{"line":null,"column":null}},"53":{"start":{"line":120,"column":14},"end":{"line":null,"column":null}},"54":{"start":{"line":121,"column":14},"end":{"line":null,"column":null}},"55":{"start":{"line":122,"column":19},"end":{"line":null,"column":null}},"56":{"start":{"line":125,"column":17},"end":{"line":null,"column":null}},"57":{"start":{"line":130,"column":24},"end":{"line":115,"column":6}},"58":{"start":{"line":140,"column":0},"end":{"line":null,"column":null}},"59":{"start":{"line":141,"column":6},"end":{"line":null,"column":null}},"60":{"start":{"line":143,"column":8},"end":{"line":null,"column":null}},"61":{"start":{"line":147,"column":12},"end":{"line":null,"column":null}},"62":{"start":{"line":148,"column":9},"end":{"line":null,"column":null}},"63":{"start":{"line":149,"column":12},"end":{"line":null,"column":null}},"64":{"start":{"line":150,"column":10},"end":{"line":null,"column":null}},"65":{"start":{"line":151,"column":14},"end":{"line":null,"column":null}},"66":{"start":{"line":154,"column":14},"end":{"line":null,"column":null}},"67":{"start":{"line":154,"column":76},"end":{"line":154,"column":49}},"68":{"start":{"line":158,"column":8},"end":{"line":null,"column":null}},"69":{"start":{"line":159,"column":12},"end":{"line":null,"column":null}},"70":{"start":{"line":162,"column":12},"end":{"line":null,"column":null}},"71":{"start":{"line":164,"column":12},"end":{"line":null,"column":null}},"72":{"start":{"line":165,"column":12},"end":{"line":null,"column":null}},"73":{"start":{"line":177,"column":0},"end":{"line":null,"column":null}},"74":{"start":{"line":178,"column":6},"end":{"line":null,"column":null}},"75":{"start":{"line":179,"column":6},"end":{"line":null,"column":null}},"76":{"start":{"line":180,"column":6},"end":{"line":null,"column":null}},"77":{"start":{"line":0,"column":0},"end":{"line":0,"column":0},"skip":true},"78":{"start":{"line":192,"column":0},"end":{"line":null,"column":null}},"79":{"start":{"line":193,"column":6},"end":{"line":null,"column":null}},"80":{"start":{"line":194,"column":11},"end":{"line":null,"column":null}},"81":{"start":{"line":197,"column":6},"end":{"line":null,"column":null}},"82":{"start":{"line":198,"column":8},"end":{"line":null,"column":null}},"83":{"start":{"line":199,"column":8},"end":{"line":null,"column":null}},"84":{"start":{"line":200,"column":11},"end":{"line":null,"column":null}},"85":{"start":{"line":203,"column":9},"end":{"line":null,"column":null}},"86":{"start":{"line":214,"column":0},"end":{"line":null,"column":null}},"87":{"start":{"line":215,"column":6},"end":{"line":null,"column":null}},"88":{"start":{"line":216,"column":6},"end":{"line":null,"column":null}},"89":{"start":{"line":217,"column":11},"end":{"line":null,"column":null}},"90":{"start":{"line":220,"column":6},"end":{"line":null,"column":null}},"91":{"start":{"line":221,"column":9},"end":{"line":null,"column":null}},"92":{"start":{"line":233,"column":0},"end":{"line":null,"column":null}},"93":{"start":{"line":234,"column":6},"end":{"line":null,"column":null}},"94":{"start":{"line":235,"column":6},"end":{"line":null,"column":null}},"95":{"start":{"line":239,"column":6},"end":{"line":null,"column":null}},"96":{"start":{"line":242,"column":0},"end":{"line":null,"column":null}},"97":{"start":{"line":244,"column":9},"end":{"line":null,"column":null}},"98":{"start":{"line":247,"column":6},"end":{"line":null,"column":null}},"99":{"start":{"line":248,"column":6},"end":{"line":null,"column":null}},"100":{"start":{"line":251,"column":6},"end":{"line":null,"column":null}},"101":{"start":{"line":254,"column":6},"end":{"line":null,"column":null}},"102":{"start":{"line":257,"column":6},"end":{"line":null,"column":null}},"103":{"start":{"line":258,"column":6},"end":{"line":null,"column":null}},"104":{"start":{"line":261,"column":6},"end":{"line":261,"column":45}},"105":{"start":{"line":264,"column":6},"end":{"line":null,"column":null}},"106":{"start":{"line":267,"column":6},"end":{"line":null,"column":null}},"107":{"start":{"line":270,"column":6},"end":{"line":null,"column":null}},"108":{"start":{"line":270,"column":29},"end":{"line":270,"column":2}},"109":{"start":{"line":273,"column":6},"end":{"line":null,"column":null}},"110":{"start":{"line":276,"column":9},"end":{"line":null,"column":null}},"111":{"start":{"line":279,"column":18},"end":{"line":null,"column":null}},"112":{"start":{"line":279,"column":57},"end":{"line":279,"column":2}},"113":{"start":{"line":281,"column":6},"end":{"line":null,"column":null}},"114":{"start":{"line":285,"column":6},"end":{"line":null,"column":null}},"115":{"start":{"line":286,"column":11},"end":{"line":null,"column":null}},"116":{"start":{"line":287,"column":10},"end":{"line":null,"column":null}},"117":{"start":{"line":289,"column":10},"end":{"line":null,"column":null}},"118":{"start":{"line":294,"column":6},"end":{"line":null,"column":null}},"119":{"start":{"line":297,"column":6},"end":{"line":null,"column":null}},"120":{"start":{"line":300,"column":6},"end":{"line":null,"column":null}},"121":{"start":{"line":302,"column":6},"end":{"line":null,"column":null}},"122":{"start":{"line":309,"column":9},"end":{"line":null,"column":null}}},"branchMap":{"1":{"line":0,"type":"cond-expr","locations":[{"start":{"line":0,"column":0},"end":{"line":0,"column":0},"skip":true},{"start":{"line":0,"column":0},"end":{"line":0,"column":0},"skip":true}]},"2":{"line":0,"type":"binary-expr","locations":[{"start":{"line":0,"column":0},"end":{"line":0,"column":0},"skip":true},{"start":{"line":0,"column":0},"end":{"line":0,"column":0},"skip":true}]},"3":{"line":33,"type":"binary-expr","locations":[{"start":{"line":33,"column":23},"end":{"line":33,"column":23}},{"start":{"line":33,"column":44},"end":{"line":33,"column":0}}]},"4":{"line":46,"type":"if","locations":[{"start":{"line":46,"column":6},"end":{"line":46,"column":6}},{"start":{"line":46,"column":6},"end":{"line":46,"column":6}}]},"5":{"line":55,"type":"if","locations":[{"start":{"line":55,"column":6},"end":{"line":55,"column":6}},{"start":{"line":55,"column":6},"end":{"line":55,"column":6}}]},"6":{"line":66,"type":"binary-expr","locations":[{"start":{"line":66,"column":10},"end":{"line":66,"column":9}},{"start":{"line":67,"column":4},"end":{"line":66,"column":9}},{"start":{"line":68,"column":5},"end":{"line":68,"column":5}},{"start":{"line":68,"column":36},"end":{"line":66,"column":9}},{"start":{"line":69,"column":5},"end":{"line":69,"column":5}},{"start":{"line":69,"column":36},"end":{"line":66,"column":2}}]},"7":{"line":82,"type":"if","locations":[{"start":{"line":82,"column":8},"end":{"line":82,"column":8}},{"start":{"line":82,"column":8},"end":{"line":82,"column":8}}]},"8":{"line":91,"type":"if","locations":[{"start":{"line":91,"column":8},"end":{"line":91,"column":8}},{"start":{"line":91,"column":8},"end":{"line":91,"column":8}}]},"9":{"line":121,"type":"if","locations":[{"start":{"line":121,"column":14},"end":{"line":121,"column":14}},{"start":{"line":121,"column":14},"end":{"line":121,"column":14}}]},"10":{"line":143,"type":"cond-expr","locations":[{"start":{"line":143,"column":42},"end":{"line":143,"column":16}},{"start":{"line":143,"column":56},"end":{"line":143,"column":4}}]},"11":{"line":147,"type":"binary-expr","locations":[{"start":{"line":147,"column":12},"end":{"line":147,"column":21}},{"start":{"line":147,"column":21},"end":{"line":147,"column":4}}]},"12":{"line":154,"type":"cond-expr","locations":[{"start":{"line":154,"column":49},"end":{"line":154,"column":21}},{"start":{"line":154,"column":81},"end":{"line":154,"column":8}}]},"13":{"line":158,"type":"if","locations":[{"start":{"line":158,"column":8},"end":{"line":158,"column":8}},{"start":{"line":158,"column":8},"end":{"line":158,"column":8}}]},"14":{"line":164,"type":"cond-expr","locations":[{"start":{"line":164,"column":46},"end":{"line":164,"column":31}},{"start":{"line":164,"column":50},"end":{"line":164,"column":8}}]},"15":{"line":193,"type":"if","locations":[{"start":{"line":193,"column":6},"end":{"line":193,"column":6}},{"start":{"line":193,"column":6},"end":{"line":193,"column":6}}]},"16":{"line":197,"type":"if","locations":[{"start":{"line":197,"column":6},"end":{"line":197,"column":6}},{"start":{"line":197,"column":6},"end":{"line":197,"column":6}}]},"17":{"line":216,"type":"if","locations":[{"start":{"line":216,"column":6},"end":{"line":216,"column":6}},{"start":{"line":216,"column":6},"end":{"line":216,"column":6}}]},"18":{"line":261,"type":"binary-expr","locations":[{"start":{"line":261,"column":18},"end":{"line":261,"column":18}},{"start":{"line":261,"column":38},"end":{"line":261,"column":2}}]}}},"/Users/hrmoller/workspace/serviceprovider/src/provider/Provider.js":{"path":"/Users/hrmoller/workspace/serviceprovider/src/provider/Provider.js","s":{"1":1,"2":1,"3":1,"4":1,"5":1,"6":1,"7":1,"8":1,"9":1,"10":1,"11":1,"12":1,"13":1,"14":1,"15":1,"16":1,"17":1,"18":1,"19":1,"20":1,"21":1,"22":1,"23":1,"24":1,"25":1,"26":1,"27":1,"28":1,"29":1,"30":12,"31":1,"32":1,"33":1,"34":12,"35":1,"36":2,"37":1,"38":13,"39":1},"b":{"1":[12,0],"2":[12,12]},"f":{"1":12,"2":1,"3":12,"4":2,"5":13},"fnMap":{"1":{"name":"_interopRequireDefault","line":0,"loc":{"start":{"line":0,"column":0},"end":{"line":0,"column":0}},"skip":true},"2":{"name":"Provider","line":30,"loc":{"start":{"line":30,"column":15},"end":{"line":30,"column":35}}},"3":{"name":"execute","line":53,"loc":{"start":{"line":53,"column":11},"end":{"line":53,"column":42}}},"4":{"name":"availableTransforms","line":57,"loc":{"start":{"line":57,"column":11},"end":{"line":57,"column":33}}},"5":{"name":"hasTransformer","line":61,"loc":{"start":{"line":61,"column":11},"end":{"line":61,"column":32}}}},"statementMap":{"1":{"start":{"line":0,"column":0},"end":{"line":0,"column":0},"skip":true},"2":{"start":{"line":30,"column":24},"end":{"line":null,"column":null}},"3":{"start":{"line":8,"column":0},"end":{"line":null,"column":null}},"4":{"start":{"line":0,"column":0},"end":{"line":0,"column":0},"skip":true},"5":{"start":{"line":9,"column":0},"end":{"line":null,"column":null}},"6":{"start":{"line":0,"column":0},"end":{"line":0,"column":0},"skip":true},"7":{"start":{"line":10,"column":0},"end":{"line":null,"column":null}},"8":{"start":{"line":0,"column":0},"end":{"line":0,"column":0},"skip":true},"9":{"start":{"line":11,"column":0},"end":{"line":null,"column":null}},"10":{"start":{"line":0,"column":0},"end":{"line":0,"column":0},"skip":true},"11":{"start":{"line":12,"column":0},"end":{"line":null,"column":null}},"12":{"start":{"line":0,"column":0},"end":{"line":0,"column":0},"skip":true},"13":{"start":{"line":13,"column":0},"end":{"line":null,"column":null}},"14":{"start":{"line":0,"column":0},"end":{"line":0,"column":0},"skip":true},"15":{"start":{"line":14,"column":0},"end":{"line":null,"column":null}},"16":{"start":{"line":0,"column":0},"end":{"line":0,"column":0},"skip":true},"17":{"start":{"line":15,"column":0},"end":{"line":null,"column":null}},"18":{"start":{"line":0,"column":0},"end":{"line":0,"column":0},"skip":true},"19":{"start":{"line":16,"column":0},"end":{"line":null,"column":null}},"20":{"start":{"line":0,"column":0},"end":{"line":0,"column":0},"skip":true},"21":{"start":{"line":17,"column":0},"end":{"line":null,"column":null}},"22":{"start":{"line":18,"column":0},"end":{"line":null,"column":null}},"23":{"start":{"line":0,"column":0},"end":{"line":0,"column":0},"skip":true},"24":{"start":{"line":19,"column":0},"end":{"line":null,"column":null}},"25":{"start":{"line":20,"column":0},"end":{"line":null,"column":null}},"26":{"start":{"line":0,"column":0},"end":{"line":0,"column":0},"skip":true},"27":{"start":{"line":21,"column":0},"end":{"line":null,"column":null}},"28":{"start":{"line":0,"column":0},"end":{"line":0,"column":0},"skip":true},"29":{"start":{"line":0,"column":0},"end":{"line":0,"column":0},"skip":true},"30":{"start":{"line":0,"column":0},"end":{"line":0,"column":0},"skip":true},"31":{"start":{"line":30,"column":15},"end":{"line":null,"column":null}},"32":{"start":{"line":34,"column":8},"end":{"line":null,"column":null}},"33":{"start":{"line":53,"column":11},"end":{"line":null,"column":null}},"34":{"start":{"line":54,"column":11},"end":{"line":null,"column":null}},"35":{"start":{"line":57,"column":11},"end":{"line":null,"column":null}},"36":{"start":{"line":58,"column":11},"end":{"line":null,"column":null}},"37":{"start":{"line":61,"column":11},"end":{"line":null,"column":null}},"38":{"start":{"line":62,"column":11},"end":{"line":null,"column":null}},"39":{"start":{"line":65,"column":9},"end":{"line":null,"column":null}}},"branchMap":{"1":{"line":0,"type":"cond-expr","locations":[{"start":{"line":0,"column":0},"end":{"line":0,"column":0},"skip":true},{"start":{"line":0,"column":0},"end":{"line":0,"column":0},"skip":true}]},"2":{"line":0,"type":"binary-expr","locations":[{"start":{"line":0,"column":0},"end":{"line":0,"column":0},"skip":true},{"start":{"line":0,"column":0},"end":{"line":0,"column":0},"skip":true}]}}},"/Users/hrmoller/workspace/serviceprovider/src/transformers/suggest.js":{"path":"/Users/hrmoller/workspace/serviceprovider/src/transformers/suggest.js","s":{"1":1,"2":1,"3":1,"4":0,"5":0,"6":0,"7":0,"8":0,"9":0,"10":0,"11":1,"12":0,"13":0,"14":0,"15":0,"16":0,"17":0,"18":0,"19":0,"20":0,"21":0,"22":0,"23":0,"24":1,"25":0,"26":0,"27":0,"28":0,"29":0,"30":0,"31":0,"32":1,"33":0,"34":0,"35":0,"36":0,"37":0,"38":0,"39":1,"40":0,"41":0,"42":0,"43":0,"44":0,"45":0,"46":0,"47":0,"48":0,"49":0,"50":0,"51":0,"52":0,"53":1,"54":1,"55":0,"56":0,"57":0,"58":0,"59":0,"60":0,"61":0,"62":0,"63":0},"b":{"1":[0,0],"2":[0,0],"3":[0,0],"4":[0,0],"5":[0,0],"6":[0,0],"7":[0,0],"8":[0,0],"9":[0,0],"10":[0,0],"11":[0,0],"12":[0,0],"13":[0,0]},"f":{"1":0,"2":0,"3":0,"4":0,"5":0},"fnMap":{"1":{"name":"creatorSuggest","line":17,"loc":{"start":{"line":17,"column":0},"end":{"line":17,"column":41}}},"2":{"name":"librarySuggest","line":42,"loc":{"start":{"line":42,"column":0},"end":{"line":42,"column":41}}},"3":{"name":"subjectSuggest","line":87,"loc":{"start":{"line":87,"column":0},"end":{"line":87,"column":41}}},"4":{"name":"mapTitleKeys","line":110,"loc":{"start":{"line":110,"column":0},"end":{"line":110,"column":27}}},"5":{"name":"titleSuggest","line":131,"loc":{"start":{"line":131,"column":0},"end":{"line":131,"column":39}}}},"statementMap":{"1":{"start":{"line":0,"column":0},"end":{"line":0,"column":0},"skip":true},"2":{"start":{"line":8,"column":0},"end":{"line":null,"column":null}},"3":{"start":{"line":17,"column":0},"end":{"line":null,"column":null}},"4":{"start":{"line":18,"column":6},"end":{"line":null,"column":null}},"5":{"start":{"line":20,"column":8},"end":{"line":null,"column":null}},"6":{"start":{"line":21,"column":6},"end":{"line":null,"column":null}},"7":{"start":{"line":22,"column":16},"end":{"line":null,"column":null}},"8":{"start":{"line":25,"column":9},"end":{"line":null,"column":null}},"9":{"start":{"line":27,"column":13},"end":{"line":null,"column":null}},"10":{"start":{"line":29,"column":17},"end":{"line":null,"column":null}},"11":{"start":{"line":42,"column":0},"end":{"line":null,"column":null}},"12":{"start":{"line":43,"column":6},"end":{"line":null,"column":null}},"13":{"start":{"line":45,"column":6},"end":{"line":null,"column":null}},"14":{"start":{"line":46,"column":6},"end":{"line":null,"column":null}},"15":{"start":{"line":47,"column":18},"end":{"line":null,"column":null}},"16":{"start":{"line":50,"column":8},"end":{"line":null,"column":null}},"17":{"start":{"line":51,"column":6},"end":{"line":null,"column":null}},"18":{"start":{"line":52,"column":16},"end":{"line":null,"column":null}},"19":{"start":{"line":55,"column":9},"end":{"line":null,"column":null}},"20":{"start":{"line":57,"column":13},"end":{"line":null,"column":null}},"21":{"start":{"line":59,"column":16},"end":{"line":null,"column":null}},"22":{"start":{"line":60,"column":14},"end":{"line":null,"column":null}},"23":{"start":{"line":62,"column":17},"end":{"line":null,"column":null}},"24":{"start":{"line":87,"column":0},"end":{"line":null,"column":null}},"25":{"start":{"line":88,"column":6},"end":{"line":null,"column":null}},"26":{"start":{"line":89,"column":8},"end":{"line":null,"column":null}},"27":{"start":{"line":91,"column":6},"end":{"line":null,"column":null}},"28":{"start":{"line":92,"column":16},"end":{"line":null,"column":null}},"29":{"start":{"line":95,"column":9},"end":{"line":null,"column":null}},"30":{"start":{"line":97,"column":13},"end":{"line":null,"column":null}},"31":{"start":{"line":99,"column":17},"end":{"line":null,"column":null}},"32":{"start":{"line":110,"column":0},"end":{"line":null,"column":null}},"33":{"start":{"line":111,"column":8},"end":{"line":null,"column":null}},"34":{"start":{"line":113,"column":6},"end":{"line":null,"column":null}},"35":{"start":{"line":114,"column":11},"end":{"line":null,"column":null}},"36":{"start":{"line":117,"column":6},"end":{"line":null,"column":null}},"37":{"start":{"line":118,"column":11},"end":{"line":null,"column":null}},"38":{"start":{"line":121,"column":9},"end":{"line":null,"column":null}},"39":{"start":{"line":131,"column":0},"end":{"line":null,"column":null}},"40":{"start":{"line":132,"column":6},"end":{"line":null,"column":null}},"41":{"start":{"line":133,"column":8},"end":{"line":null,"column":null}},"42":{"start":{"line":134,"column":8},"end":{"line":null,"column":null}},"43":{"start":{"line":136,"column":8},"end":{"line":null,"column":null}},"44":{"start":{"line":141,"column":8},"end":{"line":null,"column":null}},"45":{"start":{"line":142,"column":6},"end":{"line":null,"column":null}},"46":{"start":{"line":143,"column":16},"end":{"line":null,"column":null}},"47":{"start":{"line":146,"column":6},"end":{"line":null,"column":null}},"48":{"start":{"line":147,"column":16},"end":{"line":null,"column":null}},"49":{"start":{"line":150,"column":6},"end":{"line":null,"column":null}},"50":{"start":{"line":151,"column":9},"end":{"line":null,"column":null}},"51":{"start":{"line":153,"column":13},"end":{"line":null,"column":null}},"52":{"start":{"line":155,"column":17},"end":{"line":null,"column":null}},"53":{"start":{"line":162,"column":0},"end":{"line":null,"column":null}},"54":{"start":{"line":179,"column":15},"end":{"line":null,"column":null}},"55":{"start":{"line":180,"column":6},"end":{"line":null,"column":null}},"56":{"start":{"line":181,"column":11},"end":{"line":null,"column":null}},"57":{"start":{"line":184,"column":6},"end":{"line":null,"column":null}},"58":{"start":{"line":185,"column":11},"end":{"line":null,"column":null}},"59":{"start":{"line":186,"column":13},"end":{"line":null,"column":null}},"60":{"start":{"line":193,"column":6},"end":{"line":null,"column":null}},"61":{"start":{"line":194,"column":11},"end":{"line":null,"column":null}},"62":{"start":{"line":197,"column":9},"end":{"line":null,"column":null}},"63":{"start":{"line":198,"column":11},"end":{"line":null,"column":null}}},"branchMap":{"1":{"line":21,"type":"if","locations":[{"start":{"line":21,"column":6},"end":{"line":21,"column":6}},{"start":{"line":21,"column":6},"end":{"line":21,"column":6}}]},"2":{"line":46,"type":"if","locations":[{"start":{"line":46,"column":6},"end":{"line":46,"column":6}},{"start":{"line":46,"column":6},"end":{"line":46,"column":6}}]},"3":{"line":51,"type":"if","locations":[{"start":{"line":51,"column":6},"end":{"line":51,"column":6}},{"start":{"line":51,"column":6},"end":{"line":51,"column":6}}]},"4":{"line":60,"type":"binary-expr","locations":[{"start":{"line":60,"column":28},"end":{"line":60,"column":28}},{"start":{"line":60,"column":47},"end":{"line":60,"column":10}}]},"5":{"line":68,"type":"binary-expr","locations":[{"start":{"line":68,"column":25},"end":{"line":68,"column":25}},{"start":{"line":68,"column":44},"end":{"line":62,"column":17}}]},"6":{"line":91,"type":"if","locations":[{"start":{"line":91,"column":6},"end":{"line":91,"column":6}},{"start":{"line":91,"column":6},"end":{"line":91,"column":6}}]},"7":{"line":113,"type":"if","locations":[{"start":{"line":113,"column":6},"end":{"line":113,"column":6}},{"start":{"line":113,"column":6},"end":{"line":113,"column":6}}]},"8":{"line":117,"type":"if","locations":[{"start":{"line":117,"column":6},"end":{"line":117,"column":6}},{"start":{"line":117,"column":6},"end":{"line":117,"column":6}}]},"9":{"line":142,"type":"if","locations":[{"start":{"line":142,"column":6},"end":{"line":142,"column":6}},{"start":{"line":142,"column":6},"end":{"line":142,"column":6}}]},"10":{"line":146,"type":"if","locations":[{"start":{"line":146,"column":6},"end":{"line":146,"column":6}},{"start":{"line":146,"column":6},"end":{"line":146,"column":6}}]},"11":{"line":180,"type":"if","locations":[{"start":{"line":180,"column":6},"end":{"line":180,"column":6}},{"start":{"line":180,"column":6},"end":{"line":180,"column":6}}]},"12":{"line":184,"type":"if","locations":[{"start":{"line":184,"column":6},"end":{"line":184,"column":6}},{"start":{"line":184,"column":6},"end":{"line":184,"column":6}}]},"13":{"line":193,"type":"if","locations":[{"start":{"line":193,"column":6},"end":{"line":193,"column":6}},{"start":{"line":193,"column":6},"end":{"line":193,"column":6}}]}}},"/Users/hrmoller/workspace/serviceprovider/src/utils.js":{"path":"/Users/hrmoller/workspace/serviceprovider/src/utils.js","s":{"1":1,"2":1,"3":1,"4":1,"5":1,"6":1,"7":1,"8":1,"9":1,"10":1,"11":1,"12":1,"13":1,"14":2,"15":1,"16":0,"17":0,"18":1,"19":0,"20":0,"21":0,"22":0,"23":1,"24":1116,"25":1,"26":2232,"27":2232,"28":1,"29":1116,"30":1116,"31":1116,"32":1116,"33":0,"34":0,"35":0,"36":0,"37":0,"38":1,"39":0,"40":0,"41":0,"42":0,"43":0,"44":0,"45":1,"46":18,"47":0,"48":0,"49":549,"50":549,"51":1,"52":0,"53":0,"54":0,"55":0,"56":0},"b":{"1":[0,2],"2":[2,2],"3":[1116,0],"4":[1116,0],"5":[0,0],"6":[0,0],"7":[0,0]},"f":{"1":2,"2":0,"3":0,"4":1116,"5":2232,"6":1116,"7":0,"8":0,"9":0},"fnMap":{"1":{"name":"_interopRequireDefault","line":0,"loc":{"start":{"line":0,"column":0},"end":{"line":0,"column":0}},"skip":true},"2":{"name":"die","line":11,"loc":{"start":{"line":11,"column":7},"end":{"line":11,"column":25}}},"3":{"name":"functionName","line":19,"loc":{"start":{"line":19,"column":7},"end":{"line":19,"column":34}}},"4":{"name":"getCurrentLogLevel","line":31,"loc":{"start":{"line":31,"column":0},"end":{"line":31,"column":30}}},"5":{"name":"getNumericalLogLevel","line":42,"loc":{"start":{"line":42,"column":0},"end":{"line":42,"column":40}}},"6":{"name":"doLog","line":63,"loc":{"start":{"line":63,"column":0},"end":{"line":63,"column":33}}},"7":{"name":"isDir","line":93,"loc":{"start":{"line":93,"column":7},"end":{"line":93,"column":28}}},"8":{"name":"timingDecorator","line":120,"loc":{"start":{"line":120,"column":7},"end":{"line":120,"column":35}}},"9":{"name":"(anonymous_9)","line":121,"loc":{"start":{"line":121,"column":9},"end":{"line":121,"column":20}}}},"statementMap":{"1":{"start":{"line":0,"column":0},"end":{"line":0,"column":0},"skip":true},"2":{"start":{"line":0,"column":0},"end":{"line":0,"column":0},"skip":true},"3":{"start":{"line":11,"column":16},"end":{"line":null,"column":null}},"4":{"start":{"line":19,"column":16},"end":{"line":null,"column":null}},"5":{"start":{"line":93,"column":16},"end":{"line":null,"column":null}},"6":{"start":{"line":120,"column":16},"end":{"line":null,"column":null}},"7":{"start":{"line":3,"column":0},"end":{"line":null,"column":null}},"8":{"start":{"line":0,"column":0},"end":{"line":0,"column":0},"skip":true},"9":{"start":{"line":4,"column":0},"end":{"line":null,"column":null}},"10":{"start":{"line":5,"column":0},"end":{"line":null,"column":null}},"11":{"start":{"line":0,"column":0},"end":{"line":0,"column":0},"skip":true},"12":{"start":{"line":6,"column":0},"end":{"line":null,"column":null}},"13":{"start":{"line":0,"column":0},"end":{"line":0,"column":0},"skip":true},"14":{"start":{"line":0,"column":0},"end":{"line":0,"column":0},"skip":true},"15":{"start":{"line":11,"column":7},"end":{"line":null,"column":null}},"16":{"start":{"line":12,"column":10},"end":{"line":12,"column":34}},"17":{"start":{"line":13,"column":9},"end":{"line":null,"column":null}},"18":{"start":{"line":19,"column":7},"end":{"line":null,"column":null}},"19":{"start":{"line":20,"column":6},"end":{"line":null,"column":null}},"20":{"start":{"line":21,"column":8},"end":{"line":null,"column":null}},"21":{"start":{"line":22,"column":8},"end":{"line":null,"column":null}},"22":{"start":{"line":23,"column":9},"end":{"line":null,"column":null}},"23":{"start":{"line":31,"column":0},"end":{"line":null,"column":null}},"24":{"start":{"line":32,"column":9},"end":{"line":32,"column":42}},"25":{"start":{"line":42,"column":0},"end":{"line":null,"column":null}},"26":{"start":{"line":43,"column":6},"end":{"line":null,"column":null}},"27":{"start":{"line":53,"column":9},"end":{"line":null,"column":null}},"28":{"start":{"line":63,"column":0},"end":{"line":null,"column":null}},"29":{"start":{"line":64,"column":8},"end":{"line":null,"column":null}},"30":{"start":{"line":65,"column":8},"end":{"line":null,"column":null}},"31":{"start":{"line":66,"column":6},"end":{"line":null,"column":null}},"32":{"start":{"line":67,"column":12},"end":{"line":67,"column":12}},"33":{"start":{"line":70,"column":6},"end":{"line":null,"column":null}},"34":{"start":{"line":80,"column":6},"end":{"line":null,"column":null}},"35":{"start":{"line":81,"column":9},"end":{"line":null,"column":null}},"36":{"start":{"line":84,"column":6},"end":{"line":null,"column":null}},"37":{"start":{"line":85,"column":12},"end":{"line":85,"column":60}},"38":{"start":{"line":93,"column":7},"end":{"line":null,"column":null}},"39":{"start":{"line":94,"column":6},"end":{"line":null,"column":null}},"40":{"start":{"line":95,"column":10},"end":{"line":null,"column":null}},"41":{"start":{"line":96,"column":8},"end":{"line":null,"column":null}},"42":{"start":{"line":97,"column":13},"end":{"line":null,"column":null}},"43":{"start":{"line":101,"column":10},"end":{"line":null,"column":null}},"44":{"start":{"line":103,"column":9},"end":{"line":null,"column":null}},"45":{"start":{"line":106,"column":7},"end":{"line":null,"column":null}},"46":{"start":{"line":108,"column":23},"end":{"line":106,"column":19}},"47":{"start":{"line":109,"column":23},"end":{"line":106,"column":19}},"48":{"start":{"line":110,"column":24},"end":{"line":106,"column":19}},"49":{"start":{"line":111,"column":24},"end":{"line":106,"column":19}},"50":{"start":{"line":112,"column":24},"end":{"line":null,"column":null}},"51":{"start":{"line":120,"column":7},"end":{"line":null,"column":null}},"52":{"start":{"line":121,"column":9},"end":{"line":null,"column":null}},"53":{"start":{"line":122,"column":10},"end":{"line":null,"column":null}},"54":{"start":{"line":123,"column":10},"end":{"line":null,"column":null}},"55":{"start":{"line":124,"column":8},"end":{"line":null,"column":null}},"56":{"start":{"line":125,"column":11},"end":{"line":null,"column":null}}},"branchMap":{"1":{"line":0,"type":"cond-expr","locations":[{"start":{"line":0,"column":0},"end":{"line":0,"column":0},"skip":true},{"start":{"line":0,"column":0},"end":{"line":0,"column":0},"skip":true}]},"2":{"line":0,"type":"binary-expr","locations":[{"start":{"line":0,"column":0},"end":{"line":0,"column":0},"skip":true},{"start":{"line":0,"column":0},"end":{"line":0,"column":0},"skip":true}]},"3":{"line":32,"type":"binary-expr","locations":[{"start":{"line":32,"column":9},"end":{"line":32,"column":9}},{"start":{"line":32,"column":34},"end":{"line":32,"column":2}}]},"4":{"line":66,"type":"if","locations":[{"start":{"line":66,"column":6},"end":{"line":66,"column":6}},{"start":{"line":66,"column":6},"end":{"line":66,"column":6}}]},"5":{"line":80,"type":"if","locations":[{"start":{"line":80,"column":6},"end":{"line":80,"column":6}},{"start":{"line":80,"column":6},"end":{"line":80,"column":6}}]},"6":{"line":84,"type":"if","locations":[{"start":{"line":84,"column":6},"end":{"line":84,"column":6}},{"start":{"line":84,"column":6},"end":{"line":84,"column":6}}]},"7":{"line":96,"type":"if","locations":[{"start":{"line":96,"column":8},"end":{"line":96,"column":8}},{"start":{"line":96,"column":8},"end":{"line":96,"column":8}}]}}},"/Users/hrmoller/workspace/serviceprovider/src/transformers/facets.js":{"path":"/Users/hrmoller/workspace/serviceprovider/src/transformers/facets.js","s":{"1":1,"2":1,"3":1,"4":0,"5":0,"6":0,"7":0,"8":0,"9":1,"10":0,"11":0,"12":0,"13":0,"14":0,"15":0,"16":0,"17":0,"18":0,"19":0,"20":0,"21":0,"22":0,"23":0,"24":0,"25":0,"26":0,"27":0,"28":0},"b":{"1":[0,0,0],"2":[0,0],"3":[0,0],"4":[0,0],"5":[0,0],"6":[0,0],"7":[0,0]},"f":{"1":0},"fnMap":{"1":{"name":"generateSoap","line":5,"loc":{"start":{"line":5,"column":0},"end":{"line":5,"column":39}}}},"statementMap":{"1":{"start":{"line":0,"column":0},"end":{"line":0,"column":0},"skip":true},"2":{"start":{"line":3,"column":0},"end":{"line":null,"column":null}},"3":{"start":{"line":5,"column":0},"end":{"line":null,"column":null}},"4":{"start":{"line":6,"column":8},"end":{"line":null,"column":null}},"5":{"start":{"line":7,"column":8},"end":{"line":null,"column":null}},"6":{"start":{"line":8,"column":8},"end":{"line":null,"column":null}},"7":{"start":{"line":10,"column":10},"end":{"line":null,"column":null}},"8":{"start":{"line":23,"column":2},"end":{"line":22,"column":10}},"9":{"start":{"line":34,"column":15},"end":{"line":null,"column":null}},"10":{"start":{"line":34,"column":36},"end":{"line":null,"column":null}},"11":{"start":{"line":35,"column":6},"end":{"line":null,"column":null}},"12":{"start":{"line":36,"column":11},"end":{"line":null,"column":null}},"13":{"start":{"line":42,"column":8},"end":{"line":null,"column":null}},"14":{"start":{"line":44,"column":9},"end":{"line":null,"column":null}},"15":{"start":{"line":45,"column":8},"end":{"line":null,"column":null}},"16":{"start":{"line":46,"column":12},"end":{"line":null,"column":null}},"17":{"start":{"line":47,"column":13},"end":{"line":null,"column":null}},"18":{"start":{"line":49,"column":10},"end":{"line":null,"column":null}},"19":{"start":{"line":50,"column":15},"end":{"line":null,"column":null}},"20":{"start":{"line":56,"column":12},"end":{"line":null,"column":null}},"21":{"start":{"line":57,"column":13},"end":{"line":null,"column":null}},"22":{"start":{"line":58,"column":14},"end":{"line":null,"column":null}},"23":{"start":{"line":59,"column":12},"end":{"line":null,"column":null}},"24":{"start":{"line":60,"column":17},"end":{"line":null,"column":null}},"25":{"start":{"line":60,"column":51},"end":{"line":60,"column":45}},"26":{"start":{"line":66,"column":13},"end":{"line":null,"column":null}},"27":{"start":{"line":72,"column":10},"end":{"line":null,"column":null}},"28":{"start":{"line":76,"column":13},"end":{"line":null,"column":null}}},"branchMap":{"1":{"line":6,"type":"binary-expr","locations":[{"start":{"line":6,"column":18},"end":{"line":6,"column":50}},{"start":{"line":6,"column":50},"end":{"line":6,"column":17}},{"start":{"line":6,"column":68},"end":{"line":6,"column":2}}]},"2":{"line":19,"type":"binary-expr","locations":[{"start":{"line":19,"column":30},"end":{"line":19,"column":60}},{"start":{"line":19,"column":60},"end":{"line":19,"column":63}}]},"3":{"line":35,"type":"if","locations":[{"start":{"line":35,"column":6},"end":{"line":35,"column":6}},{"start":{"line":35,"column":6},"end":{"line":35,"column":6}}]},"4":{"line":49,"type":"if","locations":[{"start":{"line":49,"column":10},"end":{"line":49,"column":10}},{"start":{"line":49,"column":10},"end":{"line":49,"column":10}}]},"5":{"line":56,"type":"binary-expr","locations":[{"start":{"line":56,"column":22},"end":{"line":56,"column":22}},{"start":{"line":56,"column":63},"end":{"line":56,"column":6}}]},"6":{"line":56,"type":"binary-expr","locations":[{"start":{"line":56,"column":23},"end":{"line":56,"column":23}},{"start":{"line":56,"column":50},"end":{"line":56,"column":22}}]},"7":{"line":59,"type":"if","locations":[{"start":{"line":59,"column":12},"end":{"line":59,"column":12}},{"start":{"line":59,"column":12},"end":{"line":59,"column":12}}]}}},"/Users/hrmoller/workspace/serviceprovider/src/transformers/search.js":{"path":"/Users/hrmoller/workspace/serviceprovider/src/transformers/search.js","s":{"1":1,"2":1,"3":1,"4":1,"5":1,"6":1,"7":1,"8":1,"9":3,"10":3,"11":3,"12":3,"13":0,"14":0,"15":0,"16":3,"17":3,"18":0,"19":0,"20":0,"21":0,"22":0,"23":0,"24":0,"25":0,"26":0,"27":0},"b":{"1":[1,0],"2":[1,1],"3":[3,3],"4":[0,0],"5":[0,0],"6":[3,0],"7":[0,0]},"f":{"1":1},"fnMap":{"1":{"name":"_interopRequireDefault","line":0,"loc":{"start":{"line":0,"column":0},"end":{"line":0,"column":0}},"skip":true}},"statementMap":{"1":{"start":{"line":0,"column":0},"end":{"line":0,"column":0},"skip":true},"2":{"start":{"line":3,"column":0},"end":{"line":null,"column":null}},"3":{"start":{"line":0,"column":0},"end":{"line":0,"column":0},"skip":true},"4":{"start":{"line":4,"column":0},"end":{"line":null,"column":null}},"5":{"start":{"line":0,"column":0},"end":{"line":0,"column":0},"skip":true},"6":{"start":{"line":0,"column":0},"end":{"line":0,"column":0},"skip":true},"7":{"start":{"line":6,"column":0},"end":{"line":null,"column":null}},"8":{"start":{"line":8,"column":15},"end":{"line":null,"column":null}},"9":{"start":{"line":9,"column":6},"end":{"line":null,"column":null}},"10":{"start":{"line":10,"column":6},"end":{"line":null,"column":null}},"11":{"start":{"line":13,"column":6},"end":{"line":null,"column":null}},"12":{"start":{"line":14,"column":9},"end":{"line":null,"column":null}},"13":{"start":{"line":15,"column":8},"end":{"line":null,"column":null}},"14":{"start":{"line":16,"column":8},"end":{"line":null,"column":null}},"15":{"start":{"line":18,"column":17},"end":{"line":null,"column":null}},"16":{"start":{"line":22,"column":6},"end":{"line":null,"column":null}},"17":{"start":{"line":24,"column":11},"end":{"line":null,"column":null}},"18":{"start":{"line":27,"column":9},"end":{"line":null,"column":null}},"19":{"start":{"line":29,"column":8},"end":{"line":null,"column":null}},"20":{"start":{"line":30,"column":13},"end":{"line":null,"column":null}},"21":{"start":{"line":34,"column":8},"end":{"line":null,"column":null}},"22":{"start":{"line":34,"column":51},"end":{"line":34,"column":29}},"23":{"start":{"line":35,"column":11},"end":{"line":null,"column":null}},"24":{"start":{"line":37,"column":10},"end":{"line":null,"column":null}},"25":{"start":{"line":38,"column":11},"end":{"line":null,"column":null}},"26":{"start":{"line":39,"column":15},"end":{"line":null,"column":null}},"27":{"start":{"line":41,"column":13},"end":{"line":null,"column":null}}},"branchMap":{"1":{"line":0,"type":"cond-expr","locations":[{"start":{"line":0,"column":0},"end":{"line":0,"column":0},"skip":true},{"start":{"line":0,"column":0},"end":{"line":0,"column":0},"skip":true}]},"2":{"line":0,"type":"binary-expr","locations":[{"start":{"line":0,"column":0},"end":{"line":0,"column":0},"skip":true},{"start":{"line":0,"column":0},"end":{"line":0,"column":0},"skip":true}]},"3":{"line":10,"type":"binary-expr","locations":[{"start":{"line":10,"column":15},"end":{"line":10,"column":15}},{"start":{"line":10,"column":32},"end":{"line":10,"column":2}}]},"4":{"line":16,"type":"if","locations":[{"start":{"line":16,"column":8},"end":{"line":16,"column":8}},{"start":{"line":16,"column":8},"end":{"line":16,"column":8}}]},"5":{"line":16,"type":"binary-expr","locations":[{"start":{"line":16,"column":8},"end":{"line":16,"column":28}},{"start":{"line":17,"column":11},"end":{"line":16,"column":4}}]},"6":{"line":22,"type":"if","locations":[{"start":{"line":22,"column":6},"end":{"line":22,"column":6}},{"start":{"line":22,"column":6},"end":{"line":22,"column":6}}]},"7":{"line":29,"type":"if","locations":[{"start":{"line":29,"column":8},"end":{"line":29,"column":8}},{"start":{"line":29,"column":8},"end":{"line":29,"column":8}}]}}},"/Users/hrmoller/workspace/serviceprovider/src/transformers/opensearchSearch.js":{"path":"/Users/hrmoller/workspace/serviceprovider/src/transformers/opensearchSearch.js","s":{"1":1,"2":1,"3":1,"4":4,"5":0,"6":4,"7":4,"8":4,"9":4,"10":4,"11":4,"12":4,"13":4,"14":4,"15":4,"16":0,"17":4,"18":4,"19":4,"20":4,"21":30,"22":36,"23":30,"24":30,"25":30,"26":36,"27":36,"28":30,"29":4},"b":{"1":[0,4],"2":[4,4],"3":[4,4],"4":[4,3],"5":[0,4],"6":[0,4],"7":[4,1]},"f":{},"fnMap":{},"statementMap":{"1":{"start":{"line":0,"column":0},"end":{"line":0,"column":0},"skip":true},"2":{"start":{"line":3,"column":0},"end":{"line":null,"column":null}},"3":{"start":{"line":5,"column":15},"end":{"line":null,"column":null}},"4":{"start":{"line":6,"column":6},"end":{"line":null,"column":null}},"5":{"start":{"line":7,"column":11},"end":{"line":null,"column":null}},"6":{"start":{"line":10,"column":6},"end":{"line":null,"column":null}},"7":{"start":{"line":11,"column":6},"end":{"line":null,"column":null}},"8":{"start":{"line":12,"column":6},"end":{"line":null,"column":null}},"9":{"start":{"line":13,"column":6},"end":{"line":null,"column":null}},"10":{"start":{"line":14,"column":6},"end":{"line":null,"column":null}},"11":{"start":{"line":15,"column":6},"end":{"line":null,"column":null}},"12":{"start":{"line":17,"column":6},"end":{"line":null,"column":null}},"13":{"start":{"line":37,"column":9},"end":{"line":null,"column":null}},"14":{"start":{"line":38,"column":11},"end":{"line":null,"column":null}},"15":{"start":{"line":39,"column":8},"end":{"line":null,"column":null}},"16":{"start":{"line":40,"column":13},"end":{"line":null,"column":null}},"17":{"start":{"line":45,"column":11},"end":{"line":null,"column":null}},"18":{"start":{"line":47,"column":8},"end":{"line":null,"column":null}},"19":{"start":{"line":48,"column":8},"end":{"line":null,"column":null}},"20":{"start":{"line":49,"column":17},"end":{"line":null,"column":null}},"21":{"start":{"line":50,"column":10},"end":{"line":null,"column":null}},"22":{"start":{"line":50,"column":54},"end":{"line":50,"column":23}},"23":{"start":{"line":51,"column":10},"end":{"line":null,"column":null}},"24":{"start":{"line":52,"column":14},"end":{"line":null,"column":null}},"25":{"start":{"line":53,"column":10},"end":{"line":null,"column":null}},"26":{"start":{"line":55,"column":17},"end":{"line":null,"column":null}},"27":{"start":{"line":56,"column":17},"end":{"line":null,"column":null}},"28":{"start":{"line":59,"column":13},"end":{"line":null,"column":null}},"29":{"start":{"line":64,"column":11},"end":{"line":null,"column":null}}},"branchMap":{"1":{"line":6,"type":"if","locations":[{"start":{"line":6,"column":6},"end":{"line":6,"column":6}},{"start":{"line":6,"column":6},"end":{"line":6,"column":6}}]},"2":{"line":13,"type":"binary-expr","locations":[{"start":{"line":13,"column":14},"end":{"line":13,"column":14}},{"start":{"line":13,"column":29},"end":{"line":13,"column":13}}]},"3":{"line":14,"type":"binary-expr","locations":[{"start":{"line":14,"column":20},"end":{"line":14,"column":51}},{"start":{"line":14,"column":51},"end":{"line":14,"column":15}}]},"4":{"line":15,"type":"binary-expr","locations":[{"start":{"line":15,"column":14},"end":{"line":15,"column":44}},{"start":{"line":15,"column":44},"end":{"line":15,"column":2}}]},"5":{"line":26,"type":"cond-expr","locations":[{"start":{"line":26,"column":13},"end":{"line":26,"column":8}},{"start":{"line":26,"column":51},"end":{"line":26,"column":54}}]},"6":{"line":39,"type":"if","locations":[{"start":{"line":39,"column":8},"end":{"line":39,"column":8}},{"start":{"line":39,"column":8},"end":{"line":39,"column":8}}]},"7":{"line":47,"type":"binary-expr","locations":[{"start":{"line":47,"column":23},"end":{"line":47,"column":23}},{"start":{"line":47,"column":44},"end":{"line":47,"column":4}}]}}},"/Users/hrmoller/workspace/serviceprovider/src/requestTypeIdentifier.js":{"path":"/Users/hrmoller/workspace/serviceprovider/src/requestTypeIdentifier.js","s":{"1":1,"2":1,"3":1,"4":1,"5":1,"6":1,"7":1,"8":1,"9":1,"10":1,"11":1,"12":1,"13":1,"14":1,"15":1,"16":1,"17":233,"18":233,"19":233,"20":233,"21":224,"22":151,"23":224,"24":224,"25":1,"26":1,"27":1,"28":1018,"29":1018,"30":346,"31":1018,"32":1018,"33":0,"34":0,"35":0,"36":1018,"37":1,"38":1,"39":16,"40":47,"41":16,"42":0,"43":1,"44":3,"45":3,"46":16,"47":16,"48":0,"49":16,"50":16,"51":0,"52":16,"53":3,"54":16,"55":0,"56":0,"57":16,"58":3,"59":1,"60":3,"61":1,"62":66,"63":66,"64":690,"65":30,"66":660,"67":660,"68":273,"69":660,"70":969,"71":969,"72":969,"73":969,"74":0,"75":969,"76":969,"77":66},"b":{"1":[0,1],"2":[1,1],"3":[224,9],"4":[151,73],"5":[346,672],"6":[0,1018],"7":[16,31],"8":[0,16],"9":[16,16],"10":[0,16],"11":[0,16],"12":[30,660],"13":[273,387],"14":[969,273],"15":[330,639],"16":[0,969],"17":[969,819]},"f":{"1":1,"2":1,"3":1018,"4":16,"5":3,"6":16,"7":16,"8":0,"9":3,"10":66},"fnMap":{"1":{"name":"_interopRequireDefault","line":0,"loc":{"start":{"line":0,"column":0},"end":{"line":0,"column":0}},"skip":true},"2":{"name":"makeReverseContext","line":25,"loc":{"start":{"line":25,"column":7},"end":{"line":25,"column":37}}},"3":{"name":"getField","line":55,"loc":{"start":{"line":55,"column":0},"end":{"line":55,"column":33}}},"4":{"name":"isRequestType","line":84,"loc":{"start":{"line":84,"column":0},"end":{"line":84,"column":29}}},"5":{"name":"TypeID","line":102,"loc":{"start":{"line":102,"column":7},"end":{"line":102,"column":25}}},"6":{"name":"(anonymous_6)","line":122,"loc":{"start":{"line":122,"column":17},"end":{"line":122,"column":33}}},"7":{"name":"(anonymous_7)","line":145,"loc":{"start":{"line":145,"column":16},"end":{"line":145,"column":38}}},"8":{"name":"(anonymous_8)","line":147,"loc":{"start":{"line":147,"column":119},"end":{"line":147,"column":131}}},"9":{"name":"makeTypeID","line":163,"loc":{"start":{"line":163,"column":7},"end":{"line":163,"column":29}}},"10":{"name":"workToJSON","line":172,"loc":{"start":{"line":172,"column":7},"end":{"line":172,"column":45}}}},"statementMap":{"1":{"start":{"line":0,"column":0},"end":{"line":0,"column":0},"skip":true},"2":{"start":{"line":0,"column":0},"end":{"line":0,"column":0},"skip":true},"3":{"start":{"line":25,"column":16},"end":{"line":null,"column":null}},"4":{"start":{"line":102,"column":16},"end":{"line":null,"column":null}},"5":{"start":{"line":163,"column":16},"end":{"line":null,"column":null}},"6":{"start":{"line":172,"column":16},"end":{"line":null,"column":null}},"7":{"start":{"line":17,"column":0},"end":{"line":null,"column":null}},"8":{"start":{"line":0,"column":0},"end":{"line":0,"column":0},"skip":true},"9":{"start":{"line":18,"column":0},"end":{"line":null,"column":null}},"10":{"start":{"line":0,"column":0},"end":{"line":0,"column":0},"skip":true},"11":{"start":{"line":0,"column":0},"end":{"line":0,"column":0},"skip":true},"12":{"start":{"line":20,"column":0},"end":{"line":null,"column":null}},"13":{"start":{"line":25,"column":7},"end":{"line":null,"column":null}},"14":{"start":{"line":26,"column":8},"end":{"line":null,"column":null}},"15":{"start":{"line":27,"column":8},"end":{"line":null,"column":null}},"16":{"start":{"line":29,"column":7},"end":{"line":null,"column":null}},"17":{"start":{"line":30,"column":10},"end":{"line":null,"column":null}},"18":{"start":{"line":31,"column":8},"end":{"line":null,"column":null}},"19":{"start":{"line":32,"column":10},"end":{"line":null,"column":null}},"20":{"start":{"line":33,"column":8},"end":{"line":null,"column":null}},"21":{"start":{"line":34,"column":10},"end":{"line":null,"column":null}},"22":{"start":{"line":35,"column":14},"end":{"line":null,"column":null}},"23":{"start":{"line":37,"column":11},"end":{"line":null,"column":null}},"24":{"start":{"line":38,"column":13},"end":{"line":null,"column":null}},"25":{"start":{"line":42,"column":9},"end":{"line":null,"column":null}},"26":{"start":{"line":45,"column":0},"end":{"line":null,"column":null}},"27":{"start":{"line":55,"column":0},"end":{"line":null,"column":null}},"28":{"start":{"line":56,"column":6},"end":{"line":null,"column":null}},"29":{"start":{"line":57,"column":6},"end":{"line":null,"column":null}},"30":{"start":{"line":58,"column":14},"end":{"line":null,"column":null}},"31":{"start":{"line":60,"column":6},"end":{"line":null,"column":null}},"32":{"start":{"line":61,"column":6},"end":{"line":null,"column":null}},"33":{"start":{"line":62,"column":8},"end":{"line":null,"column":null}},"34":{"start":{"line":63,"column":14},"end":{"line":null,"column":null}},"35":{"start":{"line":64,"column":15},"end":{"line":null,"column":null}},"36":{"start":{"line":67,"column":9},"end":{"line":null,"column":null}},"37":{"start":{"line":73,"column":7},"end":{"line":null,"column":null}},"38":{"start":{"line":84,"column":0},"end":{"line":null,"column":null}},"39":{"start":{"line":85,"column":7},"end":{"line":null,"column":null}},"40":{"start":{"line":86,"column":8},"end":{"line":null,"column":null}},"41":{"start":{"line":87,"column":13},"end":{"line":null,"column":null}},"42":{"start":{"line":91,"column":9},"end":{"line":null,"column":null}},"43":{"start":{"line":102,"column":7},"end":{"line":null,"column":null}},"44":{"start":{"line":103,"column":7},"end":{"line":null,"column":null}},"45":{"start":{"line":122,"column":7},"end":{"line":null,"column":null}},"46":{"start":{"line":124,"column":10},"end":{"line":null,"column":null}},"47":{"start":{"line":125,"column":8},"end":{"line":null,"column":null}},"48":{"start":{"line":126,"column":10},"end":{"line":null,"column":null}},"49":{"start":{"line":129,"column":10},"end":{"line":null,"column":null}},"50":{"start":{"line":131,"column":8},"end":{"line":null,"column":null}},"51":{"start":{"line":132,"column":10},"end":{"line":null,"column":null}},"52":{"start":{"line":134,"column":11},"end":{"line":null,"column":null}},"53":{"start":{"line":145,"column":7},"end":{"line":null,"column":null}},"54":{"start":{"line":146,"column":8},"end":{"line":null,"column":null}},"55":{"start":{"line":147,"column":10},"end":{"line":null,"column":null}},"56":{"start":{"line":148,"column":15},"end":{"line":null,"column":null}},"57":{"start":{"line":152,"column":11},"end":{"line":null,"column":null}},"58":{"start":{"line":155,"column":7},"end":{"line":null,"column":null}},"59":{"start":{"line":163,"column":7},"end":{"line":null,"column":null}},"60":{"start":{"line":164,"column":9},"end":{"line":null,"column":null}},"61":{"start":{"line":172,"column":7},"end":{"line":null,"column":null}},"62":{"start":{"line":173,"column":6},"end":{"line":null,"column":null}},"63":{"start":{"line":174,"column":7},"end":{"line":null,"column":null}},"64":{"start":{"line":175,"column":8},"end":{"line":null,"column":null}},"65":{"start":{"line":0,"column":0},"end":{"line":0,"column":0},"skip":true},"66":{"start":{"line":178,"column":8},"end":{"line":null,"column":null}},"67":{"start":{"line":179,"column":8},"end":{"line":null,"column":null}},"68":{"start":{"line":180,"column":16},"end":{"line":null,"column":null}},"69":{"start":{"line":182,"column":12},"end":{"line":null,"column":null}},"70":{"start":{"line":183,"column":12},"end":{"line":null,"column":null}},"71":{"start":{"line":184,"column":12},"end":{"line":184,"column":66}},"72":{"start":{"line":185,"column":12},"end":{"line":null,"column":null}},"73":{"start":{"line":187,"column":10},"end":{"line":null,"column":null}},"74":{"start":{"line":188,"column":12},"end":{"line":null,"column":null}},"75":{"start":{"line":191,"column":15},"end":{"line":null,"column":null}},"76":{"start":{"line":192,"column":15},"end":{"line":null,"column":null}},"77":{"start":{"line":197,"column":9},"end":{"line":null,"column":null}}},"branchMap":{"1":{"line":0,"type":"cond-expr","locations":[{"start":{"line":0,"column":0},"end":{"line":0,"column":0},"skip":true},{"start":{"line":0,"column":0},"end":{"line":0,"column":0},"skip":true}]},"2":{"line":0,"type":"binary-expr","locations":[{"start":{"line":0,"column":0},"end":{"line":0,"column":0},"skip":true},{"start":{"line":0,"column":0},"end":{"line":0,"column":0},"skip":true}]},"3":{"line":33,"type":"if","locations":[{"start":{"line":33,"column":8},"end":{"line":33,"column":8}},{"start":{"line":33,"column":8},"end":{"line":33,"column":8}}]},"4":{"line":34,"type":"if","locations":[{"start":{"line":34,"column":10},"end":{"line":34,"column":10}},{"start":{"line":34,"column":10},"end":{"line":34,"column":10}}]},"5":{"line":57,"type":"if","locations":[{"start":{"line":57,"column":6},"end":{"line":57,"column":6}},{"start":{"line":57,"column":6},"end":{"line":57,"column":6}}]},"6":{"line":61,"type":"if","locations":[{"start":{"line":61,"column":6},"end":{"line":61,"column":6}},{"start":{"line":61,"column":6},"end":{"line":61,"column":6}}]},"7":{"line":86,"type":"if","locations":[{"start":{"line":86,"column":8},"end":{"line":86,"column":8}},{"start":{"line":86,"column":8},"end":{"line":86,"column":8}}]},"8":{"line":125,"type":"if","locations":[{"start":{"line":125,"column":8},"end":{"line":125,"column":8}},{"start":{"line":125,"column":8},"end":{"line":125,"column":8}}]},"9":{"line":125,"type":"binary-expr","locations":[{"start":{"line":125,"column":8},"end":{"line":125,"column":8}},{"start":{"line":125,"column":38},"end":{"line":125,"column":4}}]},"10":{"line":131,"type":"if","locations":[{"start":{"line":131,"column":8},"end":{"line":131,"column":8}},{"start":{"line":131,"column":8},"end":{"line":131,"column":8}}]},"11":{"line":146,"type":"if","locations":[{"start":{"line":146,"column":8},"end":{"line":146,"column":8}},{"start":{"line":146,"column":8},"end":{"line":146,"column":8}}]},"12":{"line":175,"type":"if","locations":[{"start":{"line":175,"column":8},"end":{"line":175,"column":8}},{"start":{"line":175,"column":8},"end":{"line":175,"column":8}}]},"13":{"line":179,"type":"if","locations":[{"start":{"line":179,"column":8},"end":{"line":179,"column":8}},{"start":{"line":179,"column":8},"end":{"line":179,"column":8}}]},"14":{"line":183,"type":"binary-expr","locations":[{"start":{"line":183,"column":23},"end":{"line":183,"column":37}},{"start":{"line":183,"column":37},"end":{"line":183,"column":22}}]},"15":{"line":184,"type":"cond-expr","locations":[{"start":{"line":184,"column":36},"end":{"line":184,"column":19}},{"start":{"line":184,"column":55},"end":{"line":184,"column":6}}]},"16":{"line":187,"type":"if","locations":[{"start":{"line":187,"column":10},"end":{"line":187,"column":10}},{"start":{"line":187,"column":10},"end":{"line":187,"column":10}}]},"17":{"line":191,"type":"binary-expr","locations":[{"start":{"line":191,"column":27},"end":{"line":191,"column":47}},{"start":{"line":191,"column":47},"end":{"line":191,"column":8}}]}}},"/Users/hrmoller/workspace/serviceprovider/src/transformers/libraries.js":{"path":"/Users/hrmoller/workspace/serviceprovider/src/transformers/libraries.js","s":{"1":1,"2":1,"3":1,"4":1,"5":1,"6":1,"7":527,"8":527,"9":527,"10":527,"11":527,"12":527,"13":271,"14":1354,"15":778,"16":778,"17":778,"18":527,"19":1,"20":34774,"21":30227,"22":4547,"23":3425,"24":6737,"25":6737,"26":1122,"27":1122,"28":2362,"29":1240,"30":1122,"31":1,"32":1,"33":1,"34":527,"35":1,"36":1104,"37":1,"38":1,"39":1,"40":1,"41":1,"42":1104,"43":1104,"44":40807,"45":34774,"46":1104,"47":1,"48":1,"49":1104,"50":1,"51":1,"52":1,"53":1,"54":1,"55":1,"56":1,"57":1,"58":3,"59":0,"60":0,"61":3,"62":1,"63":1,"64":2,"65":1,"66":1104,"67":3,"68":1,"69":1,"70":3,"71":1,"72":1104,"73":3,"74":1,"75":3,"76":3,"77":2,"78":1,"79":3},"b":{"1":[271,256],"2":[778,576],"3":[778,369],"4":[30227,4547],"5":[3425,1122],"6":[1240,1122],"7":[2362,1240],"8":[40807,39703],"9":[0,3],"10":[1,2],"11":[1,2],"12":[2,1]},"f":{"1":527,"2":34774,"3":1,"4":1,"5":1,"6":3,"7":3},"fnMap":{"1":{"name":"getOrderParameters","line":7,"loc":{"start":{"line":7,"column":0},"end":{"line":7,"column":47}}},"2":{"name":"libraryIterator","line":44,"loc":{"start":{"line":44,"column":0},"end":{"line":44,"column":30}}},"3":{"name":"orderParameterPromiseHandler","line":62,"loc":{"start":{"line":62,"column":0},"end":{"line":62,"column":76}}},"4":{"name":"openAgencyPromiseHandler","line":76,"loc":{"start":{"line":76,"column":0},"end":{"line":76,"column":55}}},"5":{"name":"getLibraries","line":97,"loc":{"start":{"line":97,"column":0},"end":{"line":97,"column":31}}},"6":{"name":"getLibrariesTransformPromiseHandler","line":114,"loc":{"start":{"line":114,"column":0},"end":{"line":114,"column":73}}},"7":{"name":"getLibrariesTransform","line":140,"loc":{"start":{"line":140,"column":15},"end":{"line":140,"column":63}}}},"statementMap":{"1":{"start":{"line":0,"column":0},"end":{"line":0,"column":0},"skip":true},"2":{"start":{"line":140,"column":24},"end":{"line":null,"column":null}},"3":{"start":{"line":3,"column":0},"end":{"line":null,"column":null}},"4":{"start":{"line":4,"column":0},"end":{"line":null,"column":null}},"5":{"start":{"line":5,"column":0},"end":{"line":null,"column":null}},"6":{"start":{"line":7,"column":0},"end":{"line":null,"column":null}},"7":{"start":{"line":8,"column":8},"end":{"line":null,"column":null}},"8":{"start":{"line":19,"column":9},"end":{"line":null,"column":null}},"9":{"start":{"line":20,"column":10},"end":{"line":null,"column":null}},"10":{"start":{"line":21,"column":10},"end":{"line":null,"column":null}},"11":{"start":{"line":23,"column":10},"end":{"line":null,"column":null}},"12":{"start":{"line":30,"column":8},"end":{"line":null,"column":null}},"13":{"start":{"line":31,"column":11},"end":{"line":null,"column":null}},"14":{"start":{"line":32,"column":12},"end":{"line":null,"column":null}},"15":{"start":{"line":33,"column":14},"end":{"line":null,"column":null}},"16":{"start":{"line":34,"column":22},"end":{"line":null,"column":null}},"17":{"start":{"line":35,"column":17},"end":{"line":null,"column":null}},"18":{"start":{"line":40,"column":11},"end":{"line":null,"column":null}},"19":{"start":{"line":44,"column":0},"end":{"line":null,"column":null}},"20":{"start":{"line":45,"column":6},"end":{"line":null,"column":null}},"21":{"start":{"line":46,"column":11},"end":{"line":null,"column":null}},"22":{"start":{"line":48,"column":7},"end":{"line":null,"column":null}},"23":{"start":{"line":49,"column":11},"end":{"line":null,"column":null}},"24":{"start":{"line":49,"column":27},"end":{"line":49,"column":11}},"25":{"start":{"line":49,"column":43},"end":{"line":49,"column":11}},"26":{"start":{"line":52,"column":8},"end":{"line":null,"column":null}},"27":{"start":{"line":53,"column":7},"end":{"line":null,"column":null}},"28":{"start":{"line":54,"column":8},"end":{"line":null,"column":null}},"29":{"start":{"line":55,"column":10},"end":{"line":null,"column":null}},"30":{"start":{"line":59,"column":9},"end":{"line":null,"column":null}},"31":{"start":{"line":62,"column":0},"end":{"line":null,"column":null}},"32":{"start":{"line":63,"column":8},"end":{"line":null,"column":null}},"33":{"start":{"line":64,"column":7},"end":{"line":null,"column":null}},"34":{"start":{"line":65,"column":26},"end":{"line":null,"column":null}},"35":{"start":{"line":67,"column":7},"end":{"line":null,"column":null}},"36":{"start":{"line":68,"column":12},"end":{"line":null,"column":null}},"37":{"start":{"line":71,"column":10},"end":{"line":null,"column":null}},"38":{"start":{"line":72,"column":14},"end":{"line":null,"column":null}},"39":{"start":{"line":73,"column":9},"end":{"line":null,"column":null}},"40":{"start":{"line":76,"column":0},"end":{"line":null,"column":null}},"41":{"start":{"line":77,"column":8},"end":{"line":null,"column":null}},"42":{"start":{"line":78,"column":10},"end":{"line":null,"column":null}},"43":{"start":{"line":80,"column":11},"end":{"line":null,"column":null}},"44":{"start":{"line":81,"column":28},"end":{"line":80,"column":4}},"45":{"start":{"line":82,"column":23},"end":{"line":80,"column":4}},"46":{"start":{"line":84,"column":11},"end":{"line":null,"column":null}},"47":{"start":{"line":87,"column":8},"end":{"line":null,"column":null}},"48":{"start":{"line":88,"column":7},"end":{"line":null,"column":null}},"49":{"start":{"line":89,"column":13},"end":{"line":null,"column":null}},"50":{"start":{"line":92,"column":8},"end":{"line":null,"column":null}},"51":{"start":{"line":93,"column":8},"end":{"line":null,"column":null}},"52":{"start":{"line":94,"column":9},"end":{"line":null,"column":null}},"53":{"start":{"line":97,"column":0},"end":{"line":null,"column":null}},"54":{"start":{"line":98,"column":8},"end":{"line":null,"column":null}},"55":{"start":{"line":109,"column":9},"end":{"line":null,"column":null}},"56":{"start":{"line":111,"column":18},"end":{"line":109,"column":9}},"57":{"start":{"line":114,"column":0},"end":{"line":null,"column":null}},"58":{"start":{"line":115,"column":6},"end":{"line":null,"column":null}},"59":{"start":{"line":116,"column":17},"end":{"line":null,"column":null}},"60":{"start":{"line":117,"column":16},"end":{"line":null,"column":null}},"61":{"start":{"line":120,"column":6},"end":{"line":null,"column":null}},"62":{"start":{"line":121,"column":10},"end":{"line":null,"column":null}},"63":{"start":{"line":122,"column":9},"end":{"line":null,"column":null}},"64":{"start":{"line":123,"column":15},"end":{"line":null,"column":null}},"65":{"start":{"line":126,"column":16},"end":{"line":null,"column":null}},"66":{"start":{"line":126,"column":38},"end":{"line":126,"column":16}},"67":{"start":{"line":129,"column":6},"end":{"line":null,"column":null}},"68":{"start":{"line":130,"column":10},"end":{"line":null,"column":null}},"69":{"start":{"line":131,"column":9},"end":{"line":null,"column":null}},"70":{"start":{"line":132,"column":15},"end":{"line":null,"column":null}},"71":{"start":{"line":134,"column":16},"end":{"line":null,"column":null}},"72":{"start":{"line":134,"column":38},"end":{"line":134,"column":16}},"73":{"start":{"line":137,"column":9},"end":{"line":null,"column":null}},"74":{"start":{"line":140,"column":15},"end":{"line":null,"column":null}},"75":{"start":{"line":141,"column":6},"end":{"line":null,"column":null}},"76":{"start":{"line":143,"column":6},"end":{"line":null,"column":null}},"77":{"start":{"line":144,"column":14},"end":{"line":null,"column":null}},"78":{"start":{"line":147,"column":14},"end":{"line":null,"column":null}},"79":{"start":{"line":150,"column":9},"end":{"line":null,"column":null}}},"branchMap":{"1":{"line":30,"type":"if","locations":[{"start":{"line":30,"column":8},"end":{"line":30,"column":8}},{"start":{"line":30,"column":8},"end":{"line":30,"column":8}}]},"2":{"line":32,"type":"if","locations":[{"start":{"line":32,"column":12},"end":{"line":32,"column":12}},{"start":{"line":32,"column":12},"end":{"line":32,"column":12}}]},"3":{"line":34,"type":"binary-expr","locations":[{"start":{"line":34,"column":22},"end":{"line":34,"column":49}},{"start":{"line":34,"column":49},"end":{"line":34,"column":10}}]},"4":{"line":45,"type":"if","locations":[{"start":{"line":45,"column":6},"end":{"line":45,"column":6}},{"start":{"line":45,"column":6},"end":{"line":45,"column":6}}]},"5":{"line":48,"type":"if","locations":[{"start":{"line":48,"column":7},"end":{"line":48,"column":7}},{"start":{"line":48,"column":7},"end":{"line":48,"column":7}}]},"6":{"line":54,"type":"if","locations":[{"start":{"line":54,"column":8},"end":{"line":54,"column":8}},{"start":{"line":54,"column":8},"end":{"line":54,"column":8}}]},"7":{"line":54,"type":"binary-expr","locations":[{"start":{"line":54,"column":8},"end":{"line":54,"column":8}},{"start":{"line":54,"column":24},"end":{"line":54,"column":4}}]},"8":{"line":81,"type":"binary-expr","locations":[{"start":{"line":81,"column":28},"end":{"line":81,"column":28}},{"start":{"line":81,"column":50},"end":{"line":80,"column":4}}]},"9":{"line":115,"type":"if","locations":[{"start":{"line":115,"column":6},"end":{"line":115,"column":6}},{"start":{"line":115,"column":6},"end":{"line":115,"column":6}}]},"10":{"line":120,"type":"if","locations":[{"start":{"line":120,"column":6},"end":{"line":120,"column":6}},{"start":{"line":120,"column":6},"end":{"line":120,"column":6}}]},"11":{"line":129,"type":"if","locations":[{"start":{"line":129,"column":6},"end":{"line":129,"column":6}},{"start":{"line":129,"column":6},"end":{"line":129,"column":6}}]},"12":{"line":143,"type":"if","locations":[{"start":{"line":143,"column":6},"end":{"line":143,"column":6}},{"start":{"line":143,"column":6},"end":{"line":143,"column":6}}]}}},"/Users/hrmoller/workspace/serviceprovider/src/transformers/user.js":{"path":"/Users/hrmoller/workspace/serviceprovider/src/transformers/user.js","s":{"1":1,"2":1,"3":1,"4":0,"5":0,"6":0,"7":0,"8":1,"9":0,"10":0,"11":0,"12":0,"13":1,"14":0,"15":0,"16":0,"17":0,"18":0,"19":0,"20":1,"21":0,"22":0,"23":0,"24":0,"25":0,"26":0,"27":0,"28":0,"29":0,"30":0,"31":0,"32":0,"33":0,"34":0,"35":0,"36":0,"37":0,"38":0,"39":0,"40":0,"41":0,"42":0,"43":0},"b":{"1":[0,0],"2":[0,0],"3":[0,0],"4":[0,0],"5":[0,0],"6":[0,0],"7":[0,0],"8":[0,0],"9":[0,0],"10":[0,0],"11":[0,0],"12":[0,0],"13":[0,0]},"f":{"1":0,"2":0,"3":0},"fnMap":{"1":{"name":"loan","line":14,"loc":{"start":{"line":14,"column":0},"end":{"line":14,"column":24}}},"2":{"name":"debt","line":33,"loc":{"start":{"line":33,"column":0},"end":{"line":33,"column":24}}},"3":{"name":"order","line":53,"loc":{"start":{"line":53,"column":0},"end":{"line":53,"column":26}}}},"statementMap":{"1":{"start":{"line":0,"column":0},"end":{"line":0,"column":0},"skip":true},"2":{"start":{"line":7,"column":0},"end":{"line":null,"column":null}},"3":{"start":{"line":14,"column":0},"end":{"line":null,"column":null}},"4":{"start":{"line":16,"column":8},"end":{"line":null,"column":null}},"5":{"start":{"line":22,"column":6},"end":{"line":null,"column":null}},"6":{"start":{"line":23,"column":11},"end":{"line":null,"column":null}},"7":{"start":{"line":25,"column":9},"end":{"line":null,"column":null}},"8":{"start":{"line":33,"column":0},"end":{"line":null,"column":null}},"9":{"start":{"line":35,"column":8},"end":{"line":null,"column":null}},"10":{"start":{"line":42,"column":6},"end":{"line":null,"column":null}},"11":{"start":{"line":43,"column":11},"end":{"line":null,"column":null}},"12":{"start":{"line":45,"column":9},"end":{"line":null,"column":null}},"13":{"start":{"line":53,"column":0},"end":{"line":null,"column":null}},"14":{"start":{"line":54,"column":8},"end":{"line":null,"column":null}},"15":{"start":{"line":60,"column":8},"end":{"line":null,"column":null}},"16":{"start":{"line":62,"column":14},"end":{"line":null,"column":null}},"17":{"start":{"line":63,"column":8},"end":{"line":null,"column":null}},"18":{"start":{"line":64,"column":13},"end":{"line":null,"column":null}},"19":{"start":{"line":68,"column":9},"end":{"line":null,"column":null}},"20":{"start":{"line":80,"column":15},"end":{"line":null,"column":null}},"21":{"start":{"line":82,"column":6},"end":{"line":null,"column":null}},"22":{"start":{"line":83,"column":11},"end":{"line":null,"column":null}},"23":{"start":{"line":89,"column":8},"end":{"line":null,"column":null}},"24":{"start":{"line":100,"column":8},"end":{"line":null,"column":null}},"25":{"start":{"line":101,"column":4},"end":{"line":100,"column":20}},"26":{"start":{"line":102,"column":68},"end":{"line":101,"column":4}},"27":{"start":{"line":104,"column":9},"end":{"line":null,"column":null}},"28":{"start":{"line":104,"column":61},"end":{"line":104,"column":9}},"29":{"start":{"line":105,"column":8},"end":{"line":null,"column":null}},"30":{"start":{"line":106,"column":13},"end":{"line":null,"column":null}},"31":{"start":{"line":112,"column":8},"end":{"line":null,"column":null}},"32":{"start":{"line":113,"column":8},"end":{"line":null,"column":null}},"33":{"start":{"line":114,"column":14},"end":{"line":null,"column":null}},"34":{"start":{"line":116,"column":8},"end":{"line":null,"column":null}},"35":{"start":{"line":117,"column":8},"end":{"line":null,"column":null}},"36":{"start":{"line":118,"column":15},"end":{"line":null,"column":null}},"37":{"start":{"line":121,"column":8},"end":{"line":null,"column":null}},"38":{"start":{"line":122,"column":8},"end":{"line":null,"column":null}},"39":{"start":{"line":123,"column":14},"end":{"line":null,"column":null}},"40":{"start":{"line":126,"column":10},"end":{"line":null,"column":null}},"41":{"start":{"line":133,"column":8},"end":{"line":null,"column":null}},"42":{"start":{"line":134,"column":11},"end":{"line":null,"column":null}},"43":{"start":{"line":137,"column":11},"end":{"line":null,"column":null}}},"branchMap":{"1":{"line":22,"type":"if","locations":[{"start":{"line":22,"column":6},"end":{"line":22,"column":6}},{"start":{"line":22,"column":6},"end":{"line":22,"column":6}}]},"2":{"line":42,"type":"if","locations":[{"start":{"line":42,"column":6},"end":{"line":42,"column":6}},{"start":{"line":42,"column":6},"end":{"line":42,"column":6}}]},"3":{"line":63,"type":"if","locations":[{"start":{"line":63,"column":8},"end":{"line":63,"column":8}},{"start":{"line":63,"column":8},"end":{"line":63,"column":8}}]},"4":{"line":63,"type":"binary-expr","locations":[{"start":{"line":63,"column":8},"end":{"line":63,"column":26}},{"start":{"line":63,"column":26},"end":{"line":63,"column":4}}]},"5":{"line":82,"type":"if","locations":[{"start":{"line":82,"column":6},"end":{"line":82,"column":6}},{"start":{"line":82,"column":6},"end":{"line":82,"column":6}}]},"6":{"line":82,"type":"binary-expr","locations":[{"start":{"line":82,"column":8},"end":{"line":82,"column":34}},{"start":{"line":82,"column":34},"end":{"line":82,"column":6}}]},"7":{"line":102,"type":"cond-expr","locations":[{"start":{"line":102,"column":74},"end":{"line":102,"column":68}},{"start":{"line":102,"column":88},"end":{"line":101,"column":4}}]},"8":{"line":105,"type":"if","locations":[{"start":{"line":105,"column":8},"end":{"line":105,"column":8}},{"start":{"line":105,"column":8},"end":{"line":105,"column":8}}]},"9":{"line":113,"type":"if","locations":[{"start":{"line":113,"column":8},"end":{"line":113,"column":8}},{"start":{"line":113,"column":8},"end":{"line":113,"column":8}}]},"10":{"line":117,"type":"if","locations":[{"start":{"line":117,"column":8},"end":{"line":117,"column":8}},{"start":{"line":117,"column":8},"end":{"line":117,"column":8}}]},"11":{"line":122,"type":"if","locations":[{"start":{"line":122,"column":8},"end":{"line":122,"column":8}},{"start":{"line":122,"column":8},"end":{"line":122,"column":8}}]},"12":{"line":123,"type":"binary-expr","locations":[{"start":{"line":123,"column":14},"end":{"line":123,"column":14}},{"start":{"line":123,"column":92},"end":{"line":123,"column":6}}]},"13":{"line":133,"type":"if","locations":[{"start":{"line":133,"column":8},"end":{"line":133,"column":8}},{"start":{"line":133,"column":8},"end":{"line":133,"column":8}}]}}},"/Users/hrmoller/workspace/serviceprovider/src/transformers/renew.js":{"path":"/Users/hrmoller/workspace/serviceprovider/src/transformers/renew.js","s":{"1":1,"2":1,"3":0,"4":1,"5":0,"6":0,"7":0,"8":0,"9":0,"10":0,"11":0,"12":0,"13":0},"b":{"1":[0,0],"2":[0,0]},"f":{"1":0},"fnMap":{"1":{"name":"constructSoap","line":13,"loc":{"start":{"line":13,"column":0},"end":{"line":13,"column":31}}}},"statementMap":{"1":{"start":{"line":0,"column":0},"end":{"line":0,"column":0},"skip":true},"2":{"start":{"line":13,"column":0},"end":{"line":null,"column":null}},"3":{"start":{"line":15,"column":10},"end":{"line":null,"column":null}},"4":{"start":{"line":43,"column":15},"end":{"line":null,"column":null}},"5":{"start":{"line":45,"column":8},"end":{"line":null,"column":null}},"6":{"start":{"line":55,"column":8},"end":{"line":null,"column":null}},"7":{"start":{"line":56,"column":9},"end":{"line":null,"column":null}},"8":{"start":{"line":58,"column":11},"end":{"line":null,"column":null}},"9":{"start":{"line":60,"column":8},"end":{"line":null,"column":null}},"10":{"start":{"line":61,"column":13},"end":{"line":null,"column":null}},"11":{"start":{"line":66,"column":8},"end":{"line":null,"column":null}},"12":{"start":{"line":67,"column":13},"end":{"line":null,"column":null}},"13":{"start":{"line":72,"column":11},"end":{"line":null,"column":null}}},"branchMap":{"1":{"line":60,"type":"if","locations":[{"start":{"line":60,"column":8},"end":{"line":60,"column":8}},{"start":{"line":60,"column":8},"end":{"line":60,"column":8}}]},"2":{"line":66,"type":"if","locations":[{"start":{"line":66,"column":8},"end":{"line":66,"column":8}},{"start":{"line":66,"column":8},"end":{"line":66,"column":8}}]}}},"/Users/hrmoller/workspace/serviceprovider/src/transformers/order.js":{"path":"/Users/hrmoller/workspace/serviceprovider/src/transformers/order.js","s":{"1":1,"2":1,"3":1,"4":1,"5":1,"6":1,"7":1,"8":1,"9":2,"10":1,"11":0,"12":0,"13":0,"14":0,"15":1,"16":0,"17":0,"18":0,"19":0,"20":0,"21":0,"22":0,"23":0},"b":{"1":[2,0],"2":[2,2],"3":[0,0],"4":[0,0],"5":[0,0],"6":[0,0],"7":[0,0]},"f":{"1":2,"2":0},"fnMap":{"1":{"name":"_interopRequireDefault","line":0,"loc":{"start":{"line":0,"column":0},"end":{"line":0,"column":0}},"skip":true},"2":{"name":"validateParams","line":19,"loc":{"start":{"line":19,"column":0},"end":{"line":19,"column":32}}}},"statementMap":{"1":{"start":{"line":0,"column":0},"end":{"line":0,"column":0},"skip":true},"2":{"start":{"line":8,"column":0},"end":{"line":null,"column":null}},"3":{"start":{"line":0,"column":0},"end":{"line":0,"column":0},"skip":true},"4":{"start":{"line":9,"column":0},"end":{"line":null,"column":null}},"5":{"start":{"line":0,"column":0},"end":{"line":0,"column":0},"skip":true},"6":{"start":{"line":10,"column":0},"end":{"line":null,"column":null}},"7":{"start":{"line":11,"column":0},"end":{"line":null,"column":null}},"8":{"start":{"line":0,"column":0},"end":{"line":0,"column":0},"skip":true},"9":{"start":{"line":0,"column":0},"end":{"line":0,"column":0},"skip":true},"10":{"start":{"line":19,"column":0},"end":{"line":null,"column":null}},"11":{"start":{"line":20,"column":6},"end":{"line":null,"column":null}},"12":{"start":{"line":22,"column":24},"end":{"line":null,"column":null}},"13":{"start":{"line":25,"column":6},"end":{"line":null,"column":null}},"14":{"start":{"line":27,"column":18},"end":{"line":null,"column":null}},"15":{"start":{"line":40,"column":15},"end":{"line":null,"column":null}},"16":{"start":{"line":41,"column":6},"end":{"line":null,"column":null}},"17":{"start":{"line":42,"column":8},"end":{"line":null,"column":null}},"18":{"start":{"line":43,"column":19},"end":{"line":null,"column":null}},"19":{"start":{"line":45,"column":11},"end":{"line":null,"column":null}},"20":{"start":{"line":46,"column":13},"end":{"line":null,"column":null}},"21":{"start":{"line":53,"column":6},"end":{"line":null,"column":null}},"22":{"start":{"line":54,"column":11},"end":{"line":null,"column":null}},"23":{"start":{"line":56,"column":9},"end":{"line":null,"column":null}}},"branchMap":{"1":{"line":0,"type":"cond-expr","locations":[{"start":{"line":0,"column":0},"end":{"line":0,"column":0},"skip":true},{"start":{"line":0,"column":0},"end":{"line":0,"column":0},"skip":true}]},"2":{"line":0,"type":"binary-expr","locations":[{"start":{"line":0,"column":0},"end":{"line":0,"column":0},"skip":true},{"start":{"line":0,"column":0},"end":{"line":0,"column":0},"skip":true}]},"3":{"line":20,"type":"if","locations":[{"start":{"line":20,"column":6},"end":{"line":20,"column":6}},{"start":{"line":20,"column":6},"end":{"line":20,"column
[...]
":24,"column":6},"end":{"line":24,"column":6}},{"start":{"line":24,"column":6},"end":{"line":24,"column":6}}]}}},"/Users/hrmoller/workspace/serviceprovider/src/swaggerFromSpec.js":{"path":"/Users/hrmoller/workspace/serviceprovider/src/swaggerFromSpec.js","s":{"1":1,"2":1,"3":1,"4":1,"5":1,"6":1,"7":1,"8":1,"9":1,"10":1,"11":1,"12":1,"13":2,"14":1,"15":1},"b":{"1":[1,0],"2":[0,2],"3":[2,2]},"f":{"1":1,"2":2},"fnMap":{"1":{"name":"(anonymous_1)","line":9,"loc":{"start":{"line":9,"column":15},"end":{"line":9,"column":44}}},"2":{"name":"_interopRequireDefault","line":0,"loc":{"start":{"line":0,"column":0},"end":{"line":0,"column":0}},"skip":true}},"statementMap":{"1":{"start":{"line":0,"column":0},"end":{"line":0,"column":0},"skip":true},"2":{"start":{"line":9,"column":15},"end":{"line":null,"column":null}},"3":{"start":{"line":10,"column":8},"end":{"line":null,"column":null}},"4":{"start":{"line":11,"column":8},"end":{"line":null,"column":null}},"5":{"start":{"line":12,"column":8},"end":{"line":null,"column":null}},"6":{"start":{"line":14,"column":9},"end":{"line":null,"column":null}},"7":{"start":{"line":2,"column":0},"end":{"line":null,"column":null}},"8":{"start":{"line":0,"column":0},"end":{"line":0,"column":0},"skip":true},"9":{"start":{"line":3,"column":0},"end":{"line":null,"column":null}},"10":{"start":{"line":0,"column":0},"end":{"line":0,"column":0},"skip":true},"11":{"start":{"line":4,"column":0},"end":{"line":null,"column":null}},"12":{"start":{"line":0,"column":0},"end":{"line":0,"column":0},"skip":true},"13":{"start":{"line":0,"column":0},"end":{"line":0,"column":0},"skip":true},"14":{"start":{"line":6,"column":0},"end":{"line":null,"column":null}},"15":{"start":{"line":7,"column":0},"end":{"line":null,"column":null}}},"branchMap":{"1":{"line":23,"type":"cond-expr","locations":[{"start":{"line":23,"column":8},"end":{"line":22,"column":14}},{"start":{"line":24,"column":8},"end":{"line":14,"column":25}}]},"2":{"line":0,"type":"cond-expr","locations":[{"start":{"line":0,"column":0},"end":{"line":0,"column":0},"skip":true},{"start":{"line":0,"column":0},"end":{"line":0,"column":0},"skip":true}]},"3":{"line":0,"type":"binary-expr","locations":[{"start":{"line":0,"column":0},"end":{"line":0,"column":0},"skip":true},{"start":{"line":0,"column":0},"end":{"line":0,"column":0},"skip":true}]}}},"/Users/hrmoller/workspace/serviceprovider/src/specToPaths.js":{"path":"/Users/hrmoller/workspace/serviceprovider/src/specToPaths.js","s":{"1":1,"2":1,"3":1,"4":13,"5":1,"6":13,"7":1,"8":13,"9":13,"10":0,"11":0,"12":0,"13":0,"14":0,"15":0,"16":13,"17":1,"18":13,"19":13,"20":13,"21":13,"22":13,"23":13,"24":13,"25":13,"26":13,"27":13,"28":93,"29":93,"30":93,"31":93,"32":93,"33":93,"34":0,"35":0,"36":93,"37":13,"38":1,"39":1,"40":1,"41":1,"42":6,"43":2,"44":1,"45":13,"46":13,"47":1},"b":{"1":[13,0],"2":[13,0],"3":[0,13],"4":[0,0],"5":[0,0],"6":[13,8],"7":[0,93],"8":[2,4],"9":[13,0]},"f":{"1":13,"2":13,"3":13,"4":13,"5":1},"fnMap":{"1":{"name":"createRequest","line":12,"loc":{"start":{"line":12,"column":0},"end":{"line":12,"column":29}}},"2":{"name":"createResponse","line":31,"loc":{"start":{"line":31,"column":0},"end":{"line":31,"column":30}}},"3":{"name":"createRefFromSpec","line":57,"loc":{"start":{"line":57,"column":0},"end":{"line":57,"column":46}}},"4":{"name":"apiMethodIterator","line":79,"loc":{"start":{"line":79,"column":0},"end":{"line":79,"column":42}}},"5":{"name":"specToPaths","line":138,"loc":{"start":{"line":138,"column":7},"end":{"line":138,"column":35}}}},"statementMap":{"1":{"start":{"line":0,"column":0},"end":{"line":0,"column":0},"skip":true},"2":{"start":{"line":138,"column":16},"end":{"line":null,"column":null}},"3":{"start":{"line":12,"column":0},"end":{"line":null,"column":null}},"4":{"start":{"line":13,"column":9},"end":{"line":null,"column":null}},"5":{"start":{"line":31,"column":0},"end":{"line":null,"column":null}},"6":{"start":{"line":32,"column":9},"end":{"line":null,"column":null}},"7":{"start":{"line":57,"column":0},"end":{"line":null,"column":null}},"8":{"start":{"line":58,"column":6},"end":{"line":null,"column":null}},"9":{"start":{"line":63,"column":6},"end":{"line":null,"column":null}},"10":{"start":{"line":64,"column":8},"end":{"line":null,"column":null}},"11":{"start":{"line":65,"column":12},"end":{"line":null,"column":null}},"12":{"start":{"line":68,"column":10},"end":{"line":68,"column":48}},"13":{"start":{"line":69,"column":10},"end":{"line":null,"column":null}},"14":{"start":{"line":71,"column":8},"end":{"line":null,"column":null}},"15":{"start":{"line":72,"column":12},"end":{"line":null,"column":null}},"16":{"start":{"line":76,"column":9},"end":{"line":null,"column":null}},"17":{"start":{"line":79,"column":0},"end":{"line":null,"column":null}},"18":{"start":{"line":80,"column":8},"end":{"line":null,"column":null}},"19":{"start":{"line":81,"column":8},"end":{"line":null,"column":null}},"20":{"start":{"line":82,"column":8},"end":{"line":null,"column":null}},"21":{"start":{"line":84,"column":8},"end":{"line":null,"column":null}},"22":{"start":{"line":86,"column":7},"end":{"line":null,"column":null}},"23":{"start":{"line":87,"column":7},"end":{"line":null,"column":null}},"24":{"start":{"line":88,"column":7},"end":{"line":null,"column":null}},"25":{"start":{"line":91,"column":8},"end":{"line":null,"column":null}},"26":{"start":{"line":92,"column":8},"end":{"line":null,"column":null}},"27":{"start":{"line":95,"column":8},"end":{"line":null,"column":null}},"28":{"start":{"line":96,"column":10},"end":{"line":null,"column":null}},"29":{"start":{"line":97,"column":10},"end":{"line":null,"column":null}},"30":{"start":{"line":103,"column":11},"end":{"line":null,"column":null}},"31":{"start":{"line":104,"column":11},"end":{"line":null,"column":null}},"32":{"start":{"line":105,"column":11},"end":{"line":null,"column":null}},"33":{"start":{"line":107,"column":8},"end":{"line":null,"column":null}},"34":{"start":{"line":108,"column":12},"end":{"line":null,"column":null}},"35":{"start":{"line":109,"column":12},"end":{"line":null,"column":null}},"36":{"start":{"line":112,"column":11},"end":{"line":null,"column":null}},"37":{"start":{"line":116,"column":9},"end":{"line":null,"column":null}},"38":{"start":{"line":138,"column":7},"end":{"line":null,"column":null}},"39":{"start":{"line":139,"column":8},"end":{"line":null,"column":null}},"40":{"start":{"line":140,"column":8},"end":{"line":null,"column":null}},"41":{"start":{"line":142,"column":7},"end":{"line":null,"column":null}},"42":{"start":{"line":143,"column":8},"end":{"line":null,"column":null}},"43":{"start":{"line":144,"column":13},"end":{"line":null,"column":null}},"44":{"start":{"line":148,"column":7},"end":{"line":null,"column":null}},"45":{"start":{"line":149,"column":8},"end":{"line":null,"column":null}},"46":{"start":{"line":150,"column":13},"end":{"line":null,"column":null}},"47":{"start":{"line":154,"column":9},"end":{"line":null,"column":null}}},"branchMap":{"1":{"line":20,"type":"binary-expr","locations":[{"start":{"line":20,"column":16},"end":{"line":20,"column":16}},{"start":{"line":20,"column":33},"end":{"line":18,"column":12}}]},"2":{"line":21,"type":"binary-expr","locations":[{"start":{"line":21,"column":18},"end":{"line":21,"column":18}},{"start":{"line":21,"column":37},"end":{"line":null,"column":null}}]},"3":{"line":63,"type":"if","locations":[{"start":{"line":63,"column":6},"end":{"line":63,"column":6}},{"start":{"line":63,"column":6},"end":{"line":63,"column":6}}]},"4":{"line":64,"type":"if","locations":[{"start":{"line":64,"column":8},"end":{"line":64,"column":8}},{"start":{"line":64,"column":8},"end":{"line":64,"column":8}}]},"5":{"line":71,"type":"if","locations":[{"start":{"line":71,"column":8},"end":{"line":71,"column":8}},{"start":{"line":71,"column":8},"end":{"line":71,"column":8}}]},"6":{"line":87,"type":"binary-expr","locations":[{"start":{"line":87,"column":18},"end":{"line":87,"column":18}},{"start":{"line":87,"column":35},"end":{"line":87,"column":2}}]},"7":{"line":107,"type":"if","locations":[{"start":{"line":107,"column":8},"end":{"line":107,"column":8}},{"start":{"line":107,"column":8},"end":{"line":107,"column":8}}]},"8":{"line":143,"type":"if","locations":[{"start":{"line":143,"column":8},"end":{"line":143,"column":8}},{"start":{"line":143,"column":8},"end":{"line":143,"column":8}}]},"9":{"line":149,"type":"if","locations":[{"start":{"line":149,"column":8},"end":{"line":149,"column":8}},{"start":{"line":149,"column":8},"end":{"line":149,"column":8}}]}}},"/Users/hrmoller/workspace/serviceprovider/src/validate.js":{"path":"/Users/hrmoller/workspace/serviceprovider/src/validate.js","s":{"1":1,"2":1,"3":1,"4":1,"5":1,"6":1,"7":1,"8":2,"9":1,"10":1,"11":13,"12":1,"13":1,"14":1,"15":1,"16":13,"17":13,"18":13,"19":1,"20":13,"21":13},"b":{"1":[0,2],"2":[2,2],"3":[1,12],"4":[13,0]},"f":{"1":2,"2":13},"fnMap":{"1":{"name":"_interopRequireDefault","line":0,"loc":{"start":{"line":0,"column":0},"end":{"line":0,"column":0}},"skip":true},"2":{"name":"getSchema","line":7,"loc":{"start":{"line":7,"column":0},"end":{"line":7,"column":25}}}},"statementMap":{"1":{"start":{"line":0,"column":0},"end":{"line":0,"column":0},"skip":true},"2":{"start":{"line":1,"column":0},"end":{"line":null,"column":null}},"3":{"start":{"line":2,"column":0},"end":{"line":null,"column":null}},"4":{"start":{"line":0,"column":0},"end":{"line":0,"column":0},"skip":true},"5":{"start":{"line":3,"column":0},"end":{"line":null,"column":null}},"6":{"start":{"line":0,"column":0},"end":{"line":0,"column":0},"skip":true},"7":{"start":{"line":0,"column":0},"end":{"line":0,"column":0},"skip":true},"8":{"start":{"line":0,"column":0},"end":{"line":0,"column":0},"skip":true},"9":{"start":{"line":5,"column":0},"end":{"line":null,"column":null}},"10":{"start":{"line":7,"column":0},"end":{"line":null,"column":null}},"11":{"start":{"line":8,"column":6},"end":{"line":null,"column":null}},"12":{"start":{"line":9,"column":14},"end":{"line":null,"column":null}},"13":{"start":{"line":10,"column":10},"end":{"line":null,"column":null}},"14":{"start":{"line":11,"column":10},"end":{"line":null,"column":null}},"15":{"start":{"line":13,"column":9},"end":{"line":null,"column":null}},"16":{"start":{"line":14,"column":12},"end":{"line":null,"column":null}},"17":{"start":{"line":15,"column":14},"end":{"line":null,"column":null}},"18":{"start":{"line":24,"column":9},"end":{"line":null,"column":null}},"19":{"start":{"line":27,"column":15},"end":{"line":null,"column":null}},"20":{"start":{"line":28,"column":8},"end":{"line":null,"column":null}},"21":{"start":{"line":29,"column":9},"end":{"line":null,"column":null}}},"branchMap":{"1":{"line":0,"type":"cond-expr","locations":[{"start":{"line":0,"column":0},"end":{"line":0,"column":0},"skip":true},{"start":{"line":0,"column":0},"end":{"line":0,"column":0},"skip":true}]},"2":{"line":0,"type":"binary-expr","locations":[{"start":{"line":0,"column":0},"end":{"line":0,"column":0},"skip":true},{"start":{"line":0,"column":0},"end":{"line":0,"column":0},"skip":true}]},"3":{"line":8,"type":"if","locations":[{"start":{"line":8,"column":6},"end":{"line":8,"column":6}},{"start":{"line":8,"column":6},"end":{"line":8,"column":6}}]},"4":{"line":24,"type":"binary-expr","locations":[{"start":{"line":24,"column":9},"end":{"line":24,"column":26}},{"start":{"line":24,"column":26},"end":{"line":24,"column":2}}]}}},"/Users/hrmoller/workspace/serviceprovider/features/support/world.js":{"path":"/Users/hrmoller/workspace/serviceprovider/features/support/world.js","s":{"1":1,"2":1,"3":1},"b":{},"f":{"1":17,"2":1},"fnMap":{"1":{"name":"World","line":2,"loc":{"start":{"line":2,"column":0},"end":{"line":2,"column":17}}},"2":{"name":"(anonymous_2)","line":4,"loc":{"start":{"line":4,"column":17},"end":{"line":4,"column":28}}}},"statementMap":{"1":{"start":{"line":2,"column":0},"end":{"line":null,"column":null}},"2":{"start":{"line":4,"column":0},"end":{"line":null,"column":null}},"3":{"start":{"line":5,"column":7},"end":{"line":null,"column":null}}},"branchMap":{}},"/Users/hrmoller/workspace/serviceprovider/features/step_definitions/step_definitions.js":{"path":"/Users/hrmoller/workspace/serviceprovider/features/step_definitions/step_definitions.js","s":{"1":1,"2":1,"3":1,"4":1,"5":1,"6":1,"7":2,"8":1,"9":1,"10":1,"11":1,"12":1,"13":1,"14":1,"15":1,"16":1,"17":1,"18":7,"19":7,"20":7,"21":7,"22":7,"23":1,"24":6,"25":6,"26":6,"27":6,"28":6,"29":1,"30":2,"31":2,"32":2,"33":2,"34":1,"35":2,"36":1,"37":12,"38":12,"39":12,"40":1,"41":1,"42":1,"43":1,"44":1,"45":1,"46":1,"47":9,"48":9,"49":9,"50":2,"51":9,"52":9,"53":1,"54":3,"55":1,"56":1,"57":1,"58":1,"59":1,"60":1,"61":1,"62":1,"63":1,"64":1,"65":1,"66":1},"b":{"1":[0,2],"2":[2,2],"3":[5,2],"4":[7,5],"5":[2,2]},"f":{"1":2,"2":1,"3":1,"4":7,"5":6,"6":2,"7":2,"8":12,"9":1,"10":9,"11":3,"12":1},"fnMap":{"1":{"name":"_interopRequireDefault","line":0,"loc":{"start":{"line":0,"column":0},"end":{"line":0,"column":0}},"skip":true},"2":{"name":"swaggerFileDownload","line":5,"loc":{"start":{"line":5,"column":0},"end":{"line":5,"column":34}}},"3":{"name":"apiGetRequestWithoutToken","line":13,"loc":{"start":{"line":13,"column":0},"end":{"line":13,"column":40}}},"4":{"name":"apiGetRequestWithToken","line":22,"loc":{"start":{"line":22,"column":0},"end":{"line":22,"column":52}}},"5":{"name":"apiPostRequestWithTokenAndForm","line":34,"loc":{"start":{"line":34,"column":0},"end":{"line":34,"column":66}}},"6":{"name":"apiWSRequestWithToken","line":47,"loc":{"start":{"line":47,"column":0},"end":{"line":47,"column":57}}},"7":{"name":"assertThisResultContains","line":55,"loc":{"start":{"line":55,"column":0},"end":{"line":55,"column":41}}},"8":{"name":"assertResultKeysMatch","line":59,"loc":{"start":{"line":59,"column":0},"end":{"line":59,"column":42}}},"9":{"name":"assertFileExistsAndCanBeDeleted","line":66,"loc":{"start":{"line":66,"column":0},"end":{"line":66,"column":52}}},"10":{"name":"assertThisResultMatchesFile","line":73,"loc":{"start":{"line":73,"column":0},"end":{"line":73,"column":48}}},"11":{"name":"assertStatusCodeIsOver200","line":88,"loc":{"start":{"line":88,"column":0},"end":{"line":88,"column":38}}},"12":{"name":"stepDefinitionsWrapper","line":92,"loc":{"start":{"line":92,"column":0},"end":{"line":92,"column":34}}}},"statementMap":{"1":{"start":{"line":1,"column":0},"end":{"line":null,"column":null}},"2":{"start":{"line":2,"column":0},"end":{"line":null,"column":null}},"3":{"start":{"line":0,"column":0},"end":{"line":0,"column":0},"skip":true},"4":{"start":{"line":3,"column":0},"end":{"line":null,"column":null}},"5":{"start":{"line":0,"column":0},"end":{"line":0,"column":0},"skip":true},"6":{"start":{"line":0,"column":0},"end":{"line":0,"column":0},"skip":true},"7":{"start":{"line":0,"column":0},"end":{"line":0,"column":0},"skip":true},"8":{"start":{"line":5,"column":0},"end":{"line":null,"column":null}},"9":{"start":{"line":6,"column":7},"end":{"line":null,"column":null}},"10":{"start":{"line":7,"column":11},"end":{"line":null,"column":null}},"11":{"start":{"line":8,"column":9},"end":{"line":null,"column":null}},"12":{"start":{"line":0,"column":0},"end":{"line":0,"column":0},"skip":true},"13":{"start":{"line":13,"column":0},"end":{"line":null,"column":null}},"14":{"start":{"line":14,"column":7},"end":{"line":null,"column":null}},"15":{"start":{"line":17,"column":11},"end":{"line":null,"column":null}},"16":{"start":{"line":0,"column":0},"end":{"line":0,"column":0},"skip":true},"17":{"start":{"line":22,"column":0},"end":{"line":null,"column":null}},"18":{"start":{"line":23,"column":7},"end":{"line":null,"column":null}},"19":{"start":{"line":24,"column":7},"end":{"line":null,"column":null}},"20":{"start":{"line":28,"column":13},"end":{"line":null,"column":null}},"21":{"start":{"line":29,"column":11},"end":{"line":null,"column":null}},"22":{"start":{"line":0,"column":0},"end":{"line":0,"column":0},"skip":true},"23":{"start":{"line":34,"column":0},"end":{"line":null,"column":null}},"24":{"start":{"line":35,"column":8},"end":{"line":null,"column":null}},"25":{"start":{"line":36,"column":7},"end":{"line":null,"column":null}},"26":{"start":{"line":41,"column":13},"end":{"line":null,"column":null}},"27":{"start":{"line":42,"column":11},"end":{"line":null,"column":null}},"28":{"start":{"line":0,"column":0},"end":{"line":0,"column":0},"skip":true},"29":{"start":{"line":47,"column":0},"end":{"line":null,"column":null}},"30":{"start":{"line":48,"column":8},"end":{"line":null,"column":null}},"31":{"start":{"line":49,"column":7},"end":{"line":null,"column":null}},"32":{"start":{"line":50,"column":9},"end":{"line":null,"column":null}},"33":{"start":{"line":0,"column":0},"end":{"line":0,"column":0},"skip":true},"34":{"start":{"line":55,"column":0},"end":{"line":null,"column":null}},"35":{"start":{"line":56,"column":9},"end":{"line":null,"column":null}},"36":{"start":{"line":59,"column":0},"end":{"line":null,"column":null}},"37":{"start":{"line":60,"column":8},"end":{"line":null,"column":null}},"38":{"start":{"line":61,"column":8},"end":{"line":null,"column":null}},"39":{"start":{"line":63,"column":9},"end":{"line":null,"column":null}},"40":{"start":{"line":66,"column":0},"end":{"line":null,"column":null}},"41":{"start":{"line":67,"column":8},"end":{"line":null,"column":null}},"42":{"start":{"line":69,"column":9},"end":{"line":null,"column":null}},"43":{"start":{"line":69,"column":28},"end":{"line":69,"column":2}},"44":{"start":{"line":70,"column":9},"end":{"line":null,"column":null}},"45":{"start":{"line":70,"column":28},"end":{"line":70,"column":2}},"46":{"start":{"line":73,"column":0},"end":{"line":null,"column":null}},"47":{"start":{"line":74,"column":8},"end":{"line":null,"column":null}},"48":{"start":{"line":76,"column":6},"end":{"line":null,"column":null}},"49":{"start":{"line":77,"column":7},"end":{"line":null,"column":null}},"50":{"start":{"line":81,"column":7},"end":{"line":null,"column":null}},"51":{"start":{"line":84,"column":8},"end":{"line":null,"column":null}},"52":{"start":{"line":85,"column":9},"end":{"line":null,"column":null}},"53":{"start":{"line":88,"column":0},"end":{"line":null,"column":null}},"54":{"start":{"line":89,"column":9},"end":{"line":null,"column":null}},"55":{"start":{"line":92,"column":0},"end":{"line":null,"column":null}},"56":{"start":{"line":93,"column":7},"end":{"line":null,"column":null}},"57":{"start":{"line":94,"column":7},"end":{"line":null,"column":null}},"58":{"start":{"line":95,"column":7},"end":{"line":null,"column":null}},"59":{"start":{"line":96,"column":7},"end":{"line":null,"column":null}},"60":{"start":{"line":97,"column":7},"end":{"line":null,"column":null}},"61":{"start":{"line":99,"column":7},"end":{"line":null,"column":null}},"62":{"start":{"line":100,"column":7},"end":{"line":null,"column":null}},"63":{"start":{"line":101,"column":7},"end":{"line":null,"column":null}},"64":{"start":{"line":102,"column":7},"end":{"line":null,"column":null}},"65":{"start":{"line":103,"column":7},"end":{"line":null,"column":null}},"66":{"start":{"line":106,"column":0},"end":{"line":null,"column":null}}},"branchMap":{"1":{"line":0,"type":"cond-expr","locations":[{"start":{"line":0,"column":0},"end":{"line":0,"column":0},"skip":true},{"start":{"line":0,"column":0},"end":{"line":0,"column":0},"skip":true}]},"2":{"line":0,"type":"binary-expr","locations":[{"start":{"line":0,"column":0},"end":{"line":0,"column":0},"skip":true},{"start":{"line":0,"column":0},"end":{"line":0,"column":0},"skip":true}]},"3":{"line":23,"type":"cond-expr","locations":[{"start":{"line":23,"column":45},"end":{"line":23,"column":7}},{"start":{"line":23,"column":55},"end":{"line":23,"column":2}}]},"4":{"line":23,"type":"binary-expr","locations":[{"start":{"line":23,"column":7},"end":{"line":23,"column":7}},{"start":{"line":23,"column":20},"end":{"line":23,"column":7}}]},"5":{"line":23,"type":"binary-expr","locations":[{"start":{"line":23,"column":55},"end":{"line":23,"column":61}},{"start":{"line":23,"column":61},"end":{"line":23,"column":2}}]}}}}