TN:
SF:/Users/hrmoller/workspace/serviceprovider/features/support/env.js
FN:3,(anonymous_1)
FNF:1
FNH:1
FNDA:1,(anonymous_1)
DA:3,1
DA:5,1
DA:8,1
LF:3
LH:3
BRDA:5,1,0,1
BRDA:5,1,1,1
BRF:2
BRH:2
end_of_record
TN:
SF:/Users/hrmoller/workspace/serviceprovider/features/support/hooks.js
FN:24,beforeHookHandler
FN:30,hooks
FNF:2
FNH:2
FNDA:17,beforeHookHandler
FNDA:1,hooks
DA:3,1
DA:4,0
DA:8,1
DA:9,1
DA:10,1
DA:11,1
DA:14,1
DA:15,1
DA:18,1
DA:21,1
DA:22,1
DA:24,1
DA:26,17
DA:27,17
DA:30,1
DA:31,1
DA:34,1
LF:17
LH:16
BRDA:3,1,0,0
BRDA:3,1,1,1
BRF:2
BRH:1
end_of_record
TN:
SF:/Users/hrmoller/workspace/serviceprovider/src/app.js
FN:45,validateAndExecuteTransform
FN:65,validateResponseAndStatusCode
FN:80,callApi
FN:112,enableWSTransport
FN:140,enableHTTPTransport
FN:177,enableCors
FN:192,tokenErrorHandler
FN:214,gracefulErrorHandler
FN:233,notFoundHandler
FN:242,(anonymous_11)
FNF:10
FNH:9
FNDA:13,validateAndExecuteTransform
FNDA:13,validateResponseAndStatusCode
FNDA:13,callApi
FNDA:1,enableWSTransport
FNDA:15,enableHTTPTransport
FNDA:15,enableCors
FNDA:2,tokenErrorHandler
FNDA:0,gracefulErrorHandler
FNDA:1,notFoundHandler
FNDA:1,(anonymous_11)
DA:9,1
DA:11,1
DA:14,1
DA:15,1
DA:16,1
DA:17,1
DA:18,1
DA:21,1
DA:22,1
DA:23,1
DA:24,1
DA:25,1
DA:28,1
DA:29,1
DA:32,1
DA:33,1
DA:34,1
DA:45,1
DA:46,13
DA:47,0
DA:53,13
DA:55,13
DA:56,1
DA:58,1
DA:62,12
DA:65,1
DA:66,13
DA:80,1
DA:81,13
DA:82,13
DA:83,0
DA:84,0
DA:91,13
DA:92,10
DA:95,13
DA:97,0
DA:99,0
DA:112,1
DA:113,1
DA:114,15
DA:115,2
DA:117,2
DA:120,0
DA:121,0
DA:122,0
DA:125,0
DA:130,2
DA:140,1
DA:141,15
DA:143,11
DA:147,11
DA:148,11
DA:149,7
DA:150,7
DA:151,7
DA:154,3
DA:158,11
DA:159,0
DA:162,11
DA:164,11
DA:165,11
DA:177,1
DA:178,15
DA:179,15
DA:180,15
DA:192,1
DA:193,2
DA:194,0
DA:197,2
DA:198,2
DA:199,2
DA:200,2
DA:203,0
DA:214,1
DA:215,0
DA:216,0
DA:217,0
DA:220,0
DA:221,0
DA:233,1
DA:234,1
DA:235,1
DA:239,1
DA:242,1
DA:244,1
DA:247,1
DA:248,1
DA:251,1
DA:254,1
DA:257,1
DA:258,1
DA:261,1
DA:264,1
DA:267,1
DA:270,1
DA:273,1
DA:276,1
DA:279,15
DA:281,1
DA:285,1
DA:286,1
DA:287,1
DA:289,0
DA:294,1
DA:297,1
DA:300,1
DA:302,1
DA:309,1
LF:108
LH:90
BRDA:33,3,0,1
BRDA:33,3,1,0
BRDA:46,4,0,0
BRDA:46,4,1,13
BRDA:55,5,0,1
BRDA:55,5,1,12
BRDA:66,6,0,13
BRDA:66,6,1,13
BRDA:66,6,2,13
BRDA:66,6,3,10
BRDA:66,6,4,13
BRDA:66,6,5,3
BRDA:82,7,0,0
BRDA:82,7,1,13
BRDA:91,8,0,10
BRDA:91,8,1,3
BRDA:121,9,0,0
BRDA:121,9,1,0
BRDA:143,10,0,0
BRDA:143,10,1,11
BRDA:147,11,0,11
BRDA:147,11,1,0
BRDA:154,12,0,0
BRDA:154,12,1,3
BRDA:158,13,0,0
BRDA:158,13,1,11
BRDA:164,14,0,1
BRDA:164,14,1,10
BRDA:193,15,0,0
BRDA:193,15,1,2
BRDA:197,16,0,2
BRDA:197,16,1,0
BRDA:216,17,0,0
BRDA:216,17,1,0
BRDA:261,18,0,1
BRDA:261,18,1,1
BRF:36
BRH:23
end_of_record
TN:
SF:/Users/hrmoller/workspace/serviceprovider/src/provider/Provider.js
FN:30,Provider
FN:53,execute
FN:57,availableTransforms
FN:61,hasTransformer
FNF:4
FNH:4
FNDA:53,Provider
FNDA:63,execute
FNDA:2,availableTransforms
FNDA:13,hasTransformer
DA:8,2
DA:9,2
DA:10,2
DA:11,2
DA:12,2
DA:13,2
DA:14,2
DA:15,2
DA:16,2
DA:17,2
DA:18,2
DA:19,2
DA:20,2
DA:21,2
DA:30,2
DA:34,53
DA:53,2
DA:54,63
DA:57,2
DA:58,2
DA:61,2
DA:62,13
DA:65,53
LF:23
LH:23
BRF:0
BRH:0
end_of_record
TN:
SF:/Users/hrmoller/workspace/serviceprovider/src/transformers/suggest.js
FN:17,creatorSuggest
FN:42,librarySuggest
FN:87,subjectSuggest
FN:110,mapTitleKeys
FN:131,titleSuggest
FNF:5
FNH:5
FNDA:1,creatorSuggest
FNDA:2,librarySuggest
FNDA:2,subjectSuggest
FNDA:6,mapTitleKeys
FNDA:2,titleSuggest
DA:8,2
DA:17,2
DA:18,1
DA:20,1
DA:21,1
DA:22,1
DA:25,1
DA:27,1
DA:29,3
DA:42,2
DA:43,2
DA:45,2
DA:46,2
DA:47,0
DA:50,2
DA:51,2
DA:52,2
DA:55,2
DA:57,2
DA:59,2
DA:60,2
DA:62,2
DA:87,2
DA:88,2
DA:89,2
DA:91,2
DA:92,2
DA:95,2
DA:97,2
DA:99,6
DA:110,2
DA:111,6
DA:113,6
DA:114,6
DA:117,6
DA:118,6
DA:121,6
DA:131,2
DA:132,2
DA:133,2
DA:134,2
DA:136,2
DA:141,2
DA:142,2
DA:143,2
DA:146,2
DA:147,2
DA:150,2
DA:151,2
DA:153,2
DA:155,6
DA:162,2
DA:179,2
DA:180,8
DA:181,0
DA:184,8
DA:185,1
DA:186,1
DA:193,7
DA:194,7
DA:197,7
DA:198,7
LF:62
LH:60
BRDA:21,1,0,1
BRDA:21,1,1,0
BRDA:46,2,0,0
BRDA:46,2,1,2
BRDA:51,3,0,2
BRDA:51,3,1,0
BRDA:60,4,0,2
BRDA:60,4,1,0
BRDA:68,5,0,2
BRDA:68,5,1,2
BRDA:91,6,0,2
BRDA:91,6,1,0
BRDA:113,7,0,6
BRDA:113,7,1,0
BRDA:117,8,0,6
BRDA:117,8,1,0
BRDA:142,9,0,2
BRDA:142,9,1,0
BRDA:146,10,0,2
BRDA:146,10,1,0
BRDA:180,11,0,0
BRDA:180,11,1,8
BRDA:184,12,0,1
BRDA:184,12,1,7
BRDA:193,13,0,7
BRDA:193,13,1,0
BRF:26
BRH:15
end_of_record
TN:
SF:/Users/hrmoller/workspace/serviceprovider/src/utils.js
FN:11,die
FN:19,functionName
FN:31,getCurrentLogLevel
FN:42,getNumericalLogLevel
FN:63,doLog
FN:93,isDir
FN:120,timingDecorator
FN:121,(anonymous_9)
FNF:8
FNH:3
FNDA:0,die
FNDA:0,functionName
FNDA:2431,getCurrentLogLevel
FNDA:4862,getNumericalLogLevel
FNDA:2431,doLog
FNDA:0,isDir
FNDA:0,timingDecorator
FNDA:0,(anonymous_9)
DA:3,2
DA:4,2
DA:5,2
DA:6,2
DA:11,2
DA:12,0
DA:13,0
DA:19,2
DA:20,0
DA:21,0
DA:22,0
DA:23,0
DA:31,2
DA:32,2431
DA:42,2
DA:43,4862
DA:53,4862
DA:63,2
DA:64,2431
DA:65,2431
DA:66,2431
DA:67,2431
DA:70,0
DA:80,0
DA:81,0
DA:84,0
DA:85,0
DA:93,2
DA:94,0
DA:95,0
DA:96,0
DA:97,0
DA:101,0
DA:103,0
DA:106,2
DA:108,35
DA:109,0
DA:110,0
DA:111,1206
DA:112,1190
DA:120,2
DA:121,0
DA:122,0
DA:123,0
DA:124,0
DA:125,0
LF:46
LH:22
BRDA:32,3,0,2431
BRDA:32,3,1,0
BRDA:66,4,0,2431
BRDA:66,4,1,0
BRDA:80,5,0,0
BRDA:80,5,1,0
BRDA:84,6,0,0
BRDA:84,6,1,0
BRDA:96,7,0,0
BRDA:96,7,1,0
BRF:10
BRH:2
end_of_record
TN:
SF:/Users/hrmoller/workspace/serviceprovider/src/transformers/facets.js
FN:5,generateSoap
FNF:1
FNH:1
FNDA:4,generateSoap
DA:3,2
DA:5,2
DA:6,4
DA:7,4
DA:8,4
DA:10,4
DA:23,44
DA:34,4
DA:35,4
DA:36,0
DA:42,4
DA:44,4
DA:45,4
DA:46,4
DA:47,4
DA:49,4
DA:50,0
DA:56,4
DA:57,4
DA:58,44
DA:59,44
DA:60,126
DA:66,4
DA:72,0
DA:76,0
LF:25
LH:21
BRDA:6,1,0,4
BRDA:6,1,1,2
BRDA:6,1,2,2
BRDA:19,2,0,4
BRDA:19,2,1,2
BRDA:35,3,0,0
BRDA:35,3,1,4
BRDA:49,4,0,0
BRDA:49,4,1,4
BRDA:56,5,0,4
BRDA:56,5,1,0
BRDA:56,6,0,4
BRDA:56,6,1,0
BRDA:59,7,0,35
BRDA:59,7,1,9
BRF:15
BRH:11
end_of_record
TN:
SF:/Users/hrmoller/workspace/serviceprovider/src/transformers/search.js
FNF:0
FNH:0
DA:3,2
DA:4,2
DA:6,2
DA:8,2
DA:9,9
DA:10,9
DA:13,9
DA:14,9
DA:15,18
DA:16,18
DA:18,5
DA:22,9
DA:24,5
DA:27,4
DA:29,4
DA:30,1
DA:34,16
DA:35,3
DA:37,3
DA:38,3
DA:39,16
DA:41,3
LF:22
LH:22
BRDA:10,3,0,9
BRDA:10,3,1,5
BRDA:16,4,0,5
BRDA:16,4,1,13
BRDA:16,5,0,18
BRDA:16,5,1,15
BRDA:22,6,0,5
BRDA:22,6,1,4
BRDA:29,7,0,1
BRDA:29,7,1,3
BRF:10
BRH:10
end_of_record
TN:
SF:/Users/hrmoller/workspace/serviceprovider/src/transformers/opensearchSearch.js
FNF:0
FNH:0
DA:3,2
DA:5,2
DA:6,15
DA:7,0
DA:10,15
DA:11,15
DA:12,15
DA:13,15
DA:14,15
DA:15,15
DA:17,15
DA:37,15
DA:38,15
DA:39,15
DA:40,2
DA:45,13
DA:47,13
DA:48,13
DA:49,13
DA:50,90
DA:51,59
DA:52,59
DA:53,59
DA:55,90
DA:56,90
DA:59,59
DA:64,13
LF:27
LH:26
BRDA:6,1,0,0
BRDA:6,1,1,15
BRDA:13,2,0,15
BRDA:13,2,1,13
BRDA:14,3,0,15
BRDA:14,3,1,15
BRDA:15,4,0,15
BRDA:15,4,1,7
BRDA:26,5,0,2
BRDA:26,5,1,13
BRDA:39,6,0,2
BRDA:39,6,1,13
BRDA:47,7,0,13
BRDA:47,7,1,3
BRF:14
BRH:13
end_of_record
TN:
SF:/Users/hrmoller/workspace/serviceprovider/src/requestTypeIdentifier.js
FN:25,makeReverseContext
FN:55,getField
FN:84,isRequestType
FN:102,TypeID
FN:122,(anonymous_6)
FN:145,(anonymous_7)
FN:147,(anonymous_8)
FN:163,makeTypeID
FN:172,workToJSON
FNF:9
FNH:8
FNDA:3,makeReverseContext
FNDA:2399,getField
FNDA:109,isRequestType
FNDA:6,TypeID
FNDA:127,(anonymous_6)
FNDA:109,(anonymous_7)
FNDA:0,(anonymous_8)
FNDA:6,makeTypeID
FNDA:149,workToJSON
DA:17,2
DA:18,2
DA:20,2
DA:25,2
DA:26,3
DA:27,3
DA:29,3
DA:30,699
DA:31,699
DA:32,699
DA:33,699
DA:34,672
DA:35,453
DA:37,672
DA:38,672
DA:42,3
DA:45,2
DA:55,2
DA:56,2399
DA:57,2399
DA:58,841
DA:60,2399
DA:61,2399
DA:62,0
DA:63,0
DA:64,0
DA:67,2399
DA:73,2
DA:84,2
DA:85,109
DA:86,329
DA:87,109
DA:91,0
DA:102,2
DA:103,6
DA:122,6
DA:124,127
DA:125,127
DA:126,0
DA:129,127
DA:131,127
DA:132,0
DA:134,127
DA:145,6
DA:146,109
DA:147,0
DA:148,0
DA:152,109
DA:155,6
DA:163,2
DA:164,6
DA:172,2
DA:173,149
DA:174,149
DA:175,1540
DA:178,1481
DA:179,1481
DA:180,685
DA:182,1481
DA:183,2182
DA:184,2182
DA:185,2182
DA:187,2182
DA:188,0
DA:191,2182
DA:192,2182
DA:197,149
LF:67
LH:58
BRDA:33,3,0,672
BRDA:33,3,1,27
BRDA:34,4,0,453
BRDA:34,4,1,219
BRDA:57,5,0,841
BRDA:57,5,1,1558
BRDA:61,6,0,0
BRDA:61,6,1,2399
BRDA:86,7,0,109
BRDA:86,7,1,220
BRDA:125,8,0,0
BRDA:125,8,1,127
BRDA:125,9,0,127
BRDA:125,9,1,127
BRDA:131,10,0,0
BRDA:131,10,1,127
BRDA:146,11,0,0
BRDA:146,11,1,109
BRDA:175,12,0,59
BRDA:175,12,1,1481
BRDA:179,13,0,685
BRDA:179,13,1,796
BRDA:183,14,0,2182
BRDA:183,14,1,685
BRDA:184,15,0,765
BRDA:184,15,1,1417
BRDA:187,16,0,0
BRDA:187,16,1,2182
BRDA:191,17,0,2182
BRDA:191,17,1,1854
BRF:30
BRH:25
end_of_record
TN:
SF:/Users/hrmoller/workspace/serviceprovider/src/transformers/libraries.js
FN:7,getOrderParameters
FN:44,libraryIterator
FN:62,orderParameterPromiseHandler
FN:76,openAgencyPromiseHandler
FN:97,getLibraries
FN:114,getLibrariesTransformPromiseHandler
FN:140,getLibrariesTransform
FNF:7
FNH:7
FNDA:1054,getOrderParameters
FNDA:69521,libraryIterator
FNDA:2,orderParameterPromiseHandler
FNDA:2,openAgencyPromiseHandler
FNDA:2,getLibraries
FNDA:5,getLibrariesTransformPromiseHandler
FNDA:5,getLibrariesTransform
DA:3,2
DA:4,2
DA:5,2
DA:7,2
DA:8,1054
DA:19,1054
DA:20,1054
DA:21,1054
DA:23,1054
DA:30,1054
DA:31,542
DA:32,2706
DA:33,1556
DA:34,1556
DA:35,1556
DA:40,1054
DA:44,2
DA:45,69521
DA:46,60428
DA:48,9093
DA:49,13474
DA:52,2243
DA:53,2243
DA:54,4721
DA:55,2478
DA:59,2243
DA:62,2
DA:63,2
DA:64,2
DA:65,1054
DA:67,2
DA:68,2207
DA:71,2
DA:72,2
DA:73,2
DA:76,2
DA:77,2
DA:78,2207
DA:80,2207
DA:81,81581
DA:82,69521
DA:84,2207
DA:87,2
DA:88,2
DA:89,2207
DA:92,2
DA:93,2
DA:94,2
DA:97,2
DA:98,2
DA:109,2
DA:111,2
DA:114,2
DA:115,5
DA:116,0
DA:117,0
DA:120,5
DA:121,2
DA:122,2
DA:123,3
DA:126,2207
DA:129,5
DA:130,2
DA:131,2
DA:132,6
DA:134,2207
DA:137,5
DA:140,2
DA:141,5
DA:143,5
DA:144,3
DA:147,2
DA:150,5
LF:73
LH:71
BRDA:30,1,0,542
BRDA:30,1,1,512
BRDA:32,2,0,1556
BRDA:32,2,1,1150
BRDA:34,3,0,1556
BRDA:34,3,1,739
BRDA:45,4,0,60428
BRDA:45,4,1,9093
BRDA:48,5,0,6850
BRDA:48,5,1,2243
BRDA:54,6,0,2478
BRDA:54,6,1,2243
BRDA:54,7,0,4721
BRDA:54,7,1,2478
BRDA:81,8,0,81581
BRDA:81,8,1,79374
BRDA:115,9,0,0
BRDA:115,9,1,5
BRDA:120,10,0,2
BRDA:120,10,1,3
BRDA:129,11,0,2
BRDA:129,11,1,3
BRDA:143,12,0,3
BRDA:143,12,1,2
BRF:24
BRH:23
end_of_record
TN:
SF:/Users/hrmoller/workspace/serviceprovider/src/transformers/user.js
FN:14,loan
FN:33,debt
FN:53,order
FNF:3
FNH:2
FNDA:10,loan
FNDA:0,debt
FNDA:9,order
DA:7,2
DA:14,2
DA:16,10
DA:22,10
DA:23,9
DA:25,10
DA:33,2
DA:35,0
DA:42,0
DA:43,0
DA:45,0
DA:53,2
DA:54,9
DA:60,9
DA:62,9
DA:63,54
DA:64,37
DA:68,9
DA:80,2
DA:82,3
DA:83,0
DA:89,3
DA:100,3
DA:101,3
DA:102,3
DA:104,3
DA:105,3
DA:106,1
DA:112,2
DA:113,2
DA:114,2
DA:116,2
DA:117,2
DA:118,2
DA:121,2
DA:122,2
DA:123,1
DA:126,2
DA:133,2
DA:134,1
DA:137,2
LF:41
LH:36
BRDA:22,1,0,9
BRDA:22,1,1,1
BRDA:42,2,0,0
BRDA:42,2,1,0
BRDA:63,3,0,37
BRDA:63,3,1,17
BRDA:63,4,0,54
BRDA:63,4,1,38
BRDA:82,5,0,0
BRDA:82,5,1,3
BRDA:82,6,0,3
BRDA:82,6,1,3
BRDA:102,7,0,0
BRDA:102,7,1,3
BRDA:105,8,0,1
BRDA:105,8,1,2
BRDA:113,9,0,2
BRDA:113,9,1,0
BRDA:117,10,0,2
BRDA:117,10,1,0
BRDA:122,11,0,1
BRDA:122,11,1,1
BRDA:123,12,0,1
BRDA:123,12,1,1
BRDA:133,13,0,1
BRDA:133,13,1,1
BRF:26
BRH:20
end_of_record
TN:
SF:/Users/hrmoller/workspace/serviceprovider/src/transformers/renew.js
FN:13,constructSoap
FNF:1
FNH:1
FNDA:2,constructSoap
DA:13,2
DA:15,2
DA:43,2
DA:45,2
DA:55,2
DA:56,2
DA:58,2
DA:60,2
DA:61,1
DA:66,1
DA:67,1
DA:72,0
LF:12
LH:11
BRDA:60,1,0,1
BRDA:60,1,1,1
BRDA:66,2,0,1
BRDA:66,2,1,0
BRF:4
BRH:3
end_of_record
TN:
SF:/Users/hrmoller/workspace/serviceprovider/src/transformers/order.js
FN:19,validateParams
FNF:1
FNH:1
FNDA:6,validateParams
DA:8,2
DA:9,2
DA:10,2
DA:11,2
DA:19,2
DA:20,6
DA:22,1
DA:25,6
DA:27,5
DA:40,2
DA:41,6
DA:42,6
DA:43,6
DA:45,1
DA:46,1
DA:53,5
DA:54,1
DA:56,4
LF:18
LH:18
BRDA:20,3,0,1
BRDA:20,3,1,5
BRDA:20,4,0,6
BRDA:20,4,1,1
BRDA:25,5,0,5
BRDA:25,5,1,1
BRDA:25,6,0,6
BRDA:25,6,1,1
BRDA:53,7,0,1
BRDA:53,7,1,4
BRF:10
BRH:10
end_of_record
TN:
SF:/Users/hrmoller/workspace/serviceprovider/src/transformers/cancelOrder.js
FN:16,validateParams
FN:27,constructSoap
FNF:2
FNH:2
FNDA:1,validateParams
FNDA:1,constructSoap
DA:8,2
DA:16,2
DA:17,1
DA:18,0
DA:27,2
DA:29,1
DA:50,1
DA:63,2
DA:64,1
DA:65,1
DA:66,1
DA:68,0
DA:69,0
DA:74,1
DA:75,1
DA:76,1
DA:78,1
DA:89,1
DA:91,1
DA:92,1
DA:94,1
DA:95,0
DA:97,1
DA:98,1
DA:100,0
LF:25
LH:20
BRDA:17,1,0,0
BRDA:17,1,1,1
BRDA:94,2,0,0
BRDA:94,2,1,1
BRDA:97,3,0,1
BRDA:97,3,1,0
BRF:6
BRH:3
end_of_record
TN:
SF:/Users/hrmoller/workspace/serviceprovider/src/transformers/placeOrder.js
FN:17,validateParams
FN:40,createNeedBeforeDate
FN:56,getUserParams
FN:77,constructSoap
FN:120,placeOrder
FNF:5
FNH:5
FNDA:4,validateParams
FNDA:2,createNeedBeforeDate
FNDA:2,getUserParams
FNDA:2,constructSoap
FNDA:2,placeOrder
DA:9,2
DA:17,2
DA:18,4
DA:19,0
DA:21,4
DA:22,0
DA:24,4
DA:25,1
DA:28,3
DA:29,3
DA:30,1
DA:32,2
DA:33,0
DA:40,2
DA:41,2
DA:42,2
DA:43,2
DA:44,2
DA:45,2
DA:56,2
DA:58,2
DA:60,2
DA:64,8
DA:65,8
DA:66,6
DA:69,2
DA:77,2
DA:79,2
DA:81,2
DA:95,3
DA:109,2
DA:120,2
DA:122,2
DA:123,2
DA:124,2
DA:126,2
DA:128,2
DA:129,2
DA:130,2
DA:131,2
DA:132,0
DA:134,0
DA:135,0
DA:136,0
DA:137,0
DA:141,0
DA:144,2
DA:145,0
DA:147,2
DA:160,2
DA:162,4
DA:163,4
DA:165,2
DA:166,2
DA:171,2
DA:182,2
DA:184,2
LF:57
LH:47
BRDA:18,1,0,0
BRDA:18,1,1,4
BRDA:18,2,0,4
BRDA:18,2,1,4
BRDA:21,3,0,0
BRDA:21,3,1,4
BRDA:21,4,0,4
BRDA:21,4,1,4
BRDA:24,5,0,1
BRDA:24,5,1,3
BRDA:24,6,0,4
BRDA:24,6,1,4
BRDA:29,7,0,1
BRDA:29,7,1,2
BRDA:29,8,0,3
BRDA:29,8,1,3
BRDA:32,9,0,0
BRDA:32,9,1,2
BRDA:65,10,0,6
BRDA:65,10,1,2
BRDA:123,11,0,2
BRDA:123,11,1,0
BRDA:131,12,0,0
BRDA:131,12,1,2
BRDA:134,13,0,0
BRDA:134,13,1,0
BRDA:136,14,0,0
BRDA:136,14,1,0
BRDA:144,15,0,0
BRDA:144,15,1,2
BRF:30
BRH:20
end_of_record
TN:
SF:/Users/hrmoller/workspace/serviceprovider/src/transformers/utils/order.utils.js
FN:2,validateDeleteOrder
FN:12,validateOrder
FNF:2
FNH:2
FNDA:4,validateDeleteOrder
FNDA:9,validateOrder
DA:2,2
DA:3,4
DA:4,1
DA:7,3
DA:8,1
DA:12,2
DA:13,9
DA:14,3
DA:16,6
DA:17,1
LF:10
LH:10
BRDA:3,1,0,1
BRDA:3,1,1,3
BRDA:7,2,0,1
BRDA:7,2,1,2
BRDA:13,3,0,3
BRDA:13,3,1,6
BRDA:13,4,0,9
BRDA:13,4,1,8
BRDA:16,5,0,1
BRDA:16,5,1,5
BRF:10
BRH:10
end_of_record
TN:
SF:/Users/hrmoller/workspace/serviceprovider/src/transformers/work.js
FN:13,workRequest
FN:37,workResponse
FN:88,handleCoverUrlRequests
FNF:3
FNH:3
FNDA:13,workRequest
FNDA:13,workResponse
FNDA:1,handleCoverUrlRequests
DA:3,2
DA:4,2
DA:5,2
DA:7,2
DA:13,2
DA:14,13
DA:15,13
DA:16,13
DA:17,13
DA:20,13
DA:22,13
DA:23,11
DA:29,2
DA:31,13
DA:37,2
DA:38,13
DA:43,13
DA:44,22
DA:47,22
DA:48,22
DA:50,0
DA:55,22
DA:60,13
DA:61,13
DA:68,0
DA:69,0
DA:73,22
DA:74,22
DA:77,13
DA:88,2
DA:89,1
DA:90,1
DA:91,1
DA:92,3
DA:93,3
DA:94,2
DA:103,1
DA:104,2
DA:105,2
DA:109,1
DA:112,2
DA:113,16
DA:114,3
DA:119,3
DA:122,13
DA:124,13
DA:125,13
DA:127,13
DA:129,8
DA:131,8
DA:132,8
DA:135,13
DA:137,9
DA:138,9
DA:139,9
DA:142,13
DA:143,5
DA:144,5
DA:145,5
DA:148,13
DA:150,13
DA:152,13
DA:154,24
DA:155,13
LF:64
LH:61
BRDA:15,3,0,13
BRDA:15,3,1,0
BRDA:15,4,0,13
BRDA:15,4,1,13
BRDA:22,5,0,11
BRDA:22,5,1,2
BRDA:48,6,0,0
BRDA:48,6,1,22
BRDA:55,7,0,13
BRDA:55,7,1,9
BRDA:60,8,0,13
BRDA:60,8,1,0
BRDA:60,9,0,13
BRDA:60,9,1,1
BRDA:60,9,2,1
BRDA:92,10,0,3
BRDA:92,10,1,1
BRDA:93,11,0,2
BRDA:93,11,1,1
BRDA:113,12,0,3
BRDA:113,12,1,13
BRDA:113,13,0,16
BRDA:113,13,1,15
BRDA:127,14,0,8
BRDA:127,14,1,5
BRDA:135,15,0,9
BRDA:135,15,1,4
BRDA:142,16,0,5
BRDA:142,16,1,8
BRDA:154,17,0,13
BRDA:154,17,1,2
BRDA:155,18,0,12
BRDA:155,18,1,1
BRF:33
BRH:30
end_of_record
TN:
SF:/Users/hrmoller/workspace/serviceprovider/src/transformers/opensearchGetObject.js
FN:10,getPids
FN:20,getAndValidateOpensearchContext
FN:38,getObjectFormats
FN:58,getRequestRelationData
FN:69,requestTransform
FN:98,retrieveDkabmFields
FN:100,(anonymous_8)
FN:102,(anonymous_9)
FN:129,validateAndGetDkabmRecord
FN:144,getDkabmData
FN:152,validateAndGetBriefDisplay
FN:160,getBriefDisplayData
FN:178,validateAndGetSearchResult
FN:187,validateAndGetRelations
FN:203,getRelationData
FN:221,responseTransform
FNF:16
FNH:16
FNDA:9,getPids
FNDA:9,getAndValidateOpensearchContext
FNDA:9,getObjectFormats
FNDA:9,getRequestRelationData
FNDA:9,requestTransform
FNDA:8,retrieveDkabmFields
FNDA:73,(anonymous_8)
FNDA:154,(anonymous_9)
FNDA:8,validateAndGetDkabmRecord
FNDA:8,getDkabmData
FNDA:8,validateAndGetBriefDisplay
FNDA:8,getBriefDisplayData
FNDA:9,validateAndGetSearchResult
FNDA:12,validateAndGetRelations
FNDA:12,getRelationData
FNDA:9,responseTransform
DA:3,2
DA:4,2
DA:5,2
DA:7,2
DA:8,2
DA:10,2
DA:11,9
DA:12,0
DA:14,9
DA:15,0
DA:17,9
DA:20,2
DA:21,9
DA:22,9
DA:23,0
DA:25,9
DA:26,9
DA:27,0
DA:29,9
DA:32,2
DA:38,2
DA:39,9
DA:41,9
DA:43,8
DA:45,7
DA:48,9
DA:50,12
DA:52,7
DA:55,9
DA:58,2
DA:59,9
DA:61,19
DA:63,3
DA:66,6
DA:69,2
DA:71,9
DA:72,9
DA:76,9
DA:77,9
DA:81,9
DA:90,9
DA:91,9
DA:92,3
DA:95,9
DA:98,2
DA:100,8
DA:101,73
DA:102,73
DA:103,154
DA:104,154
DA:105,129
DA:106,129
DA:107,129
DA:108,76
DA:111,154
DA:112,129
DA:116,73
DA:117,129
DA:118,129
DA:119,129
DA:120,22
DA:122,107
DA:129,2
DA:130,8
DA:131,0
DA:133,8
DA:134,8
DA:135,0
DA:137,8
DA:138,3
DA:140,5
DA:141,5
DA:144,2
DA:145,8
DA:147,8
DA:148,8
DA:149,8
DA:152,2
DA:153,8
DA:154,3
DA:156,5
DA:157,5
DA:160,2
DA:161,8
DA:163,8
DA:164,8
DA:165,45
DA:166,45
DA:167,45
DA:168,45
DA:169,45
DA:171,45
DA:173,8
DA:178,2
DA:179,9
DA:180,0
DA:182,9
DA:183,9
DA:187,2
DA:188,12
DA:190,0
DA:192,12
DA:193,12
DA:194,0
DA:196,12
DA:197,12
DA:198,1
DA:200,11
DA:203,2
DA:204,12
DA:206,12
DA:207,12
DA:208,43
DA:211,43
DA:212,43
DA:213,15
DA:215,43
DA:217,12
DA:221,2
DA:222,9
DA:223,0
DA:224,0
DA:225,0
DA:228,9
DA:229,9
DA:230,0
DA:233,9
DA:234,9
DA:235,3
DA:238,9
DA:239,19
DA:240,19
DA:241,19
DA:242,19
DA:243,19
DA:244,19
DA:247,9
DA:250,2
DA:251,9
DA:252,9
LF:140
LH:127
BRDA:11,3,0,0
BRDA:11,3,1,9
BRDA:14,4,0,0
BRDA:14,4,1,9
BRDA:22,5,0,0
BRDA:22,5,1,9
BRDA:26,6,0,0
BRDA:26,6,1,9
BRDA:41,7,0,7
BRDA:41,7,1,2
BRDA:41,8,0,9
BRDA:41,8,1,7
BRDA:48,9,0,7
BRDA:48,9,1,2
BRDA:48,10,0,9
BRDA:48,10,1,7
BRDA:59,11,0,3
BRDA:59,11,1,6
BRDA:59,12,0,9
BRDA:59,12,1,7
BRDA:76,13,0,7
BRDA:76,13,1,2
BRDA:91,14,0,3
BRDA:91,14,1,6
BRDA:104,15,0,129
BRDA:104,15,1,25
BRDA:104,16,0,154
BRDA:104,16,1,129
BRDA:107,17,0,76
BRDA:107,17,1,53
BRDA:111,18,0,129
BRDA:111,18,1,25
BRDA:118,19,0,76
BRDA:118,19,1,53
BRDA:119,20,0,22
BRDA:119,20,1,107
BRDA:130,21,0,0
BRDA:130,21,1,8
BRDA:134,22,0,0
BRDA:134,22,1,8
BRDA:137,23,0,3
BRDA:137,23,1,5
BRDA:153,24,0,3
BRDA:153,24,1,5
BRDA:157,25,0,5
BRDA:157,25,1,0
BRDA:157,26,0,5
BRDA:157,26,1,5
BRDA:168,27,0,45
BRDA:168,27,1,0
BRDA:179,28,0,0
BRDA:179,28,1,9
BRDA:183,29,0,9
BRDA:183,29,1,0
BRDA:183,30,0,9
BRDA:183,30,1,9
BRDA:188,31,0,0
BRDA:188,31,1,12
BRDA:193,32,0,0
BRDA:193,32,1,12
BRDA:193,33,0,12
BRDA:193,33,1,12
BRDA:197,34,0,1
BRDA:197,34,1,11
BRDA:208,35,0,0
BRDA:208,35,1,43
BRDA:212,36,0,15
BRDA:212,36,1,28
BRDA:222,37,0,0
BRDA:222,37,1,9
BRDA:229,38,0,0
BRDA:229,38,1,9
BRDA:234,39,0,3
BRDA:234,39,1,6
BRDA:239,40,0,8
BRDA:239,40,1,11
BRDA:240,41,0,8
BRDA:240,41,1,11
BRDA:241,42,0,12
BRDA:241,42,1,7
BRF:80
BRH:65
end_of_record
TN:
SF:/Users/hrmoller/workspace/serviceprovider/src/transformers/utils/work.utils.js
FN:19,isGetObject
FN:29,evaluateResponseCode
FN:39,checkResponseForErrorCodes
FN:58,handleMoreinfo
FN:78,handleGetObject
FN:93,handleSearch
FN:118,handleMoreInfoVersion
FN:131,getSearchPromises
FN:151,collectDataFromServices
FN:181,handleFieldsRequest
FN:217,populateEnvelopeData
FNF:11
FNH:11
FNDA:11,isGetObject
FNDA:5,evaluateResponseCode
FNDA:22,checkResponseForErrorCodes
FNDA:8,handleMoreinfo
FNDA:9,handleGetObject
FNDA:5,handleSearch
FNDA:8,handleMoreInfoVersion
FNDA:5,getSearchPromises
FNDA:22,collectDataFromServices
FNDA:11,handleFieldsRequest
FNDA:13,populateEnvelopeData
DA:3,2
DA:4,2
DA:5,2
DA:6,2
DA:7,2
DA:8,2
DA:10,2
DA:11,2
DA:13,2
DA:19,2
DA:20,11
DA:29,2
DA:30,5
DA:31,5
DA:32,6
DA:33,0
DA:36,5
DA:39,2
DA:40,22
DA:41,22
DA:42,5
DA:44,17
DA:45,0
DA:48,22
DA:58,2
DA:59,8
DA:60,22
DA:61,22
DA:62,0
DA:65,22
DA:68,8
DA:78,2
DA:79,9
DA:80,19
DA:83,9
DA:93,2
DA:94,5
DA:95,6
DA:96,6
DA:98,6
DA:99,3
DA:101,6
DA:102,3
DA:105,6
DA:108,5
DA:118,2
DA:119,8
DA:120,8
DA:121,8
DA:131,2
DA:133,5
DA:134,5
DA:135,6
DA:136,6
DA:139,5
DA:151,2
DA:152,22
DA:154,8
DA:159,9
DA:164,5
DA:168,0
DA:172,22
DA:181,2
DA:183,11
DA:187,24
DA:190,5
DA:191,5
DA:192,6
DA:198,6
DA:199,0
DA:201,6
DA:204,11
DA:206,7
DA:209,20
DA:211,8
DA:214,11
DA:217,2
DA:220,13
DA:221,13
DA:222,27
DA:225,13
LF:81
LH:76
BRDA:20,3,0,11
BRDA:20,3,1,10
BRDA:20,3,2,5
BRDA:32,4,0,0
BRDA:32,4,1,6
BRDA:41,5,0,5
BRDA:41,5,1,17
BRDA:44,6,0,0
BRDA:44,6,1,17
BRDA:44,7,0,17
BRDA:44,7,1,17
BRDA:61,8,0,0
BRDA:61,8,1,22
BRDA:96,9,0,6
BRDA:96,9,1,3
BRDA:98,10,0,3
BRDA:98,10,1,3
BRDA:101,11,0,3
BRDA:101,11,1,3
BRDA:101,12,0,6
BRDA:101,12,1,3
BRDA:121,13,0,0
BRDA:121,13,1,8
BRDA:153,14,0,8
BRDA:153,14,1,9
BRDA:153,14,2,5
BRDA:153,14,3,0
BRDA:187,15,0,5
BRDA:187,15,1,6
BRDA:198,16,0,0
BRDA:198,16,1,6
BRDA:204,17,0,7
BRDA:204,17,1,4
BRDA:209,18,0,8
BRDA:209,18,1,3
BRDA:220,19,0,12
BRDA:220,19,1,1
BRF:37
BRH:32
end_of_record
TN:
SF:/Users/hrmoller/workspace/serviceprovider/src/transformers/moreinfo-2.1.js
FN:28,pidSplitter
FN:50,id2parameter
FN:61,getPid
FN:83,errorCodeInResponse
FN:106,getIdentifierInformationList
FN:132,doIdentifierInformationContainsCoverImages
FN:152,getImageSizeAndUrl
FN:165,getCoverUrlsFromIdentifierInformation
FN:184,handleError
FN:203,moreInfoRequest
FN:223,moreInfoResponse
FNF:11
FNH:0
FNDA:0,pidSplitter
FNDA:0,id2parameter
FNDA:0,getPid
FNDA:0,errorCodeInResponse
FNDA:0,getIdentifierInformationList
FNDA:0,doIdentifierInformationContainsCoverImages
FNDA:0,getImageSizeAndUrl
FNDA:0,getCoverUrlsFromIdentifierInformation
FNDA:0,handleError
FNDA:0,moreInfoRequest
FNDA:0,moreInfoResponse
DA:20,2
DA:21,2
DA:28,2
DA:29,0
DA:30,0
DA:31,0
DA:34,0
DA:35,0
DA:36,0
DA:37,0
DA:38,0
DA:40,0
DA:41,0
DA:43,0
DA:50,2
DA:51,0
DA:61,2
DA:62,0
DA:63,0
DA:69,2
DA:83,2
DA:84,0
DA:85,0
DA:92,0
DA:93,0
DA:106,2
DA:107,0
DA:108,0
DA:116,0
DA:117,0
DA:125,0
DA:132,2
DA:133,0
DA:134,0
DA:135,0
DA:136,0
DA:137,0
DA:140,0
DA:142,0
DA:144,0
DA:152,2
DA:153,0
DA:154,0
DA:155,0
DA:156,0
DA:158,0
DA:165,2
DA:167,0
DA:168,0
DA:171,0
DA:172,0
DA:173,0
DA:175,0
DA:184,2
DA:185,0
DA:190,0
DA:191,0
DA:192,0
DA:193,0
DA:194,0
DA:203,2
DA:204,0
DA:205,0
DA:206,0
DA:208,0
DA:209,0
DA:210,0
DA:211,0
DA:212,0
DA:213,0
DA:214,0
DA:217,0
DA:223,2
DA:237,0
DA:238,0
DA:240,0
DA:242,0
DA:243,0
DA:244,0
DA:245,0
DA:248,0
DA:250,0
DA:253,0
DA:258,0
DA:262,2
DA:264,0
DA:266,0
DA:278,0
DA:280,0
DA:282,0
DA:283,0
DA:284,0
LF:92
LH:15
BRDA:30,3,0,0
BRDA:30,3,1,0
BRDA:37,4,0,0
BRDA:37,4,1,0
BRDA:84,5,0,0
BRDA:84,5,1,0
BRDA:92,6,0,0
BRDA:92,6,1,0
BRDA:107,7,0,0
BRDA:107,7,1,0
BRDA:116,8,0,0
BRDA:116,8,1,0
BRDA:134,9,0,0
BRDA:134,9,1,0
BRDA:134,10,0,0
BRDA:134,10,1,0
BRDA:134,10,2,0
BRDA:134,10,3,0
BRDA:135,11,0,0
BRDA:135,11,1,0
BRDA:135,12,0,0
BRDA:135,12,1,0
BRDA:154,13,0,0
BRDA:154,13,1,0
BRDA:154,14,0,0
BRDA:154,14,1,0
BRDA:167,15,0,0
BRDA:167,15,1,0
BRDA:244,16,0,0
BRDA:244,16,1,0
BRDA:244,17,0,0
BRDA:244,17,1,0
BRF:32
BRH:0
end_of_record
TN:
SF:/Users/hrmoller/workspace/serviceprovider/src/transformers/moreinfo.js
FN:39,doIdentifierInformationContainsCoverImages
FN:61,getImageSizeAndUrl
FN:74,getCoverUrlsFromIdentifierInformation
FN:88,containsError
FN:124,createErrorResponse
FN:128,createResponse
FNF:6
FNH:5
FNDA:22,doIdentifierInformationContainsCoverImages
FNDA:66,getImageSizeAndUrl
FNDA:22,getCoverUrlsFromIdentifierInformation
FNDA:8,containsError
FNDA:0,createErrorResponse
FNDA:8,createResponse
DA:20,2
DA:21,2
DA:26,2
DA:39,2
DA:40,22
DA:41,22
DA:45,11
DA:46,11
DA:47,11
DA:49,0
DA:51,11
DA:53,22
DA:61,2
DA:62,66
DA:63,66
DA:64,66
DA:65,66
DA:67,66
DA:74,2
DA:75,22
DA:76,11
DA:79,66
DA:80,11
DA:88,2
DA:89,8
DA:91,0
DA:92,0
DA:95,8
DA:97,8
DA:98,0
DA:99,0
DA:100,0
DA:103,8
DA:104,8
DA:105,8
DA:106,8
DA:108,0
DA:109,0
DA:113,0
DA:115,0
DA:119,0
DA:121,0
DA:124,2
DA:125,0
DA:128,2
DA:130,8
DA:131,0
DA:132,0
DA:134,8
DA:135,22
DA:138,8
DA:141,2
DA:142,8
DA:155,8
DA:156,8
DA:157,0
DA:159,8
DA:161,0
DA:162,0
DA:163,0
LF:60
LH:41
BRDA:41,3,0,11
BRDA:41,3,1,11
BRDA:41,4,0,22
BRDA:41,4,1,22
BRDA:41,4,2,22
BRDA:41,4,3,11
BRDA:45,5,0,11
BRDA:45,5,1,0
BRDA:63,6,0,66
BRDA:63,6,1,0
BRDA:63,7,0,66
BRDA:63,7,1,66
BRDA:75,8,0,11
BRDA:75,8,1,11
BRDA:89,9,0,0
BRDA:89,9,1,8
BRDA:97,10,0,0
BRDA:97,10,1,8
BRDA:98,11,0,0
BRDA:98,11,1,0
BRDA:103,12,0,8
BRDA:103,12,1,0
BRDA:105,13,0,8
BRDA:105,13,1,0
BRDA:108,14,0,0
BRDA:108,14,1,0
BRDA:130,15,0,0
BRDA:130,15,1,8
BRDA:156,16,0,0
BRDA:156,16,1,8
BRF:30
BRH:18
end_of_record
TN:
SF:/Users/hrmoller/workspace/serviceprovider/src/transformers/availability.js
FNF:0
FNH:0
DA:3,2
DA:4,2
DA:5,2
DA:6,2
DA:8,2
DA:10,3
DA:11,3
DA:12,3
DA:14,3
DA:15,3
DA:16,0
DA:17,0
DA:20,3
DA:21,3
DA:23,3
DA:24,0
DA:27,3
DA:28,0
DA:29,0
DA:32,3
LF:20
LH:15
BRDA:15,3,0,0
BRDA:15,3,1,3
BRDA:23,4,0,0
BRDA:23,4,1,3
BRDA:27,5,0,0
BRDA:27,5,1,3
BRF:6
BRH:3
end_of_record
TN:
SF:/Users/hrmoller/workspace/serviceprovider/src/transformers/openHoldingStatus.js
FNF:0
FNH:0
DA:3,2
DA:5,2
DA:6,3
DA:14,3
DA:33,3
DA:34,3
DA:35,3
DA:36,3
DA:37,1
DA:38,1
DA:40,1
DA:41,1
DA:46,3
DA:47,3
LF:14
LH:14
BRDA:36,3,0,1
BRDA:36,3,1,2
BRDA:36,4,0,3
BRDA:36,4,1,1
BRDA:37,5,0,1
BRDA:37,5,1,0
BRDA:40,6,0,1
BRDA:40,6,1,0
BRDA:46,7,0,1
BRDA:46,7,1,2
BRF:10
BRH:8
end_of_record
TN:
SF:/Users/hrmoller/workspace/serviceprovider/src/transformers/getOrderPolicy.js
FN:17,validateParams
FN:28,getOrderPolicy
FNF:2
FNH:2
FNDA:3,validateParams
FNDA:3,getOrderPolicy
DA:9,2
DA:17,2
DA:18,3
DA:19,0
DA:28,2
DA:30,3
DA:47,3
DA:48,3
DA:49,3
DA:50,3
DA:51,1
DA:53,3
DA:66,2
DA:68,3
DA:69,3
DA:71,0
DA:72,0
DA:77,3
DA:88,3
LF:19
LH:16
BRDA:18,3,0,0
BRDA:18,3,1,3
BRDA:18,4,0,3
BRDA:18,4,1,3
BRDA:50,5,0,1
BRDA:50,5,1,2
BRDA:50,6,0,3
BRDA:50,6,1,1
BRF:8
BRH:7
end_of_record
TN:
SF:/Users/hrmoller/workspace/serviceprovider/src/transformers/ddbcms.js
FN:3,ddbcms
FNF:1
FNH:1
FNDA:4,ddbcms
DA:3,2
DA:4,4
DA:5,4
DA:6,4
DA:7,0
DA:12,4
DA:15,4
DA:17,7
DA:20,4
DA:21,3
DA:22,2
DA:24,1
DA:26,2
DA:30,2
DA:36,2
DA:37,2
LF:16
LH:15
BRDA:6,1,0,0
BRDA:6,1,1,4
BRDA:6,2,0,4
BRDA:6,2,1,4
BRDA:21,3,0,1
BRDA:21,3,1,2
BRDA:26,4,0,2
BRDA:26,4,1,0
BRDA:32,5,0,2
BRDA:32,5,1,0
BRDA:33,6,0,2
BRDA:33,6,1,0
BRF:12
BRH:8
end_of_record
TN:
SF:/Users/hrmoller/workspace/serviceprovider/src/provider/caller.js
FN:12,(anonymous_2)
FN:23,(anonymous_3)
FN:63,(anonymous_4)
FN:87,(anonymous_5)
FN:126,(anonymous_6)
FN:160,(anonymous_7)
FN:170,(anonymous_8)
FN:174,(anonymous_9)
FN:178,(anonymous_10)
FN:183,(anonymous_11)
FN:187,(anonymous_12)
FN:203,(anonymous_13)
FN:213,caller
FNF:13
FNH:12
FNDA:63,(anonymous_2)
FNDA:1190,(anonymous_3)
FNDA:549,(anonymous_4)
FNDA:1190,(anonymous_5)
FNDA:1190,(anonymous_6)
FNDA:1179,(anonymous_7)
FNDA:66,(anonymous_8)
FNDA:0,(anonymous_9)
FNDA:31,(anonymous_10)
FNDA:7,(anonymous_11)
FNDA:1086,(anonymous_12)
FNDA:218,(anonymous_13)
FNDA:63,caller
DA:7,2
DA:8,2
DA:9,2
DA:13,63
DA:14,63
DA:15,63
DA:16,63
DA:17,63
DA:18,63
DA:19,63
DA:20,63
DA:24,1190
DA:25,1118
DA:28,72
DA:29,72
DA:30,72
DA:32,66
DA:37,1
DA:42,5
DA:43,5
DA:48,0
DA:49,0
DA:50,0
DA:55,0
DA:60,72
DA:64,549
DA:65,537
DA:68,549
DA:69,1
DA:70,1
DA:72,1
DA:83,1
DA:88,1190
DA:90,1190
DA:92,1190
DA:93,1124
DA:95,1124
DA:96,57
DA:100,1190
DA:101,549
DA:104,1190
DA:105,1
DA:111,1190
DA:127,1190
DA:129,1190
DA:130,63
DA:131,63
DA:134,1190
DA:136,1190
DA:138,1190
DA:139,1124
DA:140,57
DA:143,1124
DA:146,1190
DA:147,1190
DA:148,0
DA:161,1179
DA:162,66
DA:164,1113
DA:165,27
DA:167,1086
DA:171,66
DA:175,0
DA:179,31
DA:180,31
DA:184,7
DA:188,1086
DA:204,218
DA:205,436
DA:206,218
DA:213,2
DA:214,63
LF:72
LH:66
BRDA:16,5,0,63
BRDA:16,5,1,51
BRDA:16,6,0,51
BRDA:16,6,1,0
BRDA:24,7,0,1118
BRDA:24,7,1,72
BRDA:24,8,0,1190
BRDA:24,8,1,1124
BRDA:29,9,0,72
BRDA:29,9,1,66
BRDA:31,10,0,66
BRDA:31,10,1,1
BRDA:31,10,2,5
BRDA:31,10,3,0
BRDA:31,10,4,0
BRDA:64,11,0,537
BRDA:64,11,1,12
BRDA:64,12,0,549
BRDA:64,12,1,547
BRDA:64,12,2,549
BRDA:68,13,0,1
BRDA:68,13,1,548
BRDA:68,14,0,549
BRDA:68,14,1,2
BRDA:92,15,0,1124
BRDA:92,15,1,66
BRDA:95,16,0,57
BRDA:95,16,1,1067
BRDA:100,17,0,549
BRDA:100,17,1,641
BRDA:104,18,0,1
BRDA:104,18,1,1189
BRDA:104,19,0,1190
BRDA:104,19,1,63
BRDA:129,20,0,63
BRDA:129,20,1,1127
BRDA:138,21,0,1124
BRDA:138,21,1,66
BRDA:139,22,0,57
BRDA:139,22,1,1067
BRDA:161,23,0,66
BRDA:161,23,1,1113
BRDA:164,24,0,27
BRDA:164,24,1,1086
BRDA:205,25,0,436
BRDA:205,25,1,436
BRF:46
BRH:44
end_of_record
TN:
SF:/Users/hrmoller/workspace/serviceprovider/src/provider/caller.utils.js
FN:20,promiseRequest
FN:42,censor
FN:45,blackListIterator
FN:71,saveTest
FNF:4
FNH:4
FNDA:6,promiseRequest
FNDA:1,censor
FNDA:60,blackListIterator
FNDA:1,saveTest
DA:3,2
DA:4,2
DA:7,2
DA:8,2
DA:9,2
DA:12,2
DA:13,1
DA:14,1
DA:16,0
DA:20,2
DA:21,6
DA:22,6
DA:30,63
DA:33,2
DA:36,2
DA:42,2
DA:44,1
DA:45,2
DA:46,60
DA:47,7
DA:51,1
DA:52,5
DA:53,5
DA:58,1
DA:59,1
DA:62,1
DA:63,1
DA:71,2
DA:72,1
DA:73,0
DA:77,1
DA:78,1
DA:79,5
DA:80,5
DA:81,27
DA:82,7
DA:87,1
DA:94,1
DA:114,1
DA:117,2
LF:40
LH:38
BRDA:12,3,0,1
BRDA:12,3,1,1
BRDA:13,4,0,1
BRDA:13,4,1,0
BRDA:22,5,0,0
BRDA:22,5,1,6
BRDA:46,6,0,7
BRDA:46,6,1,53
BRDA:52,7,0,5
BRDA:52,7,1,0
BRDA:72,8,0,0
BRDA:72,8,1,1
BRDA:81,9,0,7
BRDA:81,9,1,20
BRF:14
BRH:10
end_of_record
TN:
SF:/Users/hrmoller/workspace/serviceprovider/src/transformers/testTransformer.js
FN:10,testTransformer
FNF:1
FNH:0
FNDA:0,testTransformer
DA:8,2
DA:10,2
DA:11,0
DA:12,0
DA:13,0
DA:14,0
LF:6
LH:2
BRF:0
BRH:0
end_of_record
TN:
SF:/Users/hrmoller/workspace/serviceprovider/src/transformers/recommend.js
FN:8,getRecommenderUrl
FN:31,createRequestParameters
FN:65,getRecommendations
FNF:3
FNH:3
FNDA:6,getRecommenderUrl
FNDA:6,createRequestParameters
FNDA:6,getRecommendations
DA:8,2
DA:9,6
DA:10,6
DA:11,6
DA:13,6
DA:14,5
DA:15,2
DA:19,3
DA:22,4
DA:31,2
DA:32,6
DA:43,6
DA:44,4
DA:46,4
DA:47,4
DA:50,4
DA:51,16
DA:52,2
DA:56,4
DA:65,2
DA:66,6
DA:67,6
DA:68,4
DA:69,4
DA:71,4
DA:72,23
DA:75,4
DA:79,2
DA:80,2
DA:84,0
LF:30
LH:29
BRDA:13,1,0,5
BRDA:13,1,1,1
BRDA:14,2,0,2
BRDA:14,2,1,3
BRDA:46,3,0,4
BRDA:46,3,1,0
BRDA:51,4,0,2
BRDA:51,4,1,14
BRDA:71,5,0,4
BRDA:71,5,1,0
BRDA:79,6,0,2
BRDA:79,6,1,0
BRF:12
BRH:9
end_of_record
TN:
SF:/Users/hrmoller/workspace/serviceprovider/src/transformers/rank.js
FN:3,createRequestParameters
FNF:1
FNH:1
FNDA:1,createRequestParameters
DA:3,2
DA:5,1
DA:6,1
DA:16,1
DA:17,4
DA:18,1
DA:22,1
DA:23,1
DA:24,1
DA:27,1
DA:31,2
DA:32,1
DA:33,1
DA:35,1
DA:36,1
DA:37,1
DA:38,2
DA:41,1
DA:45,0
DA:46,0
DA:50,0
LF:21
LH:18
BRDA:17,1,0,1
BRDA:17,1,1,3
BRDA:23,2,0,1
BRDA:23,2,1,0
BRDA:37,3,0,1
BRDA:37,3,1,0
BRDA:45,4,0,0
BRDA:45,4,1,0
BRF:8
BRH:4
end_of_record
TN:
SF:/Users/hrmoller/workspace/serviceprovider/src/smaug/errors.js
FN:3,TokenError
FN:12,(anonymous_2)
FN:16,TokenExpiredError
FN:27,MissingTokenError
FN:37,MultipleTokensError
FNF:5
FNH:3
FNDA:0,TokenError
FNDA:2,(anonymous_2)
FNDA:0,TokenExpiredError
FNDA:3,MissingTokenError
FNDA:3,MultipleTokensError
DA:3,2
DA:4,0
DA:5,0
DA:6,0
DA:7,0
DA:8,0
DA:10,2
DA:11,2
DA:12,2
DA:13,2
DA:16,2
DA:17,0
DA:18,0
DA:19,0
DA:20,0
DA:21,0
DA:24,2
DA:25,2
DA:27,2
DA:28,3
DA:29,3
DA:30,3
DA:31,3
DA:32,3
DA:34,2
DA:35,2
DA:37,2
DA:38,3
DA:39,3
DA:40,3
DA:41,3
DA:42,3
DA:44,2
DA:45,2
LF:34
LH:24
BRDA:5,1,0,0
BRDA:5,1,1,0
BRF:2
BRH:0
end_of_record
TN:
SF:/Users/hrmoller/workspace/serviceprovider/src/app.middlewares.js
FN:15,accessLogMiddleware
FN:50,getContextMiddleware
FN:92,requireAuthorized
FNF:3
FNH:3
FNDA:15,accessLogMiddleware
FNDA:15,getContextMiddleware
FNDA:11,requireAuthorized
DA:2,2
DA:3,2
DA:5,2
DA:6,2
DA:7,2
DA:15,2
DA:16,15
DA:17,15
DA:19,15
DA:20,15
DA:21,15
DA:50,2
DA:52,15
DA:54,15
DA:56,45
DA:58,45
DA:60,15
DA:61,2
DA:64,13
DA:65,13
DA:67,13
DA:68,2
DA:71,11
DA:73,11
DA:74,11
DA:75,11
DA:76,11
DA:79,0
DA:80,0
DA:92,2
DA:93,11
DA:94,11
DA:99,0
LF:33
LH:30
BRDA:21,3,0,15
BRDA:21,3,1,0
BRDA:60,4,0,2
BRDA:60,4,1,13
BRDA:67,5,0,2
BRDA:67,5,1,11
BRDA:93,6,0,11
BRDA:93,6,1,0
BRF:8
BRH:6
end_of_record
TN:
SF:/Users/hrmoller/workspace/serviceprovider/src/app.utils.js
FN:16,getContext
FN:40,healthCheck
FN:106,fieldsFilter
FNF:3
FNH:2
FNDA:13,getContext
FNDA:0,healthCheck
FNDA:24,fieldsFilter
DA:2,2
DA:3,2
DA:4,2
DA:6,2
DA:8,2
DA:16,2
DA:17,13
DA:18,13
DA:22,13
DA:24,13
DA:26,0
DA:28,0
DA:40,2
DA:41,0
DA:42,0
DA:44,0
DA:45,0
DA:46,0
DA:49,0
DA:50,0
DA:56,0
DA:57,0
DA:63,0
DA:70,0
DA:72,0
DA:73,0
DA:74,0
DA:76,0
DA:77,0
DA:78,0
DA:80,0
DA:88,0
DA:91,0
DA:92,0
DA:94,0
DA:95,0
DA:106,2
DA:107,24
DA:108,11
DA:111,13
DA:112,11
DA:115,11
DA:116,11
DA:117,14
DA:118,10
DA:122,11
LF:46
LH:21
BRDA:23,3,0,13
BRDA:23,3,1,0
BRDA:23,3,2,0
BRDA:49,4,0,0
BRDA:49,4,1,0
BRDA:56,5,0,0
BRDA:56,5,1,0
BRDA:76,6,0,0
BRDA:76,6,1,0
BRDA:77,7,0,0
BRDA:77,7,1,0
BRDA:91,8,0,0
BRDA:91,8,1,0
BRDA:91,9,0,0
BRDA:91,9,1,0
BRDA:107,10,0,11
BRDA:107,10,1,13
BRDA:107,11,0,24
BRDA:107,11,1,23
BRDA:111,12,0,2
BRDA:111,12,1,11
BRDA:117,13,0,10
BRDA:117,13,1,4
BRF:23
BRH:10
end_of_record
TN:
SF:/Users/hrmoller/workspace/serviceprovider/src/app.middlewares.utils.js
FN:3,checkAuthHeader
FN:15,testQueryAccessToken
FN:22,testBodyAccessToken
FN:35,getTokenSearchers
FNF:4
FNH:4
FNDA:16,checkAuthHeader
FNDA:16,testQueryAccessToken
FNDA:16,testBodyAccessToken
FNDA:19,getTokenSearchers
DA:3,2
DA:4,16
DA:5,16
DA:6,15
DA:7,15
DA:9,15
DA:10,13
DA:15,2
DA:16,16
DA:17,16
DA:18,3
DA:22,2
DA:23,16
DA:24,16
DA:25,2
DA:35,2
DA:36,19
DA:37,16
DA:38,16
DA:39,16
LF:20
LH:20
BRDA:5,1,0,15
BRDA:5,1,1,1
BRDA:9,2,0,13
BRDA:9,2,1,2
BRDA:17,3,0,3
BRDA:17,3,1,13
BRDA:24,4,0,2
BRDA:24,4,1,14
BRF:8
BRH:8
end_of_record
TN:
SF:/Users/hrmoller/workspace/serviceprovider/src/swaggerFromSpec.js
FN:9,(anonymous_1)
FNF:1
FNH:1
FNDA:1,(anonymous_1)
DA:2,1
DA:3,1
DA:4,1
DA:6,1
DA:7,1
DA:9,1
DA:10,1
DA:11,1
DA:12,1
DA:14,1
LF:10
LH:10
BRDA:23,1,0,1
BRDA:23,1,1,0
BRF:2
BRH:1
end_of_record
TN:
SF:/Users/hrmoller/workspace/serviceprovider/src/specToPaths.js
FN:12,createRequest
FN:31,createResponse
FN:57,createRefFromSpec
FN:79,apiMethodIterator
FN:138,specToPaths
FNF:5
FNH:5
FNDA:13,createRequest
FNDA:13,createResponse
FNDA:13,createRefFromSpec
FNDA:13,apiMethodIterator
FNDA:1,specToPaths
DA:12,1
DA:13,13
DA:31,1
DA:32,13
DA:57,1
DA:58,13
DA:63,13
DA:64,0
DA:65,0
DA:68,0
DA:69,0
DA:71,0
DA:72,0
DA:76,13
DA:79,1
DA:80,13
DA:81,13
DA:82,13
DA:84,13
DA:86,13
DA:87,13
DA:88,13
DA:91,13
DA:92,13
DA:95,13
DA:96,93
DA:97,93
DA:103,93
DA:104,93
DA:105,93
DA:107,93
DA:108,0
DA:109,0
DA:112,93
DA:116,13
DA:138,1
DA:139,1
DA:140,1
DA:142,1
DA:143,6
DA:144,2
DA:148,1
DA:149,13
DA:150,13
DA:154,1
LF:45
LH:37
BRDA:20,1,0,13
BRDA:20,1,1,0
BRDA:21,2,0,13
BRDA:21,2,1,0
BRDA:63,3,0,0
BRDA:63,3,1,13
BRDA:64,4,0,0
BRDA:64,4,1,0
BRDA:71,5,0,0
BRDA:71,5,1,0
BRDA:87,6,0,13
BRDA:87,6,1,8
BRDA:107,7,0,0
BRDA:107,7,1,93
BRDA:143,8,0,2
BRDA:143,8,1,4
BRDA:149,9,0,13
BRDA:149,9,1,0
BRF:18
BRH:9
end_of_record
TN:
SF:/Users/hrmoller/workspace/serviceprovider/src/validate.js
FN:7,getSchema
FNF:1
FNH:1
FNDA:16,getSchema
DA:1,2
DA:2,2
DA:3,2
DA:5,2
DA:7,2
DA:8,16
DA:9,2
DA:10,2
DA:11,2
DA:13,2
DA:14,26
DA:15,26
DA:24,16
DA:27,2
DA:28,16
DA:29,16
LF:16
LH:16
BRDA:8,3,0,2
BRDA:8,3,1,14
BRDA:24,4,0,16
BRDA:24,4,1,1
BRF:4
BRH:4
end_of_record
TN:
SF:/Users/hrmoller/workspace/serviceprovider/features/support/world.js
FN:2,World
FN:4,(anonymous_2)
FNF:2
FNH:2
FNDA:17,World
FNDA:1,(anonymous_2)
DA:2,1
DA:4,1
DA:5,1
LF:3
LH:3
BRF:0
BRH:0
end_of_record
TN:
SF:/Users/hrmoller/workspace/serviceprovider/features/step_definitions/step_definitions.js
FN:5,swaggerFileDownload
FN:13,apiGetRequestWithoutToken
FN:22,apiGetRequestWithToken
FN:34,apiPostRequestWithTokenAndForm
FN:47,apiWSRequestWithToken
FN:55,assertThisResultContains
FN:59,assertResultKeysMatch
FN:66,assertFileExistsAndCanBeDeleted
FN:73,assertThisResultMatchesFile
FN:88,assertStatusCodeIsOver200
FN:92,stepDefinitionsWrapper
FNF:11
FNH:11
FNDA:1,swaggerFileDownload
FNDA:1,apiGetRequestWithoutToken
FNDA:7,apiGetRequestWithToken
FNDA:6,apiPostRequestWithTokenAndForm
FNDA:2,apiWSRequestWithToken
FNDA:2,assertThisResultContains
FNDA:12,assertResultKeysMatch
FNDA:1,assertFileExistsAndCanBeDeleted
FNDA:9,assertThisResultMatchesFile
FNDA:3,assertStatusCodeIsOver200
FNDA:1,stepDefinitionsWrapper
DA:1,1
DA:2,1
DA:3,1
DA:5,1
DA:6,1
DA:7,1
DA:8,1
DA:13,1
DA:14,1
DA:17,1
DA:22,1
DA:23,7
DA:24,7
DA:28,7
DA:29,7
DA:34,1
DA:35,6
DA:36,6
DA:41,6
DA:42,6
DA:47,1
DA:48,2
DA:49,2
DA:50,2
DA:55,1
DA:56,2
DA:59,1
DA:60,12
DA:61,12
DA:63,12
DA:66,1
DA:67,1
DA:69,1
DA:70,1
DA:73,1
DA:74,9
DA:76,9
DA:77,9
DA:81,2
DA:84,9
DA:85,9
DA:88,1
DA:89,3
DA:92,1
DA:93,1
DA:94,1
DA:95,1
DA:96,1
DA:97,1
DA:99,1
DA:100,1
DA:101,1
DA:102,1
DA:103,1
DA:106,1
LF:55
LH:55
BRDA:23,3,0,5
BRDA:23,3,1,2
BRDA:23,4,0,7
BRDA:23,4,1,5
BRDA:23,5,0,2
BRDA:23,5,1,2
BRF:6
BRH:6
end_of_record
TN:
SF:/Users/hrmoller/workspace/serviceprovider/src/provider/__tests__/provider.test.js
FNF:0
FNH:0
DA:6,1
DA:7,1
DA:9,1
DA:10,1
DA:11,1
DA:12,1
DA:15,1
DA:16,1
LF:8
LH:8
BRF:0
BRH:0
end_of_record
TN:
SF:/Users/hrmoller/workspace/serviceprovider/src/transformers/__tests__/availability-empty-pid.js
FNF:0
FNH:0
DA:4,1
DA:5,1
DA:7,1
DA:8,1
DA:9,1
DA:11,1
DA:12,1
DA:13,1
DA:14,1
DA:16,1
DA:21,0
LF:11
LH:10
BRF:0
BRH:0
end_of_record
TN:
SF:/Users/hrmoller/workspace/serviceprovider/src/transformers/__tests__/availability_false.js
FNF:0
FNH:0
DA:4,1
DA:5,1
DA:7,1
DA:50,1
DA:51,1
DA:56,1
DA:57,1
DA:58,1
DA:59,1
DA:61,1
DA:71,0
LF:11
LH:10
BRF:0
BRH:0
end_of_record
TN:
SF:/Users/hrmoller/workspace/serviceprovider/src/transformers/__tests__/availability_true.js
FNF:0
FNH:0
DA:4,1
DA:5,1
DA:7,1
DA:50,1
DA:51,1
DA:56,1
DA:57,1
DA:58,1
DA:59,1
DA:61,1
DA:72,0
LF:11
LH:10
BRF:0
BRH:0
end_of_record
TN:
SF:/Users/hrmoller/workspace/serviceprovider/src/transformers/__tests__/events.js
FNF:0
FNH:0
DA:4,1
DA:5,1
DA:7,1
DA:8,1
DA:9,1
DA:11,1
DA:12,1
DA:13,1
DA:14,1
DA:16,1
DA:21,0
LF:11
LH:10
BRF:0
BRH:0
end_of_record
TN:
SF:/Users/hrmoller/workspace/serviceprovider/src/transformers/__tests__/facets_all.js
FNF:0
FNH:0
DA:4,1
DA:5,1
DA:7,1
DA:8,1
DA:9,1
DA:11,1
DA:12,1
DA:13,1
DA:14,1
DA:16,1
DA:21,0
LF:11
LH:10
BRF:0
BRH:0
end_of_record
TN:
SF:/Users/hrmoller/workspace/serviceprovider/src/transformers/__tests__/facets_high_limit.js
FNF:0
FNH:0
DA:4,1
DA:5,1
DA:7,1
DA:8,1
DA:9,1
DA:11,1
DA:12,1
DA:13,1
DA:14,1
DA:16,1
DA:21,0
LF:11
LH:10
BRF:0
BRH:0
end_of_record
TN:
SF:/Users/hrmoller/workspace/serviceprovider/src/transformers/__tests__/facets_invalid_cql.js
FNF:0
FNH:0
DA:4,1
DA:5,1
DA:7,1
DA:8,1
DA:9,1
DA:11,1
DA:12,1
DA:13,1
DA:14,1
DA:16,1
DA:21,0
LF:11
LH:10
BRF:0
BRH:0
end_of_record
TN:
SF:/Users/hrmoller/workspace/serviceprovider/src/transformers/__tests__/facets_noresult.js
FNF:0
FNH:0
DA:4,1
DA:5,1
DA:7,1
DA:8,1
DA:9,1
DA:11,1
DA:12,1
DA:13,1
DA:14,1
DA:16,1
DA:21,0
LF:11
LH:10
BRF:0
BRH:0
end_of_record
TN:
SF:/Users/hrmoller/workspace/serviceprovider/src/transformers/__tests__/facets_simple.js
FNF:0
FNH:0
DA:4,1
DA:5,1
DA:7,1
DA:8,1
DA:9,1
DA:11,1
DA:12,1
DA:13,1
DA:14,1
DA:16,1
DA:21,0
LF:11
LH:10
BRF:0
BRH:0
end_of_record
TN:
SF:/Users/hrmoller/workspace/serviceprovider/src/transformers/__tests__/libraries_000_agencyIds.js
FNF:0
FNH:0
DA:1,1
DA:4,1
DA:5,1
DA:7,1
DA:68,1
DA:69,1
DA:600,1
DA:601,1
DA:602,1
DA:603,1
DA:605,1
DA:713,1
LF:12
LH:12
BRDA:1,1,0,1
BRDA:1,1,1,0
BRDA:1,2,0,1
BRDA:1,2,1,1
BRF:4
BRH:3
end_of_record
TN:
SF:/Users/hrmoller/workspace/serviceprovider/src/transformers/__tests__/libraries_branchIds.js
FNF:0
FNH:0
DA:1,1
DA:4,1
DA:5,1
DA:7,1
DA:68,1
DA:69,1
DA:600,1
DA:601,1
DA:602,1
DA:603,1
DA:608,1
DA:716,1
LF:12
LH:12
BRDA:1,1,0,1
BRDA:1,1,1,0
BRDA:1,2,0,1
BRDA:1,2,1,1
BRF:4
BRH:3
end_of_record
TN:
SF:/Users/hrmoller/workspace/serviceprovider/src/transformers/__tests__/news.js
FNF:0
FNH:0
DA:1,1
DA:4,1
DA:5,1
DA:7,1
DA:68,1
DA:69,1
DA:71,1
DA:72,1
DA:73,1
DA:74,1
DA:76,1
DA:212,1
LF:12
LH:12
BRDA:1,1,0,1
BRDA:1,1,1,0
BRDA:1,2,0,1
BRDA:1,2,1,1
BRF:4
BRH:3
end_of_record
TN:
SF:/Users/hrmoller/workspace/serviceprovider/src/transformers/__tests__/news_nids.js
FNF:0
FNH:0
DA:1,1
DA:4,1
DA:5,1
DA:7,1
DA:8,1
DA:9,1
DA:11,1
DA:12,1
DA:13,1
DA:14,1
DA:19,1
DA:77,1
LF:12
LH:12
BRDA:1,1,0,1
BRDA:1,1,1,0
BRDA:1,2,0,1
BRDA:1,2,1,1
BRF:4
BRH:3
end_of_record
TN:
SF:/Users/hrmoller/workspace/serviceprovider/src/transformers/__tests__/order-delete-existing-order.js
FNF:0
FNH:0
DA:4,1
DA:5,1
DA:7,1
DA:8,1
DA:9,1
DA:11,1
DA:12,1
DA:13,1
DA:14,1
DA:16,1
DA:21,0
LF:11
LH:10
BRF:0
BRH:0
end_of_record
TN:
SF:/Users/hrmoller/workspace/serviceprovider/src/transformers/__tests__/order-invalid-date.js
FNF:0
FNH:0
DA:4,1
DA:5,1
DA:7,1
DA:8,1
DA:9,1
DA:11,1
DA:12,1
DA:13,1
DA:14,1
DA:16,1
DA:21,0
LF:11
LH:10
BRF:0
BRH:0
end_of_record
TN:
SF:/Users/hrmoller/workspace/serviceprovider/src/transformers/__tests__/order-multiple-pids-ordered.js
FNF:0
FNH:0
DA:4,1
DA:5,1
DA:7,1
DA:8,1
DA:9,1
DA:11,1
DA:12,1
DA:13,1
DA:14,1
DA:16,1
DA:21,0
LF:11
LH:10
BRF:0
BRH:0
end_of_record
TN:
SF:/Users/hrmoller/workspace/serviceprovider/src/transformers/__tests__/order-no-pids-in-pidlist.js
FNF:0
FNH:0
DA:4,1
DA:5,1
DA:7,1
DA:8,1
DA:9,1
DA:11,1
DA:12,1
DA:13,1
DA:14,1
DA:16,1
DA:21,0
LF:11
LH:10
BRF:0
BRH:0
end_of_record
TN:
SF:/Users/hrmoller/workspace/serviceprovider/src/transformers/__tests__/order-past-date.js
FNF:0
FNH:0
DA:4,1
DA:5,1
DA:7,1
DA:8,1
DA:9,1
DA:11,1
DA:12,1
DA:13,1
DA:14,1
DA:16,1
DA:21,0
LF:11
LH:10
BRF:0
BRH:0
end_of_record
TN:
SF:/Users/hrmoller/workspace/serviceprovider/src/transformers/__tests__/order-single-pid-ordered.js
FNF:0
FNH:0
DA:4,1
DA:5,1
DA:7,1
DA:8,1
DA:9,1
DA:11,1
DA:12,1
DA:13,1
DA:14,1
DA:16,1
DA:21,0
LF:11
LH:10
BRF:0
BRH:0
end_of_record
TN:
SF:/Users/hrmoller/workspace/serviceprovider/src/transformers/__tests__/order.unittests.test.js
FNF:0
FNH:0
DA:5,1
DA:6,1
DA:8,1
DA:9,1
DA:10,1
DA:11,1
DA:12,1
DA:15,1
DA:16,1
DA:17,1
DA:18,1
DA:21,1
DA:22,1
DA:23,1
DA:24,1
DA:28,1
DA:29,1
DA:30,1
DA:31,1
DA:32,1
DA:35,1
DA:36,1
DA:37,1
DA:38,1
DA:41,1
DA:42,1
DA:43,1
DA:44,1
DA:47,1
DA:48,1
DA:49,1
DA:50,1
LF:32
LH:32
BRF:0
BRH:0
end_of_record
TN:
SF:/Users/hrmoller/workspace/serviceprovider/src/transformers/__tests__/rank-happy.js
FNF:0
FNH:0
DA:4,1
DA:5,1
DA:7,1
DA:8,1
DA:9,1
DA:11,1
DA:12,1
DA:13,1
DA:14,1
DA:16,1
DA:21,0
LF:11
LH:10
BRF:0
BRH:0
end_of_record
TN:
SF:/Users/hrmoller/workspace/serviceprovider/src/transformers/__tests__/recommend-default-explicit.js
FNF:0
FNH:0
DA:4,1
DA:5,1
DA:7,1
DA:8,1
DA:9,1
DA:11,1
DA:12,1
DA:13,1
DA:14,1
DA:16,1
DA:21,0
LF:11
LH:10
BRF:0
BRH:0
end_of_record
TN:
SF:/Users/hrmoller/workspace/serviceprovider/src/transformers/__tests__/recommend-default.js
FNF:0
FNH:0
DA:4,1
DA:5,1
DA:7,1
DA:8,1
DA:9,1
DA:11,1
DA:12,1
DA:13,1
DA:14,1
DA:16,1
DA:21,0
LF:11
LH:10
BRF:0
BRH:0
end_of_record
TN:
SF:/Users/hrmoller/workspace/serviceprovider/src/transformers/__tests__/recommend-error-wrong-recommender.js
FNF:0
FNH:0
DA:4,1
DA:5,1
DA:7,1
DA:8,1
DA:9,1
DA:11,1
DA:12,1
DA:13,1
DA:14,1
DA:16,1
DA:21,0
LF:11
LH:10
BRF:0
BRH:0
end_of_record
TN:
SF:/Users/hrmoller/workspace/serviceprovider/src/transformers/__tests__/recommend-popular.js
FNF:0
FNH:0
DA:4,1
DA:5,1
DA:7,1
DA:8,1
DA:9,1
DA:11,1
DA:12,1
DA:13,1
DA:14,1
DA:16,1
DA:21,0
LF:11
LH:10
BRF:0
BRH:0
end_of_record
TN:
SF:/Users/hrmoller/workspace/serviceprovider/src/transformers/__tests__/renew-existing-loanid.js
FNF:0
FNH:0
DA:4,1
DA:5,1
DA:7,1
DA:8,1
DA:9,1
DA:11,1
DA:12,1
DA:13,1
DA:14,1
DA:16,1
DA:21,0
LF:11
LH:10
BRF:0
BRH:0
end_of_record
TN:
SF:/Users/hrmoller/workspace/serviceprovider/src/transformers/__tests__/renew-non-existing-loanid.js
FNF:0
FNH:0
DA:4,1
DA:5,1
DA:7,1
DA:8,1
DA:9,1
DA:11,1
DA:12,1
DA:13,1
DA:14,1
DA:16,1
DA:21,0
LF:11
LH:10
BRF:0
BRH:0
end_of_record
TN:
SF:/Users/hrmoller/workspace/serviceprovider/src/transformers/__tests__/search_coverDataUrl.js
FNF:0
FNH:0
DA:4,1
DA:5,1
DA:7,1
DA:8,1
DA:9,1
DA:11,1
DA:12,1
DA:13,1
DA:14,1
DA:16,1
DA:21,0
LF:11
LH:10
BRF:0
BRH:0
end_of_record
TN:
SF:/Users/hrmoller/workspace/serviceprovider/src/transformers/__tests__/search_coverUrl_limit.js
FNF:0
FNH:0
DA:4,1
DA:5,1
DA:7,1
DA:8,1
DA:9,1
DA:11,1
DA:12,1
DA:13,1
DA:14,1
DA:16,1
DA:21,0
LF:11
LH:10
BRF:0
BRH:0
end_of_record
TN:
SF:/Users/hrmoller/workspace/serviceprovider/src/transformers/__tests__/search_invalid_sort.js
FNF:0
FNH:0
DA:4,1
DA:5,1
DA:7,1
DA:8,1
DA:9,1
DA:11,1
DA:12,1
DA:13,1
DA:14,1
DA:16,1
DA:21,0
LF:11
LH:10
BRF:0
BRH:0
end_of_record
TN:
SF:/Users/hrmoller/workspace/serviceprovider/src/transformers/__tests__/search_simple.js
FNF:0
FNH:0
DA:4,1
DA:5,1
DA:7,1
DA:8,1
DA:9,1
DA:11,1
DA:12,1
DA:13,1
DA:14,1
DA:16,1
DA:21,0
LF:11
LH:10
BRF:0
BRH:0
end_of_record
TN:
SF:/Users/hrmoller/workspace/serviceprovider/src/transformers/__tests__/search_sort.js
FNF:0
FNH:0
DA:1,1
DA:4,1
DA:5,1
DA:7,1
DA:36,1
DA:37,1
DA:43,1
DA:44,1
DA:45,1
DA:46,1
DA:52,1
DA:590,1
LF:12
LH:12
BRDA:1,1,0,1
BRDA:1,1,1,0
BRDA:1,2,0,1
BRDA:1,2,1,1
BRF:4
BRH:3
end_of_record
TN:
SF:/Users/hrmoller/workspace/serviceprovider/src/transformers/__tests__/suggest-creator.js
FNF:0
FNH:0
DA:4,1
DA:5,1
DA:7,1
DA:8,1
DA:9,1
DA:11,1
DA:12,1
DA:13,1
DA:14,1
DA:16,1
DA:21,0
LF:11
LH:10
BRF:0
BRH:0
end_of_record
TN:
SF:/Users/hrmoller/workspace/serviceprovider/src/transformers/__tests__/suggest-library-fields.js
FNF:0
FNH:0
DA:4,1
DA:5,1
DA:7,1
DA:8,1
DA:10,1
DA:11,1
DA:12,1
DA:13,1
DA:14,1
DA:16,1
DA:21,0
LF:11
LH:10
BRF:0
BRH:0
end_of_record
TN:
SF:/Users/hrmoller/workspace/serviceprovider/src/transformers/__tests__/suggest-library.js
FNF:0
FNH:0
DA:4,1
DA:5,1
DA:7,1
DA:8,1
DA:9,1
DA:11,1
DA:12,1
DA:13,1
DA:14,1
DA:16,1
DA:21,0
LF:11
LH:10
BRF:0
BRH:0
end_of_record
TN:
SF:/Users/hrmoller/workspace/serviceprovider/src/transformers/__tests__/suggest-subject-fields.js
FNF:0
FNH:0
DA:4,1
DA:5,1
DA:7,1
DA:8,1
DA:10,1
DA:11,1
DA:12,1
DA:13,1
DA:14,1
DA:16,1
DA:21,0
LF:11
LH:10
BRF:0
BRH:0
end_of_record
TN:
SF:/Users/hrmoller/workspace/serviceprovider/src/transformers/__tests__/suggest-subject.js
FNF:0
FNH:0
DA:4,1
DA:5,1
DA:7,1
DA:8,1
DA:9,1
DA:11,1
DA:12,1
DA:13,1
DA:14,1
DA:16,1
DA:21,0
LF:11
LH:10
BRF:0
BRH:0
end_of_record
TN:
SF:/Users/hrmoller/workspace/serviceprovider/src/transformers/__tests__/suggest-title-fields.js
FNF:0
FNH:0
DA:4,1
DA:5,1
DA:7,1
DA:8,1
DA:9,1
DA:11,1
DA:12,1
DA:13,1
DA:14,1
DA:16,1
DA:21,0
LF:11
LH:10
BRF:0
BRH:0
end_of_record
TN:
SF:/Users/hrmoller/workspace/serviceprovider/src/transformers/__tests__/suggest-title.js
FNF:0
FNH:0
DA:4,1
DA:5,1
DA:7,1
DA:8,1
DA:9,1
DA:11,1
DA:12,1
DA:13,1
DA:14,1
DA:16,1
DA:21,0
LF:11
LH:10
BRF:0
BRH:0
end_of_record
TN:
SF:/Users/hrmoller/workspace/serviceprovider/src/transformers/__tests__/suggest-unsupported-type.js
FNF:0
FNH:0
DA:4,1
DA:5,1
DA:7,1
DA:8,1
DA:9,1
DA:11,1
DA:12,1
DA:13,1
DA:14,1
DA:16,1
DA:21,0
LF:11
LH:10
BRF:0
BRH:0
end_of_record
TN:
SF:/Users/hrmoller/workspace/serviceprovider/src/transformers/__tests__/user-fail.js
FNF:0
FNH:0
DA:4,1
DA:5,1
DA:7,1
DA:50,1
DA:51,1
DA:55,1
DA:56,1
DA:57,1
DA:58,1
DA:60,1
DA:68,0
LF:11
LH:10
BRF:0
BRH:0
end_of_record
TN:
SF:/Users/hrmoller/workspace/serviceprovider/src/transformers/__tests__/user-get-user-info.js
FNF:0
FNH:0
DA:4,1
DA:5,1
DA:7,1
DA:8,1
DA:9,1
DA:11,1
DA:12,1
DA:13,1
DA:14,1
DA:16,1
DA:21,0
LF:11
LH:10
BRF:0
BRH:0
end_of_record
TN:
SF:/Users/hrmoller/workspace/serviceprovider/src/transformers/__tests__/user-pickup.js
FNF:0
FNH:0
DA:4,1
DA:5,1
DA:7,1
DA:8,1
DA:9,1
DA:10,1
DA:12,1
DA:13,1
DA:14,1
DA:15,1
DA:17,1
DA:21,0
LF:12
LH:11
BRF:0
BRH:0
end_of_record
TN:
SF:/Users/hrmoller/workspace/serviceprovider/src/transformers/__tests__/work-empty_pidlist.js
FNF:0
FNH:0
DA:4,1
DA:5,1
DA:7,1
DA:50,1
DA:51,1
DA:53,1
DA:54,1
DA:55,1
DA:56,1
DA:58,1
DA:66,0
LF:11
LH:10
BRF:0
BRH:0
end_of_record
TN:
SF:/Users/hrmoller/workspace/serviceprovider/src/transformers/__tests__/work-invalid_pid-title_dcTitle_coverUrlFull_collection.js
FNF:0
FNH:0
DA:4,1
DA:5,1
DA:7,1
DA:8,1
DA:9,1
DA:11,1
DA:12,1
DA:13,1
DA:14,1
DA:16,1
DA:21,0
LF:11
LH:10
BRF:0
BRH:0
end_of_record
TN:
SF:/Users/hrmoller/workspace/serviceprovider/src/transformers/__tests__/work-multiple_pids-title_dcTitle_coverUrlFull_collection.js
FNF:0
FNH:0
DA:4,1
DA:5,1
DA:7,1
DA:8,1
DA:9,1
DA:11,1
DA:12,1
DA:13,1
DA:14,1
DA:16,1
DA:21,0
LF:11
LH:10
BRF:0
BRH:0
end_of_record
TN:
SF:/Users/hrmoller/workspace/serviceprovider/src/transformers/__tests__/work-no_pid_property.js
FNF:0
FNH:0
DA:4,1
DA:5,1
DA:7,1
DA:50,1
DA:51,1
DA:53,1
DA:54,1
DA:55,1
DA:56,1
DA:58,1
DA:66,0
LF:11
LH:10
BRF:0
BRH:0
end_of_record
TN:
SF:/Users/hrmoller/workspace/serviceprovider/src/transformers/__tests__/work-single_pid-collection.js
FNF:0
FNH:0
DA:4,1
DA:5,1
DA:7,1
DA:8,1
DA:9,1
DA:11,1
DA:12,1
DA:13,1
DA:14,1
DA:16,1
DA:21,0
LF:11
LH:10
BRF:0
BRH:0
end_of_record
TN:
SF:/Users/hrmoller/workspace/serviceprovider/src/transformers/__tests__/work-single_pid-coverUrl.js
FNF:0
FNH:0
DA:4,1
DA:5,1
DA:7,1
DA:8,1
DA:9,1
DA:11,1
DA:12,1
DA:13,1
DA:14,1
DA:16,1
DA:21,0
LF:11
LH:10
BRF:0
BRH:0
end_of_record
TN:
SF:/Users/hrmoller/workspace/serviceprovider/src/transformers/__tests__/work-single_pid-dcTitle.js
FNF:0
FNH:0
DA:4,1
DA:5,1
DA:7,1
DA:8,1
DA:9,1
DA:11,1
DA:12,1
DA:13,1
DA:14,1
DA:16,1
DA:21,0
LF:11
LH:10
BRF:0
BRH:0
end_of_record
TN:
SF:/Users/hrmoller/workspace/serviceprovider/src/transformers/__tests__/work-single_pid-title.js
FNF:0
FNH:0
DA:4,1
DA:5,1
DA:7,1
DA:8,1
DA:9,1
DA:11,1
DA:12,1
DA:13,1
DA:14,1
DA:16,1
DA:21,0
LF:11
LH:10
BRF:0
BRH:0
end_of_record
TN:
SF:/Users/hrmoller/workspace/serviceprovider/src/transformers/__tests__/work-single_pid-title_dcTitle_coverUrlFull_collection.js
FNF:0
FNH:0
DA:4,1
DA:5,1
DA:7,1
DA:8,1
DA:9,1
DA:11,1
DA:12,1
DA:13,1
DA:14,1
DA:16,1
DA:21,0
LF:11
LH:10
BRF:0
BRH:0
end_of_record
TN:
SF:/Users/hrmoller/workspace/serviceprovider/src/__tests__/app.middlewares.test.js
FNF:0
FNH:0
DA:3,1
DA:4,1
DA:5,1
DA:7,1
DA:8,1
DA:9,1
DA:10,1
DA:11,1
DA:20,1
DA:25,1
DA:27,1
DA:29,1
DA:30,1
DA:31,1
DA:32,1
DA:35,1
DA:36,1
DA:37,1
DA:38,1
DA:45,1
DA:50,1
DA:52,1
DA:54,1
DA:56,1
DA:57,1
DA:58,1
DA:59,1
DA:60,1
LF:28
LH:28
BRF:0
BRH:0
end_of_record
TN:
SF:/Users/hrmoller/workspace/serviceprovider/src/__tests__/app.middlewares.utils.test.js
FNF:0
FNH:0
DA:7,1
DA:8,1
DA:10,1
DA:11,1
DA:12,1
DA:14,1
DA:15,1
DA:17,3
DA:20,1
DA:21,1
DA:22,1
DA:25,1
DA:28,1
DA:29,1
DA:35,1
DA:38,1
DA:39,1
DA:45,1
LF:18
LH:18
BRF:0
BRH:0
end_of_record
TN:
SF:/Users/hrmoller/workspace/serviceprovider/src/__tests__/app.utils.test.js
FNF:0
FNH:0
DA:3,1
DA:5,1
DA:7,1
DA:9,1
DA:10,1
DA:11,1
DA:12,1
DA:14,1
DA:15,1
DA:18,1
DA:19,1
DA:20,1
DA:21,1
DA:24,1
DA:25,1
DA:26,1
DA:27,1
LF:17
LH:17
BRF:0
BRH:0
end_of_record
TN:
SF:/Users/hrmoller/workspace/serviceprovider/src/__tests__/mocks/mocks.js
FNF:0
FNH:0
DA:1,1
DA:399,1
LF:2
LH:2
BRF:0
BRH:0
end_of_record
TN:
SF:/Users/hrmoller/workspace/serviceprovider/src/__tests__/requestTypeIdentifier.test.js
FNF:0
FNH:0
DA:6,1
DA:7,1
DA:8,1
DA:10,1
DA:11,1
DA:12,1
DA:13,1
DA:14,1
LF:8
LH:8
BRF:0
BRH:0
end_of_record
TN:
SF:/Users/hrmoller/workspace/serviceprovider/src/__tests__/validate.test.js
FNF:0
FNH:0
DA:6,1
DA:7,1
DA:9,1
DA:10,1
DA:11,1
DA:12,1
DA:14,1
DA:15,1
DA:16,1
DA:19,1
DA:20,1
DA:21,1
DA:23,1
DA:24,1
DA:25,1
DA:28,1
DA:29,1
DA:30,1
DA:34,1
DA:36,1
DA:37,1
DA:38,1
DA:39,1
LF:23
LH:23
BRF:0
BRH:0
end_of_record
