{
"/Users/hrmoller/workspace/serviceprovider/src/provider/__tests__/provider.test.js":{"path":"/Users/hrmoller/workspace/serviceprovider/src/provider/__tests__/provider.test.js","s":{"1":1,"3":1,"6":1,"7":1,"8":1,"9":1,"10":1,"11":1,"12":1},"f":{},"l":{"6":1,"7":1,"9":1,"10":1,"11":1,"12":1,"15":1,"16":1},"b":{},"statementMap":{"1":{"start":{"line":6,"column":0},"end":{"line":null,"column":null}},"3":{"start":{"line":7,"column":0},"end":{"line":null,"column":null}},"6":{"start":{"line":9,"column":0},"end":{"line":null,"column":null}},"7":{"start":{"line":10,"column":5},"end":{"line":null,"column":null}},"8":{"start":{"line":11,"column":11},"end":{"line":null,"column":null}},"9":{"start":{"line":12,"column":11},"end":{"line":null,"column":null}},"10":{"start":{"line":15,"column":5},"end":{"line":null,"column":null}},"11":{"start":{"line":16,"column":11},"end":{"line":null,"column":null}},"12":{"start":{"line":16,"column":17},"end":{"line":16,"column":4}}},"fnMap":{},"branchMap":{}},
"/Users/hrmoller/workspace/serviceprovider/src/provider/Provider.js":{"path":"/Users/hrmoller/workspace/serviceprovider/src/provider/Provider.js","s":{"2":1,"3":1,"5":1,"7":1,"9":1,"11":1,"13":1,"15":1,"17":1,"19":1,"21":1,"22":1,"24":1,"25":1,"27":1,"31":1,"32":52,"33":1,"34":51,"35":1,"36":0,"37":1,"38":0,"39":52},"f":{"2":52,"3":51,"4":0,"5":0},"l":{"8":1,"9":1,"10":1,"11":1,"12":1,"13":1,"14":1,"15":1,"16":1,"17":1,"18":1,"19":1,"20":1,"21":1,"30":1,"34":52,"53":1,"54":51,"57":1,"58":0,"61":1,"62":0,"65":52},"b":{},"statementMap":{"2":{"start":{"line":30,"column":24},"end":{"line":null,"column":null}},"3":{"start":{"line":8,"column":0},"end":{"line":null,"column":null}},"5":{"start":{"line":9,"column":0},"end":{"line":null,"column":null}},"7":{"start":{"line":10,"column":0},"end":{"line":null,"column":null}},"9":{"start":{"line":11,"column":0},"end":{"line":null,"column":null}},"11":{"start":{"line":12,"column":0},"end":{"line":null,"column":null}},"13":{"start":{"line":13,"column":0},"end":{"line":null,"column":null}},"15":{"start":{"line":14,"column":0},"end":{"line":null,"column":null}},"17":{"start":{"line":15,"column":0},"end":{"line":null,"column":null}},"19":{"start":{"line":16,"column":0},"end":{"line":null,"column":null}},"21":{"start":{"line":17,"column":0},"end":{"line":null,"column":null}},"22":{"start":{"line":18,"column":0},"end":{"line":null,"column":null}},"24":{"start":{"line":19,"column":0},"end":{"line":null,"column":null}},"25":{"start":{"line":20,"column":0},"end":{"line":null,"column":null}},"27":{"start":{"line":21,"column":0},"end":{"line":null,"column":null}},"31":{"start":{"line":30,"column":15},"end":{"line":null,"column":null}},"32":{"start":{"line":34,"column":8},"end":{"line":null,"column":null}},"33":{"start":{"line":53,"column":11},"end":{"line":null,"column":null}},"34":{"start":{"line":54,"column":11},"end":{"line":null,"column":null}},"35":{"start":{"line":57,"column":11},"end":{"line":null,"column":null}},"36":{"start":{"line":58,"column":11},"end":{"line":null,"column":null}},"37":{"start":{"line":61,"column":11},"end":{"line":null,"column":null}},"38":{"start":{"line":62,"column":11},"end":{"line":null,"column":null}},"39":{"start":{"line":65,"column":9},"end":{"line":null,"column":null}}},"fnMap":{"2":{"name":"Provider","line":30,"loc":{"start":{"line":30,"column":15},"end":{"line":30,"column":35}}},"3":{"name":"execute","line":53,"loc":{"start":{"line":53,"column":11},"end":{"line":53,"column":42}}},"4":{"name":"availableTransforms","line":57,"loc":{"start":{"line":57,"column":11},"end":{"line":57,"column":33}}},"5":{"name":"hasTransformer","line":61,"loc":{"start":{"line":61,"column":11},"end":{"line":61,"column":32}}}},"branchMap":{}},
"/Users/hrmoller/workspace/serviceprovider/src/transformers/suggest.js":{"path":"/Users/hrmoller/workspace/serviceprovider/src/transformers/suggest.js","s":{"2":1,"3":1,"4":1,"5":1,"6":1,"7":1,"8":1,"9":1,"10":3,"11":1,"12":2,"13":2,"14":2,"15":0,"16":2,"17":2,"18":2,"19":2,"20":2,"21":2,"22":2,"23":2,"24":1,"25":2,"26":2,"27":2,"28":2,"29":2,"30":2,"31":6,"32":1,"33":6,"34":6,"35":6,"36":6,"37":6,"38":6,"39":1,"40":2,"41":2,"42":2,"43":2,"44":2,"45":2,"46":2,"47":2,"48":2,"49":2,"50":2,"51":2,"52":6,"53":1,"54":1,"55":8,"56":0,"57":8,"58":1,"59":1,"60":7,"61":7,"62":7,"63":7},"f":{"1":1,"2":2,"3":2,"4":6,"5":2},"l":{"8":1,"17":1,"18":1,"20":1,"21":1,"22":1,"25":1,"27":1,"29":3,"42":1,"43":2,"45":2,"46":2,"47":0,"50":2,"51":2,"52":2,"55":2,"57":2,"59":2,"60":2,"62":2,"87":1,"88":2,"89":2,"91":2,"92":2,"95":2,"97":2,"99":6,"110":1,"111":6,"113":6,"114":6,"117":6,"118":6,"121":6,"131":1,"132":2,"133":2,"134":2,"136":2,"141":2,"142":2,"143":2,"146":2,"147":2,"150":2,"151":2,"153":2,"155":6,"162":1,"179":1,"180":8,"181":0,"184":8,"185":1,"186":1,"193":7,"194":7,"197":7,"198":7},"b":{"1":[1,0],"2":[0,2],"3":[2,0],"4":[2,0],"5":[2,2],"6":[2,0],"7":[6,0],"8":[6,0],"9":[2,0],"10":[2,0],"11":[0,8],"12":[1,7],"13":[7,0]},"statementMap":{"2":{"start":{"line":8,"column":0},"end":{"line":null,"column":null}},"3":{"start":{"line":17,"column":0},"end":{"line":null,"column":null}},"4":{"start":{"line":18,"column":6},"end":{"line":null,"column":null}},"5":{"start":{"line":20,"column":8},"end":{"line":null,"column":null}},"6":{"start":{"line":21,"column":6},"end":{"line":null,"column":null}},"7":{"start":{"line":22,"column":16},"end":{"line":null,"column":null}},"8":{"start":{"line":25,"column":9},"end":{"line":null,"column":null}},"9":{"start":{"line":27,"column":13},"end":{"line":null,"column":null}},"10":{"start":{"line":29,"column":17},"end":{"line":null,"column":null}},"11":{"start":{"line":42,"column":0},"end":{"line":null,"column":null}},"12":{"start":{"line":43,"column":6},"end":{"line":null,"column":null}},"13":{"start":{"line":45,"column":6},"end":{"line":null,"column":null}},"14":{"start":{"line":46,"column":6},"end":{"line":null,"column":null}},"15":{"start":{"line":47,"column":18},"end":{"line":null,"column":null}},"16":{"start":{"line":50,"column":8},"end":{"line":null,"column":null}},"17":{"start":{"line":51,"column":6},"end":{"line":null,"column":null}},"18":{"start":{"line":52,"column":16},"end":{"line":null,"column":null}},"19":{"start":{"line":55,"column":9},"end":{"line":null,"column":null}},"20":{"start":{"line":57,"column":13},"end":{"line":null,"column":null}},"21":{"start":{"line":59,"column":16},"end":{"line":null,"column":null}},"22":{"start":{"line":60,"column":14},"end":{"line":null,"column":null}},"23":{"start":{"line":62,"column":17},"end":{"line":null,"column":null}},"24":{"start":{"line":87,"column":0},"end":{"line":null,"column":null}},"25":{"start":{"line":88,"column":6},"end":{"line":null,"column":null}},"26":{"start":{"line":89,"column":8},"end":{"line":null,"column":null}},"27":{"start":{"line":91,"column":6},"end":{"line":null,"column":null}},"28":{"start":{"line":92,"column":16},"end":{"line":null,"column":null}},"29":{"start":{"line":95,"column":9},"end":{"line":null,"column":null}},"30":{"start":{"line":97,"column":13},"end":{"line":null,"column":null}},"31":{"start":{"line":99,"column":17},"end":{"line":null,"column":null}},"32":{"start":{"line":110,"column":0},"end":{"line":null,"column":null}},"33":{"start":{"line":111,"column":8},"end":{"line":null,"column":null}},"34":{"start":{"line":113,"column":6},"end":{"line":null,"column":null}},"35":{"start":{"line":114,"column":11},"end":{"line":null,"column":null}},"36":{"start":{"line":117,"column":6},"end":{"line":null,"column":null}},"37":{"start":{"line":118,"column":11},"end":{"line":null,"column":null}},"38":{"start":{"line":121,"column":9},"end":{"line":null,"column":null}},"39":{"start":{"line":131,"column":0},"end":{"line":null,"column":null}},"40":{"start":{"line":132,"column":6},"end":{"line":null,"column":null}},"41":{"start":{"line":133,"column":8},"end":{"line":null,"column":null}},"42":{"start":{"line":134,"column":8},"end":{"line":null,"column":null}},"43":{"start":{"line":136,"column":8},"end":{"line":null,"column":null}},"44":{"start":{"line":141,"column":8},"end":{"line":null,"column":null}},"45":{"start":{"line":142,"column":6},"end":{"line":null,"column":null}},"46":{"start":{"line":143,"column":16},"end":{"line":null,"column":null}},"47":{"start":{"line":146,"column":6},"end":{"line":null,"column":null}},"48":{"start":{"line":147,"column":16},"end":{"line":null,"column":null}},"49":{"start":{"line":150,"column":6},"end":{"line":null,"column":null}},"50":{"start":{"line":151,"column":9},"end":{"line":null,"column":null}},"51":{"start":{"line":153,"column":13},"end":{"line":null,"column":null}},"52":{"start":{"line":155,"column":17},"end":{"line":null,"column":null}},"53":{"start":{"line":162,"column":0},"end":{"line":null,"column":null}},"54":{"start":{"line":179,"column":15},"end":{"line":null,"column":null}},"55":{"start":{"line":180,"column":6},"end":{"line":null,"column":null}},"56":{"start":{"line":181,"column":11},"end":{"line":null,"column":null}},"57":{"start":{"line":184,"column":6},"end":{"line":null,"column":null}},"58":{"start":{"line":185,"column":11},"end":{"line":null,"column":null}},"59":{"start":{"line":186,"column":13},"end":{"line":null,"column":null}},"60":{"start":{"line":193,"column":6},"end":{"line":null,"column":null}},"61":{"start":{"line":194,"column":11},"end":{"line":null,"column":null}},"62":{"start":{"line":197,"column":9},"end":{"line":null,"column":null}},"63":{"start":{"line":198,"column":11},"end":{"line":null,"column":null}}},"fnMap":{"1":{"name":"creatorSuggest","line":17,"loc":{"start":{"line":17,"column":0},"end":{"line":17,"column":41}}},"2":{"name":"librarySuggest","line":42,"loc":{"start":{"line":42,"column":0},"end":{"line":42,"column":41}}},"3":{"name":"subjectSuggest","line":87,"loc":{"start":{"line":87,"column":0},"end":{"line":87,"column":41}}},"4":{"name":"mapTitleKeys","line":110,"loc":{"start":{"line":110,"column":0},"end":{"line":110,"column":27}}},"5":{"name":"titleSuggest","line":131,"loc":{"start":{"line":131,"column":0},"end":{"line":131,"column":39}}}},"branchMap":{"1":{"line":21,"type":"if","locations":[{"start":{"line":21,"column":6},"end":{"line":21,"column":6}},{"start":{"line":21,"column":6},"end":{"line":21,"column":6}}]},"2":{"line":46,"type":"if","locations":[{"start":{"line":46,"column":6},"end":{"line":46,"column":6}},{"start":{"line":46,"column":6},"end":{"line":46,"column":6}}]},"3":{"line":51,"type":"if","locations":[{"start":{"line":51,"column":6},"end":{"line":51,"column":6}},{"start":{"line":51,"column":6},"end":{"line":51,"column":6}}]},"4":{"line":60,"type":"binary-expr","locations":[{"start":{"line":60,"column":28},"end":{"line":60,"column":28}},{"start":{"line":60,"column":47},"end":{"line":60,"column":10}}]},"5":{"line":68,"type":"binary-expr","locations":[{"start":{"line":68,"column":25},"end":{"line":68,"column":25}},{"start":{"line":68,"column":44},"end":{"line":62,"column":17}}]},"6":{"line":91,"type":"if","locations":[{"start":{"line":91,"column":6},"end":{"line":91,"column":6}},{"start":{"line":91,"column":6},"end":{"line":91,"column":6}}]},"7":{"line":113,"type":"if","locations":[{"start":{"line":113,"column":6},"end":{"line":113,"column":6}},{"start":{"line":113,"column":6},"end":{"line":113,"column":6}}]},"8":{"line":117,"type":"if","locations":[{"start":{"line":117,"column":6},"end":{"line":117,"column":6}},{"start":{"line":117,"column":6},"end":{"line":117,"column":6}}]},"9":{"line":142,"type":"if","locations":[{"start":{"line":142,"column":6},"end":{"line":142,"column":6}},{"start":{"line":142,"column":6},"end":{"line":142,"column":6}}]},"10":{"line":146,"type":"if","locations":[{"start":{"line":146,"column":6},"end":{"line":146,"column":6}},{"start":{"line":146,"column":6},"end":{"line":146,"column":6}}]},"11":{"line":180,"type":"if","locations":[{"start":{"line":180,"column":6},"end":{"line":180,"column":6}},{"start":{"line":180,"column":6},"end":{"line":180,"column":6}}]},"12":{"line":184,"type":"if","locations":[{"start":{"line":184,"column":6},"end":{"line":184,"column":6}},{"start":{"line":184,"column":6},"end":{"line":184,"column":6}}]},"13":{"line":193,"type":"if","locations":[{"start":{"line":193,"column":6},"end":{"line":193,"column":6}},{"start":{"line":193,"column":6},"end":{"line":193,"column":6}}]}}},
"/Users/hrmoller/workspace/serviceprovider/src/utils.js":{"path":"/Users/hrmoller/workspace/serviceprovider/src/utils.js","s":{"3":1,"4":1,"5":1,"6":1,"7":1,"9":1,"10":1,"12":1,"15":1,"16":0,"17":0,"18":1,"19":0,"20":0,"21":0,"22":0,"23":1,"24":1315,"25":1,"26":2630,"27":2630,"28":1,"29":1315,"30":1315,"31":1315,"32":1315,"33":0,"34":0,"35":0,"36":0,"37":0,"38":1,"39":0,"40":0,"41":0,"42":0,"43":0,"44":0,"45":1,"46":17,"47":0,"48":0,"49":657,"50":641,"51":1,"52":0,"53":0,"54":0,"55":0,"56":0},"f":{"2":0,"3":0,"4":1315,"5":2630,"6":1315,"7":0,"8":0,"9":0},"l":{"3":1,"4":1,"5":1,"6":1,"11":1,"12":0,"13":0,"19":1,"20":0,"21":0,"22":0,"23":0,"31":1,"32":1315,"42":1,"43":2630,"53":2630,"63":1,"64":1315,"65":1315,"66":1315,"67":1315,"70":0,"80":0,"81":0,"84":0,"85":0,"93":1,"94":0,"95":0,"96":0,"97":0,"101":0,"103":0,"106":1,"108":17,"109":0,"110":0,"111":657,"112":641,"120":1,"121":0,"122":0,"123":0,"124":0,"125":0},"b":{"3":[1315,0],"4":[1315,0],"5":[0,0],"6":[0,0],"7":[0,0]},"statementMap":{"3":{"start":{"line":11,"column":16},"end":{"line":null,"column":null}},"4":{"start":{"line":19,"column":16},"end":{"line":null,"column":null}},"5":{"start":{"line":93,"column":16},"end":{"line":null,"column":null}},"6":{"start":{"line":120,"column":16},"end":{"line":null,"column":null}},"7":{"start":{"line":3,"column":0},"end":{"line":null,"column":null}},"9":{"start":{"line":4,"column":0},"end":{"line":null,"column":null}},"10":{"start":{"line":5,"column":0},"end":{"line":null,"column":null}},"12":{"start":{"line":6,"column":0},"end":{"line":null,"column":null}},"15":{"start":{"line":11,"column":7},"end":{"line":null,"column":null}},"16":{"start":{"line":12,"column":10},"end":{"line":12,"column":34}},"17":{"start":{"line":13,"column":9},"end":{"line":null,"column":null}},"18":{"start":{"line":19,"column":7},"end":{"line":null,"column":null}},"19":{"start":{"line":20,"column":6},"end":{"line":null,"column":null}},"20":{"start":{"line":21,"column":8},"end":{"line":null,"column":null}},"21":{"start":{"line":22,"column":8},"end":{"line":null,"column":null}},"22":{"start":{"line":23,"column":9},"end":{"line":null,"column":null}},"23":{"start":{"line":31,"column":0},"end":{"line":null,"column":null}},"24":{"start":{"line":32,"column":9},"end":{"line":32,"column":42}},"25":{"start":{"line":42,"column":0},"end":{"line":null,"column":null}},"26":{"start":{"line":43,"column":6},"end":{"line":null,"column":null}},"27":{"start":{"line":53,"column":9},"end":{"line":null,"column":null}},"28":{"start":{"line":63,"column":0},"end":{"line":null,"column":null}},"29":{"start":{"line":64,"column":8},"end":{"line":null,"column":null}},"30":{"start":{"line":65,"column":8},"end":{"line":null,"column":null}},"31":{"start":{"line":66,"column":6},"end":{"line":null,"column":null}},"32":{"start":{"line":67,"column":12},"end":{"line":67,"column":12}},"33":{"start":{"line":70,"column":6},"end":{"line":null,"column":null}},"34":{"start":{"line":80,"column":6},"end":{"line":null,"column":null}},"35":{"start":{"line":81,"column":9},"end":{"line":null,"column":null}},"36":{"start":{"line":84,"column":6},"end":{"line":null,"column":null}},"37":{"start":{"line":85,"column":12},"end":{"line":85,"column":60}},"38":{"start":{"line":93,"column":7},"end":{"line":null,"column":null}},"39":{"start":{"line":94,"column":6},"end":{"line":null,"column":null}},"40":{"start":{"line":95,"column":10},"end":{"line":null,"column":null}},"41":{"start":{"line":96,"column":8},"end":{"line":null,"column":null}},"42":{"start":{"line":97,"column":13},"end":{"line":null,"column":null}},"43":{"start":{"line":101,"column":10},"end":{"line":null,"column":null}},"44":{"start":{"line":103,"column":9},"end":{"line":null,"column":null}},"45":{"start":{"line":106,"column":7},"end":{"line":null,"column":null}},"46":{"start":{"line":108,"column":23},"end":{"line":106,"column":19}},"47":{"start":{"line":109,"column":23},"end":{"line":106,"column":19}},"48":{"start":{"line":110,"column":24},"end":{"line":106,"column":19}},"49":{"start":{"line":111,"column":24},"end":{"line":106,"column":19}},"50":{"start":{"line":112,"column":24},"end":{"line":null,"column":null}},"51":{"start":{"line":120,"column":7},"end":{"line":null,"column":null}},"52":{"start":{"line":121,"column":9},"end":{"line":null,"column":null}},"53":{"start":{"line":122,"column":10},"end":{"line":null,"column":null}},"54":{"start":{"line":123,"column":10},"end":{"line":null,"column":null}},"55":{"start":{"line":124,"column":8},"end":{"line":null,"column":null}},"56":{"start":{"line":125,"column":11},"end":{"line":null,"column":null}}},"fnMap":{"2":{"name":"die","line":11,"loc":{"start":{"line":11,"column":7},"end":{"line":11,"column":25}}},"3":{"name":"functionName","line":19,"loc":{"start":{"line":19,"column":7},"end":{"line":19,"column":34}}},"4":{"name":"getCurrentLogLevel","line":31,"loc":{"start":{"line":31,"column":0},"end":{"line":31,"column":30}}},"5":{"name":"getNumericalLogLevel","line":42,"loc":{"start":{"line":42,"column":0},"end":{"line":42,"column":40}}},"6":{"name":"doLog","line":63,"loc":{"start":{"line":63,"column":0},"end":{"line":63,"column":33}}},"7":{"name":"isDir","line":93,"loc":{"start":{"line":93,"column":7},"end":{"line":93,"column":28}}},"8":{"name":"timingDecorator","line":120,"loc":{"start":{"line":120,"column":7},"end":{"line":120,"column":35}}},"9":{"name":"(anonymous_9)","line":121,"loc":{"start":{"line":121,"column":9},"end":{"line":121,"column":20}}}},"branchMap":{"3":{"line":32,"type":"binary-expr","locations":[{"start":{"line":32,"column":9},"end":{"line":32,"column":9}},{"start":{"line":32,"column":34},"end":{"line":32,"column":2}}]},"4":{"line":66,"type":"if","locations":[{"start":{"line":66,"column":6},"end":{"line":66,"column":6}},{"start":{"line":66,"column":6},"end":{"line":66,"column":6}}]},"5":{"line":80,"type":"if","locations":[{"start":{"line":80,"column":6},"end":{"line":80,"column":6}},{"start":{"line":80,"column":6},"end":{"line":80,"column":6}}]},"6":{"line":84,"type":"if","locations":[{"start":{"line":84,"column":6},"end":{"line":84,"column":6}},{"start":{"line":84,"column":6},"end":{"line":84,"column":6}}]},"7":{"line":96,"type":"if","locations":[{"start":{"line":96,"column":8},"end":{"line":96,"column":8}},{"start":{"line":96,"column":8},"end":{"line":96,"column":8}}]}}},
"/Users/hrmoller/workspace/serviceprovider/src/transformers/facets.js":{"path":"/Users/hrmoller/workspace/serviceprovider/src/transformers/facets.js","s":{"2":1,"3":1,"4":4,"5":4,"6":4,"7":4,"8":44,"9":1,"10":4,"11":4,"12":0,"13":4,"14":4,"15":4,"16":4,"17":4,"18":4,"19":0,"20":4,"21":4,"22":44,"23":44,"24":35,"25":126,"26":4,"27":0,"28":0},"f":{"1":4},"l":{"3":1,"5":1,"6":4,"7":4,"8":4,"10":4,"23":44,"34":4,"35":4,"36":0,"42":4,"44":4,"45":4,"46":4,"47":4,"49":4,"50":0,"56":4,"57":4,"58":44,"59":44,"60":126,"66":4,"72":0,"76":0},"b":{"1":[4,2,2],"2":[4,2],"3":[0,4],"4":[0,4],"5":[4,0],"6":[4,0],"7":[35,9]},"statementMap":{"2":{"start":{"line":3,"column":0},"end":{"line":null,"column":null}},"3":{"start":{"line":5,"column":0},"end":{"line":null,"column":null}},"4":{"start":{"line":6,"column":8},"end":{"line":null,"column":null}},"5":{"start":{"line":7,"column":8},"end":{"line":null,"column":null}},"6":{"start":{"line":8,"column":8},"end":{"line":null,"column":null}},"7":{"start":{"line":10,"column":10},"end":{"line":null,"column":null}},"8":{"start":{"line":23,"column":2},"end":{"line":22,"column":10}},"9":{"start":{"line":34,"column":15},"end":{"line":null,"column":null}},"10":{"start":{"line":34,"column":36},"end":{"line":null,"column":null}},"11":{"start":{"line":35,"column":6},"end":{"line":null,"column":null}},"12":{"start":{"line":36,"column":11},"end":{"line":null,"column":null}},"13":{"start":{"line":42,"column":8},"end":{"line":null,"column":null}},"14":{"start":{"line":44,"column":9},"end":{"line":null,"column":null}},"15":{"start":{"line":45,"column":8},"end":{"line":null,"column":null}},"16":{"start":{"line":46,"column":12},"end":{"line":null,"column":null}},"17":{"start":{"line":47,"column":13},"end":{"line":null,"column":null}},"18":{"start":{"line":49,"column":10},"end":{"line":null,"column":null}},"19":{"start":{"line":50,"column":15},"end":{"line":null,"column":null}},"20":{"start":{"line":56,"column":12},"end":{"line":null,"column":null}},"21":{"start":{"line":57,"column":13},"end":{"line":null,"column":null}},"22":{"start":{"line":58,"column":14},"end":{"line":null,"column":null}},"23":{"start":{"line":59,"column":12},"end":{"line":null,"column":null}},"24":{"start":{"line":60,"column":17},"end":{"line":null,"column":null}},"25":{"start":{"line":60,"column":51},"end":{"line":60,"column":45}},"26":{"start":{"line":66,"column":13},"end":{"line":null,"column":null}},"27":{"start":{"line":72,"column":10},"end":{"line":null,"column":null}},"28":{"start":{"line":76,"column":13},"end":{"line":null,"column":null}}},"fnMap":{"1":{"name":"generateSoap","line":5,"loc":{"start":{"line":5,"column":0},"end":{"line":5,"column":39}}}},"branchMap":{"1":{"line":6,"type":"binary-expr","locations":[{"start":{"line":6,"column":18},"end":{"line":6,"column":50}},{"start":{"line":6,"column":50},"end":{"line":6,"column":17}},{"start":{"line":6,"column":68},"end":{"line":6,"column":2}}]},"2":{"line":19,"type":"binary-expr","locations":[{"start":{"line":19,"column":30},"end":{"line":19,"column":60}},{"start":{"line":19,"column":60},"end":{"line":19,"column":63}}]},"3":{"line":35,"type":"if","locations":[{"start":{"line":35,"column":6},"end":{"line":35,"column":6}},{"start":{"line":35,"column":6},"end":{"line":35,"column":6}}]},"4":{"line":49,"type":"if","locations":[{"start":{"line":49,"column":10},"end":{"line":49,"column":10}},{"start":{"line":49,"column":10},"end":{"line":49,"column":10}}]},"5":{"line":56,"type":"binary-expr","locations":[{"start":{"line":56,"column":22},"end":{"line":56,"column":22}},{"start":{"line":56,"column":63},"end":{"line":56,"column":6}}]},"6":{"line":56,"type":"binary-expr","locations":[{"start":{"line":56,"column":23},"end":{"line":56,"column":23}},{"start":{"line":56,"column":50},"end":{"line":56,"column":22}}]},"7":{"line":59,"type":"if","locations":[{"start":{"line":59,"column":12},"end":{"line":59,"column":12}},{"start":{"line":59,"column":12},"end":{"line":59,"column":12}}]}}},
"/Users/hrmoller/workspace/serviceprovider/src/transformers/search.js":{"path":"/Users/hrmoller/workspace/serviceprovider/src/transformers/search.js","s":{"2":1,"4":1,"7":1,"8":1,"9":6,"10":6,"11":6,"12":6,"13":18,"14":18,"15":5,"16":6,"17":2,"18":4,"19":4,"20":1,"21":3,"22":16,"23":3,"24":3,"25":3,"26":16,"27":3},"f":{},"l":{"3":1,"4":1,"6":1,"8":1,"9":6,"10":6,"13":6,"14":6,"15":18,"16":18,"18":5,"22":6,"24":2,"27":4,"29":4,"30":1,"34":16,"35":3,"37":3,"38":3,"39":16,"41":3},"b":{"3":[6,2],"4":[5,13],"5":[18,15],"6":[2,4],"7":[1,3]},"statementMap":{"2":{"start":{"line":3,"column":0},"end":{"line":null,"column":null}},"4":{"start":{"line":4,"column":0},"end":{"line":null,"column":null}},"7":{"start":{"line":6,"column":0},"end":{"line":null,"column":null}},"8":{"start":{"line":8,"column":15},"end":{"line":null,"column":null}},"9":{"start":{"line":9,"column":6},"end":{"line":null,"column":null}},"10":{"start":{"line":10,"column":6},"end":{"line":null,"column":null}},"11":{"start":{"line":13,"column":6},"end":{"line":null,"column":null}},"12":{"start":{"line":14,"column":9},"end":{"line":null,"column":null}},"13":{"start":{"line":15,"column":8},"end":{"line":null,"column":null}},"14":{"start":{"line":16,"column":8},"end":{"line":null,"column":null}},"15":{"start":{"line":18,"column":17},"end":{"line":null,"column":null}},"16":{"start":{"line":22,"column":6},"end":{"line":null,"column":null}},"17":{"start":{"line":24,"column":11},"end":{"line":null,"column":null}},"18":{"start":{"line":27,"column":9},"end":{"line":null,"column":null}},"19":{"start":{"line":29,"column":8},"end":{"line":null,"column":null}},"20":{"start":{"line":30,"column":13},"end":{"line":null,"column":null}},"21":{"start":{"line":34,"column":8},"end":{"line":null,"column":null}},"22":{"start":{"line":34,"column":51},"end":{"line":34,"column":29}},"23":{"start":{"line":35,"column":11},"end":{"line":null,"column":null}},"24":{"start":{"line":37,"column":10},"end":{"line":null,"column":null}},"25":{"start":{"line":38,"column":11},"end":{"line":null,"column":null}},"26":{"start":{"line":39,"column":15},"end":{"line":null,"column":null}},"27":{"start":{"line":41,"column":13},"end":{"line":null,"column":null}}},"fnMap":{},"branchMap":{"3":{"line":10,"type":"binary-expr","locations":[{"start":{"line":10,"column":15},"end":{"line":10,"column":15}},{"start":{"line":10,"column":32},"end":{"line":10,"column":2}}]},"4":{"line":16,"type":"if","locations":[{"start":{"line":16,"column":8},"end":{"line":16,"column":8}},{"start":{"line":16,"column":8},"end":{"line":16,"column":8}}]},"5":{"line":16,"type":"binary-expr","locations":[{"start":{"line":16,"column":8},"end":{"line":16,"column":28}},{"start":{"line":17,"column":11},"end":{"line":16,"column":4}}]},"6":{"line":22,"type":"if","locations":[{"start":{"line":22,"column":6},"end":{"line":22,"column":6}},{"start":{"line":22,"column":6},"end":{"line":22,"column":6}}]},"7":{"line":29,"type":"if","locations":[{"start":{"line":29,"column":8},"end":{"line":29,"column":8}},{"start":{"line":29,"column":8},"end":{"line":29,"column":8}}]}}},
"/Users/hrmoller/workspace/serviceprovider/src/transformers/opensearchSearch.js":{"path":"/Users/hrmoller/workspace/serviceprovider/src/transformers/opensearchSearch.js","s":{"2":1,"3":1,"4":11,"5":0,"6":11,"7":11,"8":11,"9":11,"10":11,"11":11,"12":11,"13":11,"14":11,"15":11,"16":2,"17":9,"18":9,"19":9,"20":9,"21":29,"22":54,"23":29,"24":29,"25":29,"26":54,"27":54,"28":29,"29":9},"f":{},"l":{"3":1,"5":1,"6":11,"7":0,"10":11,"11":11,"12":11,"13":11,"14":11,"15":11,"17":11,"37":11,"38":11,"39":11,"40":2,"45":9,"47":9,"48":9,"49":9,"50":54,"51":29,"52":29,"53":29,"55":54,"56":54,"59":29,"64":9},"b":{"1":[0,11],"2":[11,9],"3":[11,11],"4":[11,4],"5":[2,9],"6":[2,9],"7":[9,2]},"statementMap":{"2":{"start":{"line":3,"column":0},"end":{"line":null,"column":null}},"3":{"start":{"line":5,"column":15},"end":{"line":null,"column":null}},"4":{"start":{"line":6,"column":6},"end":{"line":null,"column":null}},"5":{"start":{"line":7,"column":11},"end":{"line":null,"column":null}},"6":{"start":{"line":10,"column":6},"end":{"line":null,"column":null}},"7":{"start":{"line":11,"column":6},"end":{"line":null,"column":null}},"8":{"start":{"line":12,"column":6},"end":{"line":null,"column":null}},"9":{"start":{"line":13,"column":6},"end":{"line":null,"column":null}},"10":{"start":{"line":14,"column":6},"end":{"line":null,"column":null}},"11":{"start":{"line":15,"column":6},"end":{"line":null,"column":null}},"12":{"start":{"line":17,"column":6},"end":{"line":null,"column":null}},"13":{"start":{"line":37,"column":9},"end":{"line":null,"column":null}},"14":{"start":{"line":38,"column":11},"end":{"line":null,"column":null}},"15":{"start":{"line":39,"column":8},"end":{"line":null,"column":null}},"16":{"start":{"line":40,"column":13},"end":{"line":null,"column":null}},"17":{"start":{"line":45,"column":11},"end":{"line":null,"column":null}},"18":{"start":{"line":47,"column":8},"end":{"line":null,"column":null}},"19":{"start":{"line":48,"column":8},"end":{"line":null,"column":null}},"20":{"start":{"line":49,"column":17},"end":{"line":null,"column":null}},"21":{"start":{"line":50,"column":10},"end":{"line":null,"column":null}},"22":{"start":{"line":50,"column":54},"end":{"line":50,"column":23}},"23":{"start":{"line":51,"column":10},"end":{"line":null,"column":null}},"24":{"start":{"line":52,"column":14},"end":{"line":null,"column":null}},"25":{"start":{"line":53,"column":10},"end":{"line":null,"column":null}},"26":{"start":{"line":55,"column":17},"end":{"line":null,"column":null}},"27":{"start":{"line":56,"column":17},"end":{"line":null,"column":null}},"28":{"start":{"line":59,"column":13},"end":{"line":null,"column":null}},"29":{"start":{"line":64,"column":11},"end":{"line":null,"column":null}}},"fnMap":{},"branchMap":{"1":{"line":6,"type":"if","locations":[{"start":{"line":6,"column":6},"end":{"line":6,"column":6}},{"start":{"line":6,"column":6},"end":{"line":6,"column":6}}]},"2":{"line":13,"type":"binary-expr","locations":[{"start":{"line":13,"column":14},"end":{"line":13,"column":14}},{"start":{"line":13,"column":29},"end":{"line":13,"column":13}}]},"3":{"line":14,"type":"binary-expr","locations":[{"start":{"line":14,"column":20},"end":{"line":14,"column":51}},{"start":{"line":14,"column":51},"end":{"line":14,"column":15}}]},"4":{"line":15,"type":"binary-expr","locations":[{"start":{"line":15,"column":14},"end":{"line":15,"column":44}},{"start":{"line":15,"column":44},"end":{"line":15,"column":2}}]},"5":{"line":26,"type":"cond-expr","locations":[{"start":{"line":26,"column":13},"end":{"line":26,"column":8}},{"start":{"line":26,"column":51},"end":{"line":26,"column":54}}]},"6":{"line":39,"type":"if","locations":[{"start":{"line":39,"column":8},"end":{"line":39,"column":8}},{"start":{"line":39,"column":8},"end":{"line":39,"column":8}}]},"7":{"line":47,"type":"binary-expr","locations":[{"start":{"line":47,"column":23},"end":{"line":47,"column":23}},{"start":{"line":47,"column":44},"end":{"line":47,"column":4}}]}}},
"/Users/hrmoller/workspace/serviceprovider/src/requestTypeIdentifier.js":{"path":"/Users/hrmoller/workspace/serviceprovider/src/requestTypeIdentifier.js","s":{"3":1,"4":1,"5":1,"6":1,"7":1,"9":1,"12":1,"13":1,"14":2,"15":2,"16":2,"17":466,"18":466,"19":466,"20":466,"21":448,"22":302,"23":448,"24":448,"25":2,"26":1,"27":1,"28":1381,"29":1381,"30":495,"31":1381,"32":1381,"33":0,"34":0,"35":0,"36":1381,"37":1,"38":1,"39":93,"40":282,"41":93,"42":0,"43":1,"44":3,"45":3,"46":111,"47":111,"48":0,"49":111,"50":111,"51":0,"52":111,"53":3,"54":93,"55":0,"56":0,"57":93,"58":3,"59":1,"60":3,"61":1,"62":83,"63":83,"64":850,"66":821,"67":821,"68":412,"69":821,"70":1213,"71":1213,"72":1213,"73":1213,"74":0,"75":1213,"76":1213,"77":83},"f":{"2":2,"3":1381,"4":93,"5":3,"6":111,"7":93,"8":0,"9":3,"10":83},"l":{"17":1,"18":1,"20":1,"25":1,"26":2,"27":2,"29":2,"30":466,"31":466,"32":466,"33":466,"34":448,"35":302,"37":448,"38":448,"42":2,"45":1,"55":1,"56":1381,"57":1381,"58":495,"60":1381,"61":1381,"62":0,"63":0,"64":0,"67":1381,"73":1,"84":1,"85":93,"86":282,"87":93,"91":0,"102":1,"103":3,"122":3,"124":111,"125":111,"126":0,"129":111,"131":111,"132":0,"134":111,"145":3,"146":93,"147":0,"148":0,"152":93,"155":3,"163":1,"164":3,"172":1,"173":83,"174":83,"175":850,"178":821,"179":821,"180":412,"182":821,"183":1213,"184":1213,"185":1213,"187":1213,"188":0,"191":1213,"192":1213,"197":83},"b":{"3":[448,18],"4":[302,146],"5":[495,886],"6":[0,1381],"7":[93,189],"8":[0,111],"9":[111,111],"10":[0,111],"11":[0,93],"12":[29,821],"13":[412,409],"14":[1213,412],"15":[435,778],"16":[0,1213],"17":[1213,1035]},"statementMap":{"3":{"start":{"line":25,"column":16},"end":{"line":null,"column":null}},"4":{"start":{"line":102,"column":16},"end":{"line":null,"column":null}},"5":{"start":{"line":163,"column":16},"end":{"line":null,"column":null}},"6":{"start":{"line":172,"column":16},"end":{"line":null,"column":null}},"7":{"start":{"line":17,"column":0},"end":{"line":null,"column":null}},"9":{"start":{"line":18,"column":0},"end":{"line":null,"column":null}},"12":{"start":{"line":20,"column":0},"end":{"line":null,"column":null}},"13":{"start":{"line":25,"column":7},"end":{"line":null,"column":null}},"14":{"start":{"line":26,"column":8},"end":{"line":null,"column":null}},"15":{"start":{"line":27,"column":8},"end":{"line":null,"column":null}},"16":{"start":{"line":29,"column":7},"end":{"line":null,"column":null}},"17":{"start":{"line":30,"column":10},"end":{"line":null,"column":null}},"18":{"start":{"line":31,"column":8},"end":{"line":null,"column":null}},"19":{"start":{"line":32,"column":10},"end":{"line":null,"column":null}},"20":{"start":{"line":33,"column":8},"end":{"line":null,"column":null}},"21":{"start":{"line":34,"column":10},"end":{"line":null,"column":null}},"22":{"start":{"line":35,"column":14},"end":{"line":null,"column":null}},"23":{"start":{"line":37,"column":11},"end":{"line":null,"column":null}},"24":{"start":{"line":38,"column":13},"end":{"line":null,"column":null}},"25":{"start":{"line":42,"column":9},"end":{"line":null,"column":null}},"26":{"start":{"line":45,"column":0},"end":{"line":null,"column":null}},"27":{"start":{"line":55,"column":0},"end":{"line":null,"column":null}},"28":{"start":{"line":56,"column":6},"end":{"line":null,"column":null}},"29":{"start":{"line":57,"column":6},"end":{"line":null,"column":null}},"30":{"start":{"line":58,"column":14},"end":{"line":null,"column":null}},"31":{"start":{"line":60,"column":6},"end":{"line":null,"column":null}},"32":{"start":{"line":61,"column":6},"end":{"line":null,"column":null}},"33":{"start":{"line":62,"column":8},"end":{"line":null,"column":null}},"34":{"start":{"line":63,"column":14},"end":{"line":null,"column":null}},"35":{"start":{"line":64,"column":15},"end":{"line":null,"column":null}},"36":{"start":{"line":67,"column":9},"end":{"line":null,"column":null}},"37":{"start":{"line":73,"column":7},"end":{"line":null,"column":null}},"38":{"start":{"line":84,"column":0},"end":{"line":null,"column":null}},"39":{"start":{"line":85,"column":7},"end":{"line":null,"column":null}},"40":{"start":{"line":86,"column":8},"end":{"line":null,"column":null}},"41":{"start":{"line":87,"column":13},"end":{"line":null,"column":null}},"42":{"start":{"line":91,"column":9},"end":{"line":null,"column":null}},"43":{"start":{"line":102,"column":7},"end":{"line":null,"column":null}},"44":{"start":{"line":103,"column":7},"end":{"line":null,"column":null}},"45":{"start":{"line":122,"column":7},"end":{"line":null,"column":null}},"46":{"start":{"line":124,"column":10},"end":{"line":null,"column":null}},"47":{"start":{"line":125,"column":8},"end":{"line":null,"column":null}},"48":{"start":{"line":126,"column":10},"end":{"line":null,"column":null}},"49":{"start":{"line":129,"column":10},"end":{"line":null,"column":null}},"50":{"start":{"line":131,"column":8},"end":{"line":null,"column":null}},"51":{"start":{"line":132,"column":10},"end":{"line":null,"column":null}},"52":{"start":{"line":134,"column":11},"end":{"line":null,"column":null}},"53":{"start":{"line":145,"column":7},"end":{"line":null,"column":null}},"54":{"start":{"line":146,"column":8},"end":{"line":null,"column":null}},"55":{"start":{"line":147,"column":10},"end":{"line":null,"column":null}},"56":{"start":{"line":148,"column":15},"end":{"line":null,"column":null}},"57":{"start":{"line":152,"column":11},"end":{"line":null,"column":null}},"58":{"start":{"line":155,"column":7},"end":{"line":null,"column":null}},"59":{"start":{"line":163,"column":7},"end":{"line":null,"column":null}},"60":{"start":{"line":164,"column":9},"end":{"line":null,"column":null}},"61":{"start":{"line":172,"column":7},"end":{"line":null,"column":null}},"62":{"start":{"line":173,"column":6},"end":{"line":null,"column":null}},"63":{"start":{"line":174,"column":7},"end":{"line":null,"column":null}},"64":{"start":{"line":175,"column":8},"end":{"line":null,"column":null}},"66":{"start":{"line":178,"column":8},"end":{"line":null,"column":null}},"67":{"start":{"line":179,"column":8},"end":{"line":null,"column":null}},"68":{"start":{"line":180,"column":16},"end":{"line":null,"column":null}},"69":{"start":{"line":182,"column":12},"end":{"line":null,"column":null}},"70":{"start":{"line":183,"column":12},"end":{"line":null,"column":null}},"71":{"start":{"line":184,"column":12},"end":{"line":184,"column":66}},"72":{"start":{"line":185,"column":12},"end":{"line":null,"column":null}},"73":{"start":{"line":187,"column":10},"end":{"line":null,"column":null}},"74":{"start":{"line":188,"column":12},"end":{"line":null,"column":null}},"75":{"start":{"line":191,"column":15},"end":{"line":null,"column":null}},"76":{"start":{"line":192,"column":15},"end":{"line":null,"column":null}},"77":{"start":{"line":197,"column":9},"end":{"line":null,"column":null}}},"fnMap":{"2":{"name":"makeReverseContext","line":25,"loc":{"start":{"line":25,"column":7},"end":{"line":25,"column":37}}},"3":{"name":"getField","line":55,"loc":{"start":{"line":55,"column":0},"end":{"line":55,"column":33}}},"4":{"name":"isRequestType","line":84,"loc":{"start":{"line":84,"column":0},"end":{"line":84,"column":29}}},"5":{"name":"TypeID","line":102,"loc":{"start":{"line":102,"column":7},"end":{"line":102,"column":25}}},"6":{"name":"(anonymous_6)","line":122,"loc":{"start":{"line":122,"column":17},"end":{"line":122,"column":33}}},"7":{"name":"(anonymous_7)","line":145,"loc":{"start":{"line":145,"column":16},"end":{"line":145,"column":38}}},"8":{"name":"(anonymous_8)","line":147,"loc":{"start":{"line":147,"column":119},"end":{"line":147,"column":131}}},"9":{"name":"makeTypeID","line":163,"loc":{"start":{"line":163,"column":7},"end":{"line":163,"column":29}}},"10":{"name":"workToJSON","line":172,"loc":{"start":{"line":172,"column":7},"end":{"line":172,"column":45}}}},"branchMap":{"3":{"line":33,"type":"if","locations":[{"start":{"line":33,"column":8},"end":{"line":33,"column":8}},{"start":{"line":33,"column":8},"end":{"line":33,"column":8}}]},"4":{"line":34,"type":"if","locations":[{"start":{"line":34,"column":10},"end":{"line":34,"column":10}},{"start":{"line":34,"column":10},"end":{"line":34,"column":10}}]},"5":{"line":57,"type":"if","locations":[{"start":{"line":57,"column":6},"end":{"line":57,"column":6}},{"start":{"line":57,"column":6},"end":{"line":57,"column":6}}]},"6":{"line":61,"type":"if","locations":[{"start":{"line":61,"column":6},"end":{"line":61,"column":6}},{"start":{"line":61,"column":6},"end":{"line":61,"column":6}}]},"7":{"line":86,"type":"if","locations":[{"start":{"line":86,"column":8},"end":{"line":86,"column":8}},{"start":{"line":86,"column":8},"end":{"line":86,"column":8}}]},"8":{"line":125,"type":"if","locations":[{"start":{"line":125,"column":8},"end":{"line":125,"column":8}},{"start":{"line":125,"column":8},"end":{"line":125,"column":8}}]},"9":{"line":125,"type":"binary-expr","locations":[{"start":{"line":125,"column":8},"end":{"line":125,"column":8}},{"start":{"line":125,"column":38},"end":{"line":125,"column":4}}]},"10":{"line":131,"type":"if","locations":[{"start":{"line":131,"column":8},"end":{"line":131,"column":8}},{"start":{"line":131,"column":8},"end":{"line":131,"column":8}}]},"11":{"line":146,"type":"if","locations":[{"start":{"line":146,"column":8},"end":{"line":146,"column":8}},{"start":{"line":146,"column":8},"end":{"line":146,"column":8}}]},"12":{"line":175,"type":"if","locations":[{"start":{"line":175,"column":8},"end":{"line":175,"column":8}},{"start":{"line":175,"column":8},"end":{"line":175,"column":8}}]},"13":{"line":179,"type":"if","locations":[{"start":{"line":179,"column":8},"end":{"line":179,"column":8}},{"start":{"line":179,"column":8},"end":{"line":179,"column":8}}]},"14":{"line":183,"type":"binary-expr","locations":[{"start":{"line":183,"column":23},"end":{"line":183,"column":37}},{"start":{"line":183,"column":37},"end":{"line":183,"column":22}}]},"15":{"line":184,"type":"cond-expr","locations":[{"start":{"line":184,"column":36},"end":{"line":184,"column":19}},{"start":{"line":184,"column":55},"end":{"line":184,"column":6}}]},"16":{"line":187,"type":"if","locations":[{"start":{"line":187,"column":10},"end":{"line":187,"column":10}},{"start":{"line":187,"column":10},"end":{"line":187,"column":10}}]},"17":{"line":191,"type":"binary-expr","locations":[{"start":{"line":191,"column":27},"end":{"line":191,"column":47}},{"start":{"line":191,"column":47},"end":{"line":191,"column":8}}]}}},
"/Users/hrmoller/workspace/serviceprovider/src/transformers/libraries.js":{"path":"/Users/hrmoller/workspace/serviceprovider/src/transformers/libraries.js","s":{"2":1,"3":1,"4":1,"5":1,"6":1,"7":527,"8":527,"9":527,"10":527,"11":527,"12":527,"13":271,"14":1352,"15":778,"16":778,"17":778,"18":527,"19":1,"20":34747,"21":30201,"22":4546,"23":3425,"24":6737,"25":6737,"26":1121,"27":1121,"28":2359,"29":1238,"30":1121,"31":1,"32":1,"33":1,"34":527,"35":1,"36":1103,"37":1,"38":1,"39":1,"40":1,"41":1,"42":1103,"43":1103,"44":40774,"45":34747,"46":1103,"47":1,"48":1,"49":1103,"50":1,"51":1,"52":1,"53":1,"54":1,"55":1,"56":1,"57":1,"58":2,"59":0,"60":0,"61":2,"62":1,"63":1,"64":1,"65":1,"66":1103,"67":2,"68":1,"69":1,"70":3,"71":1,"72":1103,"73":2,"74":1,"75":2,"76":2,"77":1,"78":1,"79":2},"f":{"1":527,"2":34747,"3":1,"4":1,"5":1,"6":2,"7":2},"l":{"3":1,"4":1,"5":1,"7":1,"8":527,"19":527,"20":527,"21":527,"23":527,"30":527,"31":271,"32":1352,"33":778,"34":778,"35":778,"40":527,"44":1,"45":34747,"46":30201,"48":4546,"49":6737,"52":1121,"53":1121,"54":2359,"55":1238,"59":1121,"62":1,"63":1,"64":1,"65":527,"67":1,"68":1103,"71":1,"72":1,"73":1,"76":1,"77":1,"78":1103,"80":1103,"81":40774,"82":34747,"84":1103,"87":1,"88":1,"89":1103,"92":1,"93":1,"94":1,"97":1,"98":1,"109":1,"111":1,"114":1,"115":2,"116":0,"117":0,"120":2,"121":1,"122":1,"123":1,"126":1103,"129":2,"130":1,"131":1,"132":3,"134":1103,"137":2,"140":1,"141":2,"143":2,"144":1,"147":1,"150":2},"b":{"1":[271,256],"2":[778,574],"3":[778,370],"4":[30201,4546],"5":[3425,1121],"6":[1238,1121],"7":[2359,1238],"8":[40774,39671],"9":[0,2],"10":[1,1],"11":[1,1],"12":[1,1]},"statementMap":{"2":{"start":{"line":140,"column":24},"end":{"line":null,"column":null}},"3":{"start":{"line":3,"column":0},"end":{"line":null,"column":null}},"4":{"start":{"line":4,"column":0},"end":{"line":null,"column":null}},"5":{"start":{"line":5,"column":0},"end":{"line":null,"column":null}},"6":{"start":{"line":7,"column":0},"end":{"line":null,"column":null}},"7":{"start":{"line":8,"column":8},"end":{"line":null,"column":null}},"8":{"start":{"line":19,"column":9},"end":{"line":null,"column":null}},"9":{"start":{"line":20,"column":10},"end":{"line":null,"column":null}},"10":{"start":{"line":21,"column":10},"end":{"line":null,"column":null}},"11":{"start":{"line":23,"column":10},"end":{"line":null,"column":null}},"12":{"start":{"line":30,"column":8},"end":{"line":null,"column":null}},"13":{"start":{"line":31,"column":11},"end":{"line":null,"column":null}},"14":{"start":{"line":32,"column":12},"end":{"line":null,"column":null}},"15":{"start":{"line":33,"column":14},"end":{"line":null,"column":null}},"16":{"start":{"line":34,"column":22},"end":{"line":null,"column":null}},"17":{"start":{"line":35,"column":17},"end":{"line":null,"column":null}},"18":{"start":{"line":40,"column":11},"end":{"line":null,"column":null}},"19":{"start":{"line":44,"column":0},"end":{"line":null,"column":null}},"20":{"start":{"line":45,"column":6},"end":{"line":null,"column":null}},"21":{"start":{"line":46,"column":11},"end":{"line":null,"column":null}},"22":{"start":{"line":48,"column":7},"end":{"line":null,"column":null}},"23":{"start":{"line":49,"column":11},"end":{"line":null,"column":null}},"24":{"start":{"line":49,"column":27},"end":{"line":49,"column":11}},"25":{"start":{"line":49,"column":43},"end":{"line":49,"column":11}},"26":{"start":{"line":52,"column":8},"end":{"line":null,"column":null}},"27":{"start":{"line":53,"column":7},"end":{"line":null,"column":null}},"28":{"start":{"line":54,"column":8},"end":{"line":null,"column":null}},"29":{"start":{"line":55,"column":10},"end":{"line":null,"column":null}},"30":{"start":{"line":59,"column":9},"end":{"line":null,"column":null}},"31":{"start":{"line":62,"column":0},"end":{"line":null,"column":null}},"32":{"start":{"line":63,"column":8},"end":{"line":null,"column":null}},"33":{"start":{"line":64,"column":7},"end":{"line":null,"column":null}},"34":{"start":{"line":65,"column":26},"end":{"line":null,"column":null}},"35":{"start":{"line":67,"column":7},"end":{"line":null,"column":null}},"36":{"start":{"line":68,"column":12},"end":{"line":null,"column":null}},"37":{"start":{"line":71,"column":10},"end":{"line":null,"column":null}},"38":{"start":{"line":72,"column":14},"end":{"line":null,"column":null}},"39":{"start":{"line":73,"column":9},"end":{"line":null,"column":null}},"40":{"start":{"line":76,"column":0},"end":{"line":null,"column":null}},"41":{"start":{"line":77,"column":8},"end":{"line":null,"column":null}},"42":{"start":{"line":78,"column":10},"end":{"line":null,"column":null}},"43":{"start":{"line":80,"column":11},"end":{"line":null,"column":null}},"44":{"start":{"line":81,"column":28},"end":{"line":80,"column":4}},"45":{"start":{"line":82,"column":23},"end":{"line":80,"column":4}},"46":{"start":{"line":84,"column":11},"end":{"line":null,"column":null}},"47":{"start":{"line":87,"column":8},"end":{"line":null,"column":null}},"48":{"start":{"line":88,"column":7},"end":{"line":null,"column":null}},"49":{"start":{"line":89,"column":13},"end":{"line":null,"column":null}},"50":{"start":{"line":92,"column":8},"end":{"line":null,"column":null}},"51":{"start":{"line":93,"column":8},"end":{"line":null,"column":null}},"52":{"start":{"line":94,"column":9},"end":{"line":null,"column":null}},"53":{"start":{"line":97,"column":0},"end":{"line":null,"column":null}},"54":{"start":{"line":98,"column":8},"end":{"line":null,"column":null}},"55":{"start":{"line":109,"column":9},"end":{"line":null,"column":null}},"56":{"start":{"line":111,"column":18},"end":{"line":109,"column":9}},"57":{"start":{"line":114,"column":0},"end":{"line":null,"column":null}},"58":{"start":{"line":115,"column":6},"end":{"line":null,"column":null}},"59":{"start":{"line":116,"column":17},"end":{"line":null,"column":null}},"60":{"start":{"line":117,"column":16},"end":{"line":null,"column":null}},"61":{"start":{"line":120,"column":6},"end":{"line":null,"column":null}},"62":{"start":{"line":121,"column":10},"end":{"line":null,"column":null}},"63":{"start":{"line":122,"column":9},"end":{"line":null,"column":null}},"64":{"start":{"line":123,"column":15},"end":{"line":null,"column":null}},"65":{"start":{"line":126,"column":16},"end":{"line":null,"column":null}},"66":{"start":{"line":126,"column":38},"end":{"line":126,"column":16}},"67":{"start":{"line":129,"column":6},"end":{"line":null,"column":null}},"68":{"start":{"line":130,"column":10},"end":{"line":null,"column":null}},"69":{"start":{"line":131,"column":9},"end":{"line":null,"column":null}},"70":{"start":{"line":132,"column":15},"end":{"line":null,"column":null}},"71":{"start":{"line":134,"column":16},"end":{"line":null,"column":null}},"72":{"start":{"line":134,"column":38},"end":{"line":134,"column":16}},"73":{"start":{"line":137,"column":9},"end":{"line":null,"column":null}},"74":{"start":{"line":140,"column":15},"end":{"line":null,"column":null}},"75":{"start":{"line":141,"column":6},"end":{"line":null,"column":null}},"76":{"start":{"line":143,"column":6},"end":{"line":null,"column":null}},"77":{"start":{"line":144,"column":14},"end":{"line":null,"column":null}},"78":{"start":{"line":147,"column":14},"end":{"line":null,"column":null}},"79":{"start":{"line":150,"column":9},"end":{"line":null,"column":null}}},"fnMap":{"1":{"name":"getOrderParameters","line":7,"loc":{"start":{"line":7,"column":0},"end":{"line":7,"column":47}}},"2":{"name":"libraryIterator","line":44,"loc":{"start":{"line":44,"column":0},"end":{"line":44,"column":30}}},"3":{"name":"orderParameterPromiseHandler","line":62,"loc":{"start":{"line":62,"column":0},"end":{"line":62,"column":76}}},"4":{"name":"openAgencyPromiseHandler","line":76,"loc":{"start":{"line":76,"column":0},"end":{"line":76,"column":55}}},"5":{"name":"getLibraries","line":97,"loc":{"start":{"line":97,"column":0},"end":{"line":97,"column":31}}},"6":{"name":"getLibrariesTransformPromiseHandler","line":114,"loc":{"start":{"line":114,"column":0},"end":{"line":114,"column":73}}},"7":{"name":"getLibrariesTransform","line":140,"loc":{"start":{"line":140,"column":15},"end":{"line":140,"column":63}}}},"branchMap":{"1":{"line":30,"type":"if","locations":[{"start":{"line":30,"column":8},"end":{"line":30,"column":8}},{"start":{"line":30,"column":8},"end":{"line":30,"column":8}}]},"2":{"line":32,"type":"if","locations":[{"start":{"line":32,"column":12},"end":{"line":32,"column":12}},{"start":{"line":32,"column":12},"end":{"line":32,"column":12}}]},"3":{"line":34,"type":"binary-expr","locations":[{"start":{"line":34,"column":22},"end":{"line":34,"column":49}},{"start":{"line":34,"column":49},"end":{"line":34,"column":10}}]},"4":{"line":45,"type":"if","locations":[{"start":{"line":45,"column":6},"end":{"line":45,"column":6}},{"start":{"line":45,"column":6},"end":{"line":45,"column":6}}]},"5":{"line":48,"type":"if","locations":[{"start":{"line":48,"column":7},"end":{"line":48,"column":7}},{"start":{"line":48,"column":7},"end":{"line":48,"column":7}}]},"6":{"line":54,"type":"if","locations":[{"start":{"line":54,"column":8},"end":{"line":54,"column":8}},{"start":{"line":54,"column":8},"end":{"line":54,"column":8}}]},"7":{"line":54,"type":"binary-expr","locations":[{"start":{"line":54,"column":8},"end":{"line":54,"column":8}},{"start":{"line":54,"column":24},"end":{"line":54,"column":4}}]},"8":{"line":81,"type":"binary-expr","locations":[{"start":{"line":81,"column":28},"end":{"line":81,"column":28}},{"start":{"line":81,"column":50},"end":{"line":80,"column":4}}]},"9":{"line":115,"type":"if","locations":[{"start":{"line":115,"column":6},"end":{"line":115,"column":6}},{"start":{"line":115,"column":6},"end":{"line":115,"column":6}}]},"10":{"line":120,"type":"if","locations":[{"start":{"line":120,"column":6},"end":{"line":120,"column":6}},{"start":{"line":120,"column":6},"end":{"line":120,"column":6}}]},"11":{"line":129,"type":"if","locations":[{"start":{"line":129,"column":6},"end":{"line":129,"column":6}},{"start":{"line":129,"column":6},"end":{"line":129,"column":6}}]},"12":{"line":143,"type":"if","locations":[{"start":{"line":143,"column":6},"end":{"line":143,"column":6}},{"start":{"line":143,"column":6},"end":{"line":143,"column":6}}]}}},
"/Users/hrmoller/workspace/serviceprovider/src/transformers/user.js":{"path":"/Users/hrmoller/workspace/serviceprovider/src/transformers/user.js","s":{"2":1,"3":1,"4":10,"5":10,"6":9,"7":10,"8":1,"9":0,"10":0,"11":0,"12":0,"13":1,"14":9,"15":9,"16":9,"17":54,"18":37,"19":9,"20":1,"21":3,"22":0,"23":3,"24":3,"25":3,"26":3,"27":3,"28":3,"29":3,"30":1,"31":2,"32":2,"33":2,"34":2,"35":2,"36":2,"37":2,"38":2,"39":1,"40":2,"41":2,"42":1,"43":2},"f":{"1":10,"2":0,"3":9},"l":{"7":1,"14":1,"16":10,"22":10,"23":9,"25":10,"33":1,"35":0,"42":0,"43":0,"45":0,"53":1,"54":9,"60":9,"62":9,"63":54,"64":37,"68":9,"80":1,"82":3,"83":0,"89":3,"100":3,"101":3,"102":3,"104":3,"105":3,"106":1,"112":2,"113":2,"114":2,"116":2,"117":2,"118":2,"121":2,"122":2,"123":1,"126":2,"133":2,"134":1,"137":2},"b":{"1":[9,1],"2":[0,0],"3":[37,17],"4":[54,38],"5":[0,3],"6":[3,3],"7":[0,3],"8":[1,2],"9":[2,0],"10":[2,0],"11":[1,1],"12":[1,1],"13":[1,1]},"statementMap":{"2":{"start":{"line":7,"column":0},"end":{"line":null,"column":null}},"3":{"start":{"line":14,"column":0},"end":{"line":null,"column":null}},"4":{"start":{"line":16,"column":8},"end":{"line":null,"column":null}},"5":{"start":{"line":22,"column":6},"end":{"line":null,"column":null}},"6":{"start":{"line":23,"column":11},"end":{"line":null,"column":null}},"7":{"start":{"line":25,"column":9},"end":{"line":null,"column":null}},"8":{"start":{"line":33,"column":0},"end":{"line":null,"column":null}},"9":{"start":{"line":35,"column":8},"end":{"line":null,"column":null}},"10":{"start":{"line":42,"column":6},"end":{"line":null,"column":null}},"11":{"start":{"line":43,"column":11},"end":{"line":null,"column":null}},"12":{"start":{"line":45,"column":9},"end":{"line":null,"column":null}},"13":{"start":{"line":53,"column":0},"end":{"line":null,"column":null}},"14":{"start":{"line":54,"column":8},"end":{"line":null,"column":null}},"15":{"start":{"line":60,"column":8},"end":{"line":null,"column":null}},"16":{"start":{"line":62,"column":14},"end":{"line":null,"column":null}},"17":{"start":{"line":63,"column":8},"end":{"line":null,"column":null}},"18":{"start":{"line":64,"column":13},"end":{"line":null,"column":null}},"19":{"start":{"line":68,"column":9},"end":{"line":null,"column":null}},"20":{"start":{"line":80,"column":15},"end":{"line":null,"column":null}},"21":{"start":{"line":82,"column":6},"end":{"line":null,"column":null}},"22":{"start":{"line":83,"column":11},"end":{"line":null,"column":null}},"23":{"start":{"line":89,"column":8},"end":{"line":null,"column":null}},"24":{"start":{"line":100,"column":8},"end":{"line":null,"column":null}},"25":{"start":{"line":101,"column":4},"end":{"line":100,"column":20}},"26":{"start":{"line":102,"column":68},"end":{"line":101,"column":4}},"27":{"start":{"line":104,"column":9},"end":{"line":null,"column":null}},"28":{"start":{"line":104,"column":61},"end":{"line":104,"column":9}},"29":{"start":{"line":105,"column":8},"end":{"line":null,"column":null}},"30":{"start":{"line":106,"column":13},"end":{"line":null,"column":null}},"31":{"start":{"line":112,"column":8},"end":{"line":null,"column":null}},"32":{"start":{"line":113,"column":8},"end":{"line":null,"column":null}},"33":{"start":{"line":114,"column":14},"end":{"line":null,"column":null}},"34":{"start":{"line":116,"column":8},"end":{"line":null,"column":null}},"35":{"start":{"line":117,"column":8},"end":{"line":null,"column":null}},"36":{"start":{"line":118,"column":15},"end":{"line":null,"column":null}},"37":{"start":{"line":121,"column":8},"end":{"line":null,"column":null}},"38":{"start":{"line":122,"column":8},"end":{"line":null,"column":null}},"39":{"start":{"line":123,"column":14},"end":{"line":null,"column":null}},"40":{"start":{"line":126,"column":10},"end":{"line":null,"column":null}},"41":{"start":{"line":133,"column":8},"end":{"line":null,"column":null}},"42":{"start":{"line":134,"column":11},"end":{"line":null,"column":null}},"43":{"start":{"line":137,"column":11},"end":{"line":null,"column":null}}},"fnMap":{"1":{"name":"loan","line":14,"loc":{"start":{"line":14,"column":0},"end":{"line":14,"column":24}}},"2":{"name":"debt","line":33,"loc":{"start":{"line":33,"column":0},"end":{"line":33,"column":24}}},"3":{"name":"order","line":53,"loc":{"start":{"line":53,"column":0},"end":{"line":53,"column":26}}}},"branchMap":{"1":{"line":22,"type":"if","locations":[{"start":{"line":22,"column":6},"end":{"line":22,"column":6}},{"start":{"line":22,"column":6},"end":{"line":22,"column":6}}]},"2":{"line":42,"type":"if","locations":[{"start":{"line":42,"column":6},"end":{"line":42,"column":6}},{"start":{"line":42,"column":6},"end":{"line":42,"column":6}}]},"3":{"line":63,"type":"if","locations":[{"start":{"line":63,"column":8},"end":{"line":63,"column":8}},{"start":{"line":63,"column":8},"end":{"line":63,"column":8}}]},"4":{"line":63,"type":"binary-expr","locations":[{"start":{"line":63,"column":8},"end":{"line":63,"column":26}},{"start":{"line":63,"column":26},"end":{"line":63,"column":4}}]},"5":{"line":82,"type":"if","locations":[{"start":{"line":82,"column":6},"end":{"line":82,"column":6}},{"start":{"line":82,"column":6},"end":{"line":82,"column":6}}]},"6":{"line":82,"type":"binary-expr","locations":[{"start":{"line":82,"column":8},"end":{"line":82,"column":34}},{"start":{"line":82,"column":34},"end":{"line":82,"column":6}}]},"7":{"line":102,"type":"cond-expr","locations":[{"start":{"line":102,"column":74},"end":{"line":102,"column":68}},{"start":{"line":102,"column":88},"end":{"line":101,"column":4}}]},"8":{"line":105,"type":"if","locations":[{"start":{"line":105,"column":8},"end":{"line":105,"column":8}},{"start":{"line":105,"column":8},"end":{"line":105,"column":8}}]},"9":{"line":113,"type":"if","locations":[{"start":{"line":113,"column":8},"end":{"line":113,"column":8}},{"start":{"line":113,"column":8},"end":{"line":113,"column":8}}]},"10":{"line":117,"type":"if","locations":[{"start":{"line":117,"column":8},"end":{"line":117,"column":8}},{"start":{"line":117,"column":8},"end":{"line":117,"column":8}}]},"11":{"line":122,"type":"if","locations":[{"start":{"line":122,"column":8},"end":{"line":122,"column":8}},{"start":{"line":122,"column":8},"end":{"line":122,"column":8}}]},"12":{"line":123,"type":"binary-expr","locations":[{"start":{"line":123,"column":14},"end":{"line":123,"column":14}},{"start":{"line":123,"column":92},"end":{"line":123,"column":6}}]},"13":{"line":133,"type":"if","locations":[{"start":{"line":133,"column":8},"end":{"line":133,"column":8}},{"start":{"line":133,"column":8},"end":{"line":133,"column":8}}]}}},
"/Users/hrmoller/workspace/serviceprovider/src/transformers/renew.js":{"path":"/Users/hrmoller/workspace/serviceprovider/src/transformers/renew.js","s":{"2":1,"3":2,"4":1,"5":2,"6":2,"7":2,"8":2,"9":2,"10":1,"11":1,"12":1,"13":0},"f":{"1":2},"l":{"13":1,"15":2,"43":1,"45":2,"55":2,"56":2,"58":2,"60":2,"61":1,"66":1,"67":1,"72":0},"b":{"1":[1,1],"2":[1,0]},"statementMap":{"2":{"start":{"line":13,"column":0},"end":{"line":null,"column":null}},"3":{"start":{"line":15,"column":10},"end":{"line":null,"column":null}},"4":{"start":{"line":43,"column":15},"end":{"line":null,"column":null}},"5":{"start":{"line":45,"column":8},"end":{"line":null,"column":null}},"6":{"start":{"line":55,"column":8},"end":{"line":null,"column":null}},"7":{"start":{"line":56,"column":9},"end":{"line":null,"column":null}},"8":{"start":{"line":58,"column":11},"end":{"line":null,"column":null}},"9":{"start":{"line":60,"column":8},"end":{"line":null,"column":null}},"10":{"start":{"line":61,"column":13},"end":{"line":null,"column":null}},"11":{"start":{"line":66,"column":8},"end":{"line":null,"column":null}},"12":{"start":{"line":67,"column":13},"end":{"line":null,"column":null}},"13":{"start":{"line":72,"column":11},"end":{"line":null,"column":null}}},"fnMap":{"1":{"name":"constructSoap","line":13,"loc":{"start":{"line":13,"column":0},"end":{"line":13,"column":31}}}},"branchMap":{"1":{"line":60,"type":"if","locations":[{"start":{"line":60,"column":8},"end":{"line":60,"column":8}},{"start":{"line":60,"column":8},"end":{"line":60,"column":8}}]},"2":{"line":66,"type":"if","locations":[{"start":{"line":66,"column":8},"end":{"line":66,"column":8}},{"start":{"line":66,"column":8},"end":{"line":66,"column":8}}]}}},
"/Users/hrmoller/workspace/serviceprovider/src/transformers/order.js":{"path":"/Users/hrmoller/workspace/serviceprovider/src/transformers/order.js","s":{"2":1,"4":1,"6":1,"7":1,"10":1,"11":6,"12":1,"13":6,"14":5,"15":1,"16":6,"17":6,"18":6,"19":1,"20":1,"21":5,"22":1,"23":4},"f":{"2":6},"l":{"8":1,"9":1,"10":1,"11":1,"19":1,"20":6,"22":1,"25":6,"27":5,"40":1,"41":6,"42":6,"43":6,"45":1,"46":1,"53":5,"54":1,"56":4},"b":{"3":[1,5],"4":[6,1],"5":[5,1],"6":[6,1],"7":[1,4]},"statementMap":{"2":{"start":{"line":8,"column":0},"end":{"line":null,"column":null}},"4":{"start":{"line":9,"column":0},"end":{"line":null,"column":null}},"6":{"start":{"line":10,"column":0},"end":{"line":null,"column":null}},"7":{"start":{"line":11,"column":0},"end":{"line":null,"column":null}},"10":{"start":{"line":19,"column":0},"end":{"line":null,"column":null}},"11":{"start":{"line":20,"column":6},"end":{"line":null,"column":null}},"12":{"start":{"line":22,"column":24},"end":{"line":null,"column":null}},"13":{"start":{"line":25,"column":6},"end":{"line":null,"column":null}},"14":{"start":{"line":27,"column":18},"end":{"line":null,"column":null}},"15":{"start":{"line":40,"column":15},"end":{"line":null,"column":null}},"16":{"start":{"line":41,"column":6},"end":{"line":null,"column":null}},"17":{"start":{"line":42,"column":8},"end":{"line":null,"column":null}},"18":{"start":{"line":43,"column":19},"end":{"line":null,"column":null}},"19":{"start":{"line":45,"column":11},"end":{"line":null,"column":null}},"20":{"start":{"line":46,"column":13},"end":{"line":null,"column":null}},"21":{"start":{"line":53,"column":6},"end":{"line":null,"column":null}},"22":{"start":{"line":54,"column":11},"end":{"line":null,"column":null}},"23":{"start":{"line":56,"column":9},"end":{"line":null,"column":null}}},"fnMap":{"2":{"name":"validateParams","line":19,"loc":{"start":{"line":19,"column":0},"end":{"line":19,"column":32}}}},"branchMap":{"3":{"line":20,"type":"if","locations":[{"start":{"line":20,"column":6},"end":{"line":20,"column":6}},{"start":{"line":20,"column":6},"end":{"line":20,"column":6}}]},"4":{"line":20,"type":"binary-expr","locations":[{"start":{"line":20,"column":6},"end":{"line":20,"column":6}},{"start":{"line":20,"column":23},"end":{"line":20,"column":2}}]},"5":{"line":25,"type":"if","locations":[{"start":{"line":25,"column":6},"end":{"line":25,"column":6}},{"start":{"line":25,"column":6},"end":{"line":25,"column":6}}]},"6":{"line":25,"type":"binary-expr","locations":[{"start":{"line":25,"column":6},"end":{"line":25,"column":6}},{"start":{"line":25,"column":24},"end":{"line":25,"column":2}}]},"7":{"line":53,"type":"if","locations":[{"start":{"line":53,"column":6},"end":{"line":53,"column":6}},{"start":{"line":53,"column":6},"end":{"line":53,"column":6}}]}}},
"/Users/hrmoller/workspace/serviceprovider/src/transformers/cancelOrder.js":{"path":"/Users/hrmoller/workspace/serviceprovider/src/transformers/cancelOrder.js","s":{"2":1,"3":1,"4":1,"5":0,"6":1,"7":1,"8":1,"9":1,"10":1,"11":1,"12":1,"13":0,"14":0,"15":1,"16":1,"17":1,"18":1,"19":1,"20":1,"21":1,"22":1,"23":0,"24":1,"25":1,"26":0},"f":{"1":1,"2":1},"l":{"8":1,"16":1,"17":1,"18":0,"27":1,"29":1,"50":1,"63":1,"64":1,"65":1,"66":1,"68":0,"69":0,"74":1,"75":1,"76":1,"78":1,"89":1,"91":1,"92":1,"94":1,"95":0,"97":1,"98":1,"100":0},"b":{"1":[0,1],"2":[0,1],"3":[1,0]},"statementMap":{"2":{"start":{"line":8,"column":0},"end":{"line":null,"column":null}},"3":{"start":{"line":16,"column":0},"end":{"line":null,"column":null}},"4":{"start":{"line":17,"column":6},"end":{"line":null,"column":null}},"5":{"start":{"line":18,"column":11},"end":{"line":null,"column":null}},"6":{"start":{"line":27,"column":0},"end":{"line":null,"column":null}},"7":{"start":{"line":29,"column":6},"end":{"line":null,"column":null}},"8":{"start":{"line":50,"column":9},"end":{"line":null,"column":null}},"9":{"start":{"line":63,"column":15},"end":{"line":null,"column":null}},"10":{"start":{"line":64,"column":6},"end":{"line":null,"column":null}},"11":{"start":{"line":65,"column":8},"end":{"line":null,"column":null}},"12":{"start":{"line":66,"column":19},"end":{"line":null,"column":null}},"13":{"start":{"line":68,"column":11},"end":{"line":null,"column":null}},"14":{"start":{"line":69,"column":13},"end":{"line":null,"column":null}},"15":{"start":{"line":74,"column":6},"end":{"line":null,"column":null}},"16":{"start":{"line":75,"column":6},"end":{"line":null,"column":null}},"17":{"start":{"line":76,"column":6},"end":{"line":null,"column":null}},"18":{"start":{"line":78,"column":6},"end":{"line":null,"column":null}},"19":{"start":{"line":89,"column":6},"end":{"line":null,"column":null}},"20":{"start":{"line":91,"column":9},"end":{"line":null,"column":null}},"21":{"start":{"line":92,"column":11},"end":{"line":null,"column":null}},"22":{"start":{"line":94,"column":8},"end":{"line":null,"column":null}},"23":{"start":{"line":95,"column":13},"end":{"line":null,"column":null}},"24":{"start":{"line":97,"column":8},"end":{"line":null,"column":null}},"25":{"start":{"line":98,"column":13},"end":{"line":null,"column":null}},"26":{"start":{"line":100,"column":11},"end":{"line":null,"column":null}}},"fnMap":{"1":{"name":"validateParams","line":16,"loc":{"start":{"line":16,"column":0},"end":{"line":16,"column":32}}},"2":{"name":"constructSoap","line":27,"loc":{"start":{"line":27,"column":0},"end":{"line":27,"column":31}}}},"branchMap":{"1":{"line":17,"type":"if","locations":[{"start":{"line":17,"column":6},"end":{"line":17,"column":6}},{"start":{"line":17,"column":6},"end":{"line":17,"column":6}}]},"2":{"line":94,"type":"if","locations":[{"start":{"line":94,"column":8},"end":{"line":94,"column":8}},{"start":{"line":94,"column":8},"end":{"line":94,"column":8}}]},"3":{"line":97,"type":"if","locations":[{"start":{"line":97,"column":8},"end":{"line":97,"column":8}},{"start":{"line":97,"column":8},"end":{"line":97,"column":8}}]}}},
"/Users/hrmoller/workspace/serviceprovider/src/transformers/placeOrder.js":{"path":"/Users/hrmoller/workspace/serviceprovider/src/transformers/placeOrder.js","s":{"2":1,"3":1,"4":4,"5":0,"6":4,"7":0,"8":4,"9":1,"10":3,"11":3,"12":1,"13":2,"14":0,"15":1,"16":2,"17":2,"18":2,"19":2,"20":2,"21":1,"22":2,"23":2,"24":8,"25":8,"26":6,"27":2,"28":1,"29":2,"30":2,"31":3,"32":2,"33":1,"34":2,"35":2,"36":2,"37":2,"38":2,"39":2,"40":2,"41":2,"42":0,"43":0,"44":0,"45":0,"46":0,"47":0,"48":2,"49":0,"50":2,"51":1,"52":4,"53":4,"54":2,"55":2,"56":2,"57":2,"58":2},"f":{"1":4,"2":2,"3":2,"4":2,"5":2},"l":{"9":1,"17":1,"18":4,"19":0,"21":4,"22":0,"24":4,"25":1,"28":3,"29":3,"30":1,"32":2,"33":0,"40":1,"41":2,"42":2,"43":2,"44":2,"45":2,"56":1,"58":2,"60":2,"64":8,"65":8,"66":6,"69":2,"77":1,"79":2,"81":2,"95":3,"109":2,"120":1,"122":2,"123":2,"124":2,"126":2,"128":2,"129":2,"130":2,"131":2,"132":0,"134":0,"135":0,"136":0,"137":0,"141":0,"144":2,"145":0,"147":2,"160":1,"162":4,"163":4,"165":2,"166":2,"171":2,"182":2,"184":2},"b":{"1":[0,4],"2":[4,4],"3":[0,4],"4":[4,4],"5":[1,3],"6":[4,4],"7":[1,2],"8":[3,3],"9":[0,2],"10":[6,2],"11":[2,0],"12":[0,2],"13":[0,0],"14":[0,0],"15":[0,2]},"statementMap":{"2":{"start":{"line":9,"column":0},"end":{"line":null,"column":null}},"3":{"start":{"line":17,"column":0},"end":{"line":null,"column":null}},"4":{"start":{"line":18,"column":6},"end":{"line":null,"column":null}},"5":{"start":{"line":19,"column":11},"end":{"line":null,"column":null}},"6":{"start":{"line":21,"column":6},"end":{"line":null,"column":null}},"7":{"start":{"line":22,"column":11},"end":{"line":null,"column":null}},"8":{"start":{"line":24,"column":6},"end":{"line":null,"column":null}},"9":{"start":{"line":25,"column":11},"end":{"line":null,"column":null}},"10":{"start":{"line":28,"column":6},"end":{"line":null,"column":null}},"11":{"start":{"line":29,"column":6},"end":{"line":null,"column":null}},"12":{"start":{"line":30,"column":11},"end":{"line":null,"column":null}},"13":{"start":{"line":32,"column":6},"end":{"line":null,"column":null}},"14":{"start":{"line":33,"column":11},"end":{"line":null,"column":null}},"15":{"start":{"line":40,"column":0},"end":{"line":null,"column":null}},"16":{"start":{"line":41,"column":6},"end":{"line":null,"column":null}},"17":{"start":{"line":42,"column":6},"end":{"line":null,"column":null}},"18":{"start":{"line":43,"column":6},"end":{"line":null,"column":null}},"19":{"start":{"line":44,"column":6},"end":{"line":null,"column":null}},"20":{"start":{"line":45,"column":9},"end":{"line":null,"column":null}},"21":{"start":{"line":56,"column":0},"end":{"line":null,"column":null}},"22":{"start":{"line":58,"column":6},"end":{"line":null,"column":null}},"23":{"start":{"line":60,"column":3},"end":{"line":null,"column":null}},"24":{"start":{"line":64,"column":12},"end":{"line":null,"column":null}},"25":{"start":{"line":65,"column":9},"end":{"line":null,"column":null}},"26":{"start":{"line":66,"column":14},"end":{"line":null,"column":null}},"27":{"start":{"line":69,"column":9},"end":{"line":null,"column":null}},"28":{"start":{"line":77,"column":0},"end":{"line":null,"column":null}},"29":{"start":{"line":79,"column":6},"end":{"line":null,"column":null}},"30":{"start":{"line":81,"column":6},"end":{"line":null,"column":null}},"31":{"start":{"line":95,"column":10},"end":{"line":null,"column":null}},"32":{"start":{"line":109,"column":9},"end":{"line":null,"column":null}},"33":{"start":{"line":120,"column":0},"end":{"line":null,"column":null}},"34":{"start":{"line":122,"column":6},"end":{"line":null,"column":null}},"35":{"start":{"line":123,"column":6},"end":{"line":null,"column":null}},"36":{"start":{"line":124,"column":17},"end":{"line":null,"column":null}},"37":{"start":{"line":126,"column":6},"end":{"line":null,"column":null}},"38":{"start":{"line":128,"column":9},"end":{"line":null,"column":null}},"39":{"start":{"line":129,"column":11},"end":{"line":null,"column":null}},"40":{"start":{"line":130,"column":8},"end":{"line":null,"column":null}},"41":{"start":{"line":131,"column":8},"end":{"line":null,"column":null}},"42":{"start":{"line":132,"column":10},"end":{"line":null,"column":null}},"43":{"start":{"line":134,"column":10},"end":{"line":null,"column":null}},"44":{"start":{"line":135,"column":14},"end":{"line":null,"column":null}},"45":{"start":{"line":136,"column":12},"end":{"line":null,"column":null}},"46":{"start":{"line":137,"column":19},"end":{"line":null,"column":null}},"47":{"start":{"line":141,"column":13},"end":{"line":null,"column":null}},"48":{"start":{"line":144,"column":8},"end":{"line":null,"column":null}},"49":{"start":{"line":145,"column":13},"end":{"line":null,"column":null}},"50":{"start":{"line":147,"column":11},"end":{"line":null,"column":null}},"51":{"start":{"line":160,"column":15},"end":{"line":null,"column":null}},"52":{"start":{"line":162,"column":6},"end":{"line":null,"column":null}},"53":{"start":{"line":163,"column":19},"end":{"line":null,"column":null}},"54":{"start":{"line":165,"column":11},"end":{"line":null,"column":null}},"55":{"start":{"line":166,"column":13},"end":{"line":null,"column":null}},"56":{"start":{"line":171,"column":8},"end":{"line":null,"column":null}},"57":{"start":{"line":182,"column":12},"end":{"line":null,"column":null}},"58":{"start":{"line":184,"column":9},"end":{"line":null,"column":null}}},"fnMap":{"1":{"name":"validateParams","line":17,"loc":{"start":{"line":17,"column":0},"end":{"line":17,"column":32}}},"2":{"name":"createNeedBeforeDate","line":40,"loc":{"start":{"line":40,"column":0},"end":{"line":40,"column":32}}},"3":{"name":"getUserParams","line":56,"loc":{"start":{"line":56,"column":0},"end":{"line":56,"column":31}}},"4":{"name":"constructSoap","line":77,"loc":{"start":{"line":77,"column":0},"end":{"line":77,"column":52}}},"5":{"name":"placeOrder","line":120,"loc":{"start":{"line":120,"column":0},"end":{"line":120,"column":38}}}},"branchMap":{"1":{"line":18,"type":"if","locations":[{"start":{"line":18,"column":6},"end":{"line":18,"column":6}},{"start":{"line":18,"column":6},"end":{"line":18,"column":6}}]},"2":{"line":18,"type":"binary-expr","locations":[{"start":{"line":18,"column":6},"end":{"line":18,"column":6}},{"start":{"line":18,"column":22},"end":{"line":18,"column":2}}]},"3":{"line":21,"type":"if","locations":[{"start":{"line":21,"column":6},"end":{"line":21,"column":6}},{"start":{"line":21,"column":6},"end":{"line":21,"column":6}}]},"4":{"line":21,"type":"binary-expr","locations":[{"start":{"line":21,"column":6},"end":{"line":21,"column":6}},{"start":{"line":21,"column":24},"end":{"line":21,"column":2}}]},"5":{"line":24,"type":"if","locations":[{"start":{"line":24,"column":6},"end":{"line":24,"column":6}},{"start":{"line":24,"column":6},"end":{"line":24,"column":6}}]},"6":{"line":24,"type":"binary-expr","locations":[{"start":{"line":24,"column":6},"end":{"line":24,"column":6}},{"start":{"line":24,"column":24},"end":{"line":24,"column":2}}]},"7":{"line":29,"type":"if","locations":[{"start":{"line":29,"column":6},"end":{"line":29,"column":6}},{"start":{"line":29,"column":6},"end":{"line":29,"column":6}}]},"8":{"line":29,"type":"binary-expr","locations":[{"start":{"line":29,"column":6},"end":{"line":29,"column":6}},{"start":{"line":29,"column":24},"end":{"line":29,"column":2}}]},"9":{"line":32,"type":"if","locations":[{"start":{"line":32,"column":6},"end":{"line":32,"column":6}},{"start":{"line":32,"column":6},"end":{"line":32,"column":6}}]},"10":{"line":65,"type":"if","locations":[{"start":{"line":65,"column":9},"end":{"line":65,"column":9}},{"start":{"line":65,"column":9},"end":{"line":65,"column":9}}]},"11":{"line":123,"type":"if","locations":[{"start":{"line":123,"column":6},"end":{"line":123,"column":6}},{"start":{"line":123,"column":6},"end":{"line":123,"column":6}}]},"12":{"line":131,"type":"if","locations":[{"start":{"line":131,"column":8},"end":{"line":131,"column":8}},{"start":{"line":131,"column":8},"end":{"line":131,"column":8}}]},"13":{"line":134,"type":"if","locations":[{"start":{"line":134,"column":10},"end":{"line":134,"column":10}},{"start":{"line":134,"column":10},"end":{"line":134,"column":10}}]},"14":{"line":136,"type":"if","locations":[{"start":{"line":136,"column":12},"end":{"line":136,"column":12}},{"start":{"line":136,"column":12},"end":{"line":136,"column":12}}]},"15":{"line":144,"type":"if","locations":[{"start":{"line":144,"column":8},"end":{"line":144,"column":8}},{"start":{"line":144,"column":8},"end":{"line":144,"column":8}}]}}},
"/Users/hrmoller/workspace/serviceprovider/src/transformers/utils/order.utils.js":{"path":"/Users/hrmoller/workspace/serviceprovider/src/transformers/utils/order.utils.js","s":{"2":1,"3":1,"4":1,"5":4,"6":1,"7":3,"8":1,"9":1,"10":9,"11":3,"12":6,"13":1},"f":{"1":4,"2":9},"l":{"2":1,"3":4,"4":1,"7":3,"8":1,"12":1,"13":9,"14":3,"16":6,"17":1},"b":{"1":[1,3],"2":[1,2],"3":[3,6],"4":[9,8],"5":[1,5]},"statementMap":{"2":{"start":{"line":2,"column":16},"end":{"line":null,"column":null}},"3":{"start":{"line":12,"column":16},"end":{"line":null,"column":null}},"4":{"start":{"line":2,"column":7},"end":{"line":null,"column":null}},"5":{"start":{"line":3,"column":6},"end":{"line":null,"column":null}},"6":{"start":{"line":4,"column":11},"end":{"line":null,"column":null}},"7":{"start":{"line":7,"column":6},"end":{"line":null,"column":null}},"8":{"start":{"line":8,"column":11},"end":{"line":null,"column":null}},"9":{"start":{"line":12,"column":7},"end":{"line":null,"column":null}},"10":{"start":{"line":13,"column":6},"end":{"line":null,"column":null}},"11":{"start":{"line":14,"column":11},"end":{"line":null,"column":null}},"12":{"start":{"line":16,"column":6},"end":{"line":null,"column":null}},"13":{"start":{"line":17,"column":11},"end":{"line":null,"column":null}}},"fnMap":{"1":{"name":"validateDeleteOrder","line":2,"loc":{"start":{"line":2,"column":7},"end":{"line":2,"column":44}}},"2":{"name":"validateOrder","line":12,"loc":{"start":{"line":12,"column":7},"end":{"line":12,"column":37}}}},"branchMap":{"1":{"line":3,"type":"if","locations":[{"start":{"line":3,"column":6},"end":{"line":3,"column":6}},{"start":{"line":3,"column":6},"end":{"line":3,"column":6}}]},"2":{"line":7,"type":"if","locations":[{"start":{"line":7,"column":6},"end":{"line":7,"column":6}},{"start":{"line":7,"column":6},"end":{"line":7,"column":6}}]},"3":{"line":13,"type":"if","locations":[{"start":{"line":13,"column":6},"end":{"line":13,"column":6}},{"start":{"line":13,"column":6},"end":{"line":13,"column":6}}]},"4":{"line":13,"type":"binary-expr","locations":[{"start":{"line":13,"column":6},"end":{"line":13,"column":6}},{"start":{"line":13,"column":22},"end":{"line":13,"column":2}}]},"5":{"line":16,"type":"if","locations":[{"start":{"line":16,"column":6},"end":{"line":16,"column":6}},{"start":{"line":16,"column":6},"end":{"line":16,"column":6}}]}}},
"/Users/hrmoller/workspace/serviceprovider/src/transformers/work.js":{"path":"/Users/hrmoller/workspace/serviceprovider/src/transformers/work.js","s":{"2":1,"3":1,"4":1,"6":1,"7":1,"11":1,"12":1,"13":10,"14":10,"15":10,"16":10,"17":10,"18":10,"19":10,"20":0,"21":10,"22":1,"23":10,"24":10,"25":17,"26":17,"27":17,"28":0,"30":17,"31":10,"32":10,"33":0,"34":0,"35":17,"36":17,"37":10,"38":1,"39":1,"40":1,"41":1,"42":3,"43":3,"44":2,"45":1,"46":2,"47":2,"48":1,"49":1,"50":1,"51":12,"52":2,"53":2,"54":10,"55":10,"56":10,"57":10,"58":7,"59":7,"60":7,"61":10,"62":6,"63":6,"64":6,"65":10,"66":4,"67":4,"68":4,"69":10,"70":10,"71":10,"72":10,"73":20,"74":10},"f":{"2":10,"3":10,"4":1},"l":{"3":1,"4":1,"5":1,"7":1,"13":1,"14":10,"15":10,"16":10,"17":10,"20":10,"22":10,"23":10,"29":0,"31":10,"37":1,"38":10,"43":10,"44":17,"47":17,"48":17,"50":0,"55":17,"60":10,"61":10,"68":0,"69":0,"73":17,"74":17,"77":10,"88":1,"89":1,"90":1,"91":1,"92":3,"93":3,"94":2,"103":1,"104":2,"105":2,"109":1,"112":1,"113":12,"114":2,"119":2,"122":10,"124":10,"125":10,"127":10,"129":7,"131":7,"132":7,"135":10,"137":6,"138":6,"139":6,"142":10,"143":4,"144":4,"145":4,"148":10,"150":10,"152":10,"154":20,"155":10},"b":{"3":[10,0],"4":[10,10],"5":[10,0],"6":[0,17],"7":[10,7],"8":[10,0],"9":[10,1,1],"10":[3,1],"11":[2,1],"12":[2,10],"13":[12,11],"14":[7,3],"15":[6,4],"16":[4,6],"17":[10,0],"18":[9,1]},"statementMap":{"2":{"start":{"line":13,"column":16},"end":{"line":null,"column":null}},"3":{"start":{"line":37,"column":16},"end":{"line":null,"column":null}},"4":{"start":{"line":3,"column":0},"end":{"line":null,"column":null}},"6":{"start":{"line":4,"column":0},"end":{"line":null,"column":null}},"7":{"start":{"line":5,"column":0},"end":{"line":null,"column":null}},"11":{"start":{"line":7,"column":0},"end":{"line":null,"column":null}},"12":{"start":{"line":13,"column":7},"end":{"line":null,"column":null}},"13":{"start":{"line":14,"column":8},"end":{"line":null,"column":null}},"14":{"start":{"line":15,"column":6},"end":{"line":null,"column":null}},"15":{"start":{"line":16,"column":10},"end":{"line":16,"column":33}},"16":{"start":{"line":17,"column":10},"end":{"line":null,"column":null}},"17":{"start":{"line":20,"column":6},"end":{"line":null,"column":null}},"18":{"start":{"line":22,"column":6},"end":{"line":null,"column":null}},"19":{"start":{"line":23,"column":26},"end":{"line":null,"column":null}},"20":{"start":{"line":29,"column":24},"end":{"line":null,"column":null}},"21":{"start":{"line":31,"column":9},"end":{"line":null,"column":null}},"22":{"start":{"line":37,"column":7},"end":{"line":null,"column":null}},"23":{"start":{"line":38,"column":6},"end":{"line":null,"column":null}},"24":{"start":{"line":43,"column":7},"end":{"line":null,"column":null}},"25":{"start":{"line":44,"column":10},"end":{"line":null,"column":null}},"26":{"start":{"line":47,"column":10},"end":{"line":null,"column":null}},"27":{"start":{"line":48,"column":8},"end":{"line":null,"column":null}},"28":{"start":{"line":50,"column":17},"end":{"line":null,"column":null}},"30":{"start":{"line":55,"column":8},"end":{"line":null,"column":null}},"31":{"start":{"line":60,"column":10},"end":{"line":null,"column":null}},"32":{"start":{"line":61,"column":19},"end":{"line":null,"column":null}},"33":{"start":{"line":68,"column":17},"end":{"line":null,"column":null}},"34":{"start":{"line":69,"column":15},"end":{"line":null,"column":null}},"35":{"start":{"line":73,"column":10},"end":{"line":null,"column":null}},"36":{"start":{"line":74,"column":15},"end":{"line":null,"column":null}},"37":{"start":{"line":77,"column":9},"end":{"line":null,"column":null}},"38":{"start":{"line":88,"column":0},"end":{"line":null,"column":null}},"39":{"start":{"line":89,"column":8},"end":{"line":null,"column":null}},"40":{"start":{"line":90,"column":7},"end":{"line":null,"column":null}},"41":{"start":{"line":91,"column":9},"end":{"line":null,"column":null}},"42":{"start":{"line":92,"column":12},"end":{"line":null,"column":null}},"43":{"start":{"line":93,"column":10},"end":{"line":null,"column":null}},"44":{"start":{"line":94,"column":17},"end":{"line":null,"column":null}},"45":{"start":{"line":103,"column":8},"end":{"line":null,"column":null}},"46":{"start":{"line":104,"column":4},"end":{"line":103,"column":19}},"47":{"start":{"line":105,"column":13},"end":{"line":null,"column":null}},"48":{"start":{"line":109,"column":9},"end":{"line":null,"column":null}},"49":{"start":{"line":109,"column":42},"end":{"line":109,"column":9}},"50":{"start":{"line":112,"column":15},"end":{"line":null,"column":null}},"51":{"start":{"line":113,"column":6},"end":{"line":null,"column":null}},"52":{"start":{"line":114,"column":10},"end":{"line":null,"column":null}},"53":{"start":{"line":119,"column":11},"end":{"line":null,"column"
[...]
"/Users/hrmoller/workspace/serviceprovider/src/app.utils.js":{"path":"/Users/hrmoller/workspace/serviceprovider/src/app.utils.js","s":{"2":1,"3":1,"4":1,"5":1,"7":1,"9":1,"11":1,"14":1,"15":1,"16":0,"17":0,"18":0,"19":0,"20":0,"21":0,"22":1,"23":0,"24":0,"25":0,"26":0,"27":0,"28":0,"29":0,"30":0,"31":0,"32":0,"33":0,"34":0,"35":0,"36":0,"37":0,"38":0,"39":0,"40":0,"41":0,"42":0,"43":0,"44":0,"45":0,"46":0,"47":1,"48":13,"49":2,"50":11,"51":1,"52":10,"53":10,"54":10,"55":10,"56":10,"57":10},"f":{"2":0,"3":0,"4":13},"l":{"2":1,"3":1,"4":1,"6":1,"8":1,"16":1,"17":0,"18":0,"22":0,"24":0,"26":0,"28":0,"40":1,"41":0,"42":0,"44":0,"45":0,"46":0,"49":0,"50":0,"56":0,"57":0,"63":0,"70":0,"72":0,"73":0,"74":0,"76":0,"77":0,"78":0,"80":0,"88":0,"91":0,"92":0,"94":0,"95":0,"106":1,"107":13,"108":2,"111":11,"112":10,"115":10,"116":10,"117":10,"118":10,"122":10},"b":{"3":[0,0,0],"4":[0,0],"5":[0,0],"6":[0,0],"7":[0,0],"8":[0,0],"9":[0,0],"10":[2,11],"11":[13,12],"12":[1,10],"13":[10,0]},"statementMap":{"2":{"start":{"line":16,"column":16},"end":{"line":null,"column":null}},"3":{"start":{"line":40,"column":16},"end":{"line":null,"column":null}},"4":{"start":{"line":106,"column":16},"end":{"line":null,"column":null}},"5":{"start":{"line":2,"column":0},"end":{"line":null,"column":null}},"7":{"start":{"line":3,"column":0},"end":{"line":null,"column":null}},"9":{"start":{"line":4,"column":0},"end":{"line":null,"column":null}},"11":{"start":{"line":6,"column":0},"end":{"line":null,"column":null}},"14":{"start":{"line":8,"column":0},"end":{"line":8,"column":42}},"15":{"start":{"line":16,"column":7},"end":{"line":null,"column":null}},"16":{"start":{"line":17,"column":9},"end":{"line":null,"column":null}},"17":{"start":{"line":18,"column":12},"end":{"line":null,"column":null}},"18":{"start":{"line":22,"column":14},"end":{"line":null,"column":null}},"19":{"start":{"line":24,"column":17},"end":{"line":null,"column":null}},"20":{"start":{"line":26,"column":17},"end":{"line":null,"column":null}},"21":{"start":{"line":28,"column":17},"end":{"line":null,"column":null}},"22":{"start":{"line":40,"column":7},"end":{"line":null,"column":null}},"23":{"start":{"line":41,"column":8},"end":{"line":null,"column":null}},"24":{"start":{"line":42,"column":8},"end":{"line":null,"column":null}},"25":{"start":{"line":44,"column":8},"end":{"line":null,"column":null}},"26":{"start":{"line":45,"column":10},"end":{"line":null,"column":null}},"27":{"start":{"line":46,"column":12},"end":{"line":null,"column":null}},"28":{"start":{"line":49,"column":10},"end":{"line":null,"column":null}},"29":{"start":{"line":50,"column":15},"end":{"line":null,"column":null}},"30":{"start":{"line":56,"column":10},"end":{"line":null,"column":null}},"31":{"start":{"line":57,"column":15},"end":{"line":null,"column":null}},"32":{"start":{"line":63,"column":13},"end":{"line":null,"column":null}},"33":{"start":{"line":70,"column":8},"end":{"line":null,"column":null}},"34":{"start":{"line":70,"column":59},"end":{"line":70,"column":24}},"35":{"start":{"line":72,"column":10},"end":{"line":null,"column":null}},"36":{"start":{"line":73,"column":6},"end":{"line":null,"column":null}},"37":{"start":{"line":74,"column":12},"end":{"line":null,"column":null}},"38":{"start":{"line":76,"column":10},"end":{"line":null,"column":null}},"39":{"start":{"line":77,"column":12},"end":{"line":null,"column":null}},"40":{"start":{"line":78,"column":17},"end":{"line":null,"column":null}},"41":{"start":{"line":80,"column":15},"end":{"line":null,"column":null}},"42":{"start":{"line":88,"column":15},"end":{"line":null,"column":null}},"43":{"start":{"line":91,"column":8},"end":{"line":null,"column":null}},"44":{"start":{"line":92,"column":10},"end":{"line":null,"column":null}},"45":{"start":{"line":94,"column":8},"end":{"line":null,"column":null}},"46":{"start":{"line":95,"column":8},"end":{"line":null,"column":null}},"47":{"start":{"line":106,"column":7},"end":{"line":null,"column":null}},"48":{"start":{"line":107,"column":7},"end":{"line":null,"column":null}},"49":{"start":{"line":108,"column":11},"end":{"line":null,"column":null}},"50":{"start":{"line":111,"column":6},"end":{"line":null,"column":null}},"51":{"start":{"line":112,"column":11},"end":{"line":null,"column":null}},"52":{"start":{"line":112,"column":29},"end":{"line":112,"column":11}},"53":{"start":{"line":115,"column":8},"end":{"line":null,"column":null}},"54":{"start":{"line":116,"column":8},"end":{"line":null,"column":null}},"55":{"start":{"line":117,"column":8},"end":{"line":null,"column":null}},"56":{"start":{"line":118,"column":13},"end":{"line":null,"column":null}},"57":{"start":{"line":122,"column":9},"end":{"line":null,"column":null}}},"fnMap":{"2":{"name":"getContext","line":16,"loc":{"start":{"line":16,"column":7},"end":{"line":16,"column":34}}},"3":{"name":"healthCheck","line":40,"loc":{"start":{"line":40,"column":7},"end":{"line":40,"column":38}}},"4":{"name":"fieldsFilter","line":106,"loc":{"start":{"line":106,"column":7},"end":{"line":106,"column":41}}}},"branchMap":{"3":{"line":23,"type":"switch","locations":[{"start":{"line":23,"column":13},"end":{"line":null,"column":null}},{"start":{"line":25,"column":13},"end":{"line":null,"column":null}},{"start":{"line":0,"column":0},"end":{"line":0,"column":0},"skip":true}]},"4":{"line":49,"type":"if","locations":[{"start":{"line":49,"column":10},"end":{"line":49,"column":10}},{"start":{"line":49,"column":10},"end":{"line":49,"column":10}}]},"5":{"line":56,"type":"if","locations":[{"start":{"line":56,"column":10},"end":{"line":56,"column":10}},{"start":{"line":56,"column":10},"end":{"line":56,"column":10}}]},"6":{"line":76,"type":"if","locations":[{"start":{"line":76,"column":10},"end":{"line":76,"column":10}},{"start":{"line":76,"column":10},"end":{"line":76,"column":10}}]},"7":{"line":77,"type":"if","locations":[{"start":{"line":77,"column":12},"end":{"line":77,"column":12}},{"start":{"line":77,"column":12},"end":{"line":77,"column":12}}]},"8":{"line":91,"type":"if","locations":[{"start":{"line":91,"column":8},"end":{"line":91,"column":8}},{"start":{"line":91,"column":8},"end":{"line":91,"column":8}}]},"9":{"line":91,"type":"binary-expr","locations":[{"start":{"line":91,"column":20},"end":{"line":91,"column":20}},{"start":{"line":91,"column":37},"end":{"line":91,"column":8}}]},"10":{"line":107,"type":"if","locations":[{"start":{"line":107,"column":7},"end":{"line":107,"column":7}},{"start":{"line":107,"column":7},"end":{"line":107,"column":7}}]},"11":{"line":107,"type":"binary-expr","locations":[{"start":{"line":107,"column":7},"end":{"line":107,"column":6}},{"start":{"line":107,"column":35},"end":{"line":107,"column":2}}]},"12":{"line":111,"type":"if","locations":[{"start":{"line":111,"column":6},"end":{"line":111,"column":6}},{"start":{"line":111,"column":6},"end":{"line":111,"column":6}}]},"13":{"line":117,"type":"if","locations":[{"start":{"line":117,"column":8},"end":{"line":117,"column":8}},{"start":{"line":117,"column":8},"end":{"line":117,"column":8}}]}}},
"/Users/hrmoller/workspace/serviceprovider/src/app.middlewares.utils.js":{"path":"/Users/hrmoller/workspace/serviceprovider/src/app.middlewares.utils.js","s":{"2":1,"3":1,"4":3,"5":3,"6":3,"7":3,"8":3,"9":1,"10":1,"11":3,"12":3,"13":2,"14":1,"15":3,"16":3,"17":2,"18":1,"19":6,"20":3,"21":3,"22":3},"f":{"1":3,"2":3,"3":3,"4":6},"l":{"3":1,"4":3,"5":3,"6":3,"7":3,"9":3,"10":1,"15":1,"16":3,"17":3,"18":2,"22":1,"23":3,"24":3,"25":2,"35":1,"36":6,"37":3,"38":3,"39":3},"b":{"1":[3,0],"2":[1,2],"3":[2,1],"4":[2,1]},"statementMap":{"2":{"start":{"line":35,"column":16},"end":{"line":null,"column":null}},"3":{"start":{"line":3,"column":0},"end":{"line":null,"column":null}},"4":{"start":{"line":4,"column":8},"end":{"line":null,"column":null}},"5":{"start":{"line":5,"column":6},"end":{"line":null,"column":null}},"6":{"start":{"line":6,"column":10},"end":{"line":null,"column":null}},"7":{"start":{"line":7,"column":10},"end":{"line":null,"column":null}},"8":{"start":{"line":9,"column":8},"end":{"line":null,"column":null}},"9":{"start":{"line":10,"column":13},"end":{"line":null,"column":null}},"10":{"start":{"line":15,"column":0},"end":{"line":null,"column":null}},"11":{"start":{"line":16,"column":8},"end":{"line":null,"column":null}},"12":{"start":{"line":17,"column":6},"end":{"line":null,"column":null}},"13":{"start":{"line":18,"column":11},"end":{"line":null,"column":null}},"14":{"start":{"line":22,"column":0},"end":{"line":null,"column":null}},"15":{"start":{"line":23,"column":8},"end":{"line":null,"column":null}},"16":{"start":{"line":24,"column":6},"end":{"line":null,"column":null}},"17":{"start":{"line":25,"column":11},"end":{"line":null,"column":null}},"18":{"start":{"line":35,"column":7},"end":{"line":null,"column":null}},"19":{"start":{"line":36,"column":9},"end":{"line":null,"column":null}},"20":{"start":{"line":37,"column":10},"end":{"line":36,"column":9}},"21":{"start":{"line":38,"column":10},"end":{"line":36,"column":9}},"22":{"start":{"line":39,"column":10},"end":{"line":36,"column":9}}},"fnMap":{"1":{"name":"checkAuthHeader","line":3,"loc":{"start":{"line":3,"column":0},"end":{"line":3,"column":30}}},"2":{"name":"testQueryAccessToken","line":15,"loc":{"start":{"line":15,"column":0},"end":{"line":15,"column":35}}},"3":{"name":"testBodyAccessToken","line":22,"loc":{"start":{"line":22,"column":0},"end":{"line":22,"column":34}}},"4":{"name":"getTokenSearchers","line":35,"loc":{"start":{"line":35,"column":7},"end":{"line":35,"column":39}}}},"branchMap":{"1":{"line":5,"type":"if","locations":[{"start":{"line":5,"column":6},"end":{"line":5,"column":6}},{"start":{"line":5,"column":6},"end":{"line":5,"column":6}}]},"2":{"line":9,"type":"if","locations":[{"start":{"line":9,"column":8},"end":{"line":9,"column":8}},{"start":{"line":9,"column":8},"end":{"line":9,"column":8}}]},"3":{"line":17,"type":"if","locations":[{"start":{"line":17,"column":6},"end":{"line":17,"column":6}},{"start":{"line":17,"column":6},"end":{"line":17,"column":6}}]},"4":{"line":24,"type":"if","locations":[{"start":{"line":24,"column":6},"end":{"line":24,"column":6}},{"start":{"line":24,"column":6},"end":{"line":24,"column":6}}]}}},
"/Users/hrmoller/workspace/serviceprovider/src/__tests__/app.middlewares.utils.test.js":{"path":"/Users/hrmoller/workspace/serviceprovider/src/__tests__/app.middlewares.utils.test.js","s":{"1":1,"2":1,"3":1,"4":1,"5":1,"6":1,"7":1,"8":1,"9":3,"10":1,"11":1,"12":1,"13":1,"14":1,"15":1,"16":1,"17":1,"18":1,"19":1},"f":{},"l":{"7":1,"8":1,"10":1,"11":1,"12":1,"14":1,"15":1,"17":3,"20":1,"21":1,"22":1,"25":1,"28":1,"29":1,"35":1,"38":1,"39":1,"45":1},"b":{},"statementMap":{"1":{"start":{"line":7,"column":0},"end":{"line":null,"column":null}},"2":{"start":{"line":8,"column":0},"end":{"line":null,"column":null}},"3":{"start":{"line":10,"column":0},"end":{"line":null,"column":null}},"4":{"start":{"line":11,"column":5},"end":{"line":null,"column":null}},"5":{"start":{"line":12,"column":10},"end":{"line":null,"column":null}},"6":{"start":{"line":14,"column":11},"end":{"line":null,"column":null}},"7":{"start":{"line":15,"column":11},"end":{"line":null,"column":null}},"8":{"start":{"line":17,"column":11},"end":{"line":null,"column":null}},"9":{"start":{"line":17,"column":27},"end":{"line":17,"column":4}},"10":{"start":{"line":20,"column":5},"end":{"line":null,"column":null}},"11":{"start":{"line":21,"column":10},"end":{"line":null,"column":null}},"12":{"start":{"line":22,"column":17},"end":{"line":null,"column":null}},"13":{"start":{"line":25,"column":11},"end":{"line":null,"column":null}},"14":{"start":{"line":28,"column":5},"end":{"line":null,"column":null}},"15":{"start":{"line":29,"column":10},"end":{"line":null,"column":null}},"16":{"start":{"line":35,"column":11},"end":{"line":null,"column":null}},"17":{"start":{"line":38,"column":5},"end":{"line":null,"column":null}},"18":{"start":{"line":39,"column":10},"end":{"line":null,"column":null}},"19":{"start":{"line":45,"column":11},"end":{"line":null,"column":null}}},"fnMap":{},"branchMap":{}},
"/Users/hrmoller/workspace/serviceprovider/src/__tests__/app.utils.test.js":{"path":"/Users/hrmoller/workspace/serviceprovider/src/__tests__/app.utils.test.js","s":{"1":1,"2":1,"3":1,"4":1,"5":1,"6":1,"7":1,"8":1,"9":1,"10":1,"11":1,"12":1,"13":1,"14":1,"15":1,"16":1,"17":1},"f":{},"l":{"3":1,"5":1,"7":1,"9":1,"10":1,"11":1,"12":1,"14":1,"15":1,"18":1,"19":1,"20":1,"21":1,"24":1,"25":1,"26":1,"27":1},"b":{},"statementMap":{"1":{"start":{"line":3,"column":0},"end":{"line":null,"column":null}},"2":{"start":{"line":5,"column":0},"end":{"line":null,"column":null}},"3":{"start":{"line":7,"column":0},"end":{"line":null,"column":null}},"4":{"start":{"line":9,"column":0},"end":{"line":null,"column":null}},"5":{"start":{"line":10,"column":5},"end":{"line":null,"column":null}},"6":{"start":{"line":11,"column":10},"end":{"line":null,"column":null}},"7":{"start":{"line":12,"column":10},"end":{"line":null,"column":null}},"8":{"start":{"line":14,"column":10},"end":{"line":null,"column":null}},"9":{"start":{"line":15,"column":11},"end":{"line":null,"column":null}},"10":{"start":{"line":18,"column":5},"end":{"line":null,"column":null}},"11":{"start":{"line":19,"column":10},"end":{"line":null,"column":null}},"12":{"start":{"line":20,"column":10},"end":{"line":null,"column":null}},"13":{"start":{"line":21,"column":11},"end":{"line":null,"column":null}},"14":{"start":{"line":24,"column":5},"end":{"line":null,"column":null}},"15":{"start":{"line":25,"column":10},"end":{"line":null,"column":null}},"16":{"start":{"line":26,"column":10},"end":{"line":null,"column":null}},"17":{"start":{"line":27,"column":11},"end":{"line":null,"column":null}}},"fnMap":{},"branchMap":{}},
"/Users/hrmoller/workspace/serviceprovider/src/__tests__/mocks/mocks.js":{"path":"/Users/hrmoller/workspace/serviceprovider/src/__tests__/mocks/mocks.js","s":{"2":1,"3":1},"f":{},"l":{"1":1,"399":1},"b":{},"statementMap":{"2":{"start":{"line":1,"column":7},"end":{"line":null,"column":null}},"3":{"start":{"line":399,"column":7},"end":{"line":null,"column":null}}},"fnMap":{},"branchMap":{}},
"/Users/hrmoller/workspace/serviceprovider/src/__tests__/requestTypeIdentifier.test.js":{"path":"/Users/hrmoller/workspace/serviceprovider/src/__tests__/requestTypeIdentifier.test.js","s":{"1":1,"2":1,"3":1,"4":1,"5":1,"6":1,"7":1,"8":1},"f":{},"l":{"6":1,"7":1,"8":1,"10":1,"11":1,"12":1,"13":1,"14":1},"b":{},"statementMap":{"1":{"start":{"line":6,"column":0},"end":{"line":null,"column":null}},"2":{"start":{"line":7,"column":0},"end":{"line":null,"column":null}},"3":{"start":{"line":8,"column":0},"end":{"line":null,"column":null}},"4":{"start":{"line":10,"column":0},"end":{"line":1,"column":0}},"5":{"start":{"line":11,"column":5},"end":{"line":null,"column":null}},"6":{"start":{"line":12,"column":10},"end":{"line":null,"column":null}},"7":{"start":{"line":13,"column":10},"end":{"line":null,"column":null}},"8":{"start":{"line":14,"column":11},"end":{"line":null,"column":null}}},"fnMap":{},"branchMap":{}},
"/Users/hrmoller/workspace/serviceprovider/src/__tests__/validate.test.js":{"path":"/Users/hrmoller/workspace/serviceprovider/src/__tests__/validate.test.js","s":{"1":1,"2":1,"6":1,"7":1,"8":1,"9":1,"10":1,"11":1,"12":1,"13":1,"14":1,"15":1,"16":1,"17":1,"18":1,"19":1,"20":1,"21":1,"22":1,"23":1,"24":1,"25":1,"26":1},"f":{},"l":{"6":1,"7":1,"9":1,"10":1,"11":1,"12":1,"14":1,"15":1,"16":1,"19":1,"20":1,"21":1,"23":1,"24":1,"25":1,"28":1,"29":1,"30":1,"34":1,"36":1,"37":1,"38":1,"39":1},"b":{},"statementMap":{"1":{"start":{"line":6,"column":0},"end":{"line":null,"column":null}},"2":{"start":{"line":7,"column":0},"end":{"line":null,"column":null}},"6":{"start":{"line":9,"column":0},"end":{"line":null,"column":null}},"7":{"start":{"line":10,"column":5},"end":{"line":null,"column":null}},"8":{"start":{"line":11,"column":10},"end":{"line":null,"column":null}},"9":{"start":{"line":12,"column":10},"end":{"line":null,"column":null}},"10":{"start":{"line":14,"column":10},"end":{"line":null,"column":null}},"11":{"start":{"line":15,"column":11},"end":{"line":null,"column":null}},"12":{"start":{"line":16,"column":11},"end":{"line":null,"column":null}},"13":{"start":{"line":19,"column":5},"end":{"line":null,"column":null}},"14":{"start":{"line":20,"column":10},"end":{"line":null,"column":null}},"15":{"start":{"line":21,"column":10},"end":{"line":null,"column":null}},"16":{"start":{"line":23,"column":10},"end":{"line":null,"column":null}},"17":{"start":{"line":24,"column":11},"end":{"line":null,"column":null}},"18":{"start":{"line":25,"column":11},"end":{"line":null,"column":null}},"19":{"start":{"line":28,"column":5},"end":{"line":null,"column":null}},"20":{"start":{"line":29,"column":10},"end":{"line":null,"column":null}},"21":{"start":{"line":30,"column":10},"end":{"line":null,"column":null}},"22":{"start":{"line":34,"column":10},"end":{"line":34,"column":2319}},"23":{"start":{"line":36,"column":10},"end":{"line":null,"column":null}},"24":{"start":{"line":37,"column":11},"end":{"line":null,"column":null}},"25":{"start":{"line":38,"column":11},"end":{"line":null,"column":null}},"26":{"start":{"line":39,"column":11},"end":{"line":null,"column":null}}},"fnMap":{},"branchMap":{}},
"/Users/hrmoller/workspace/serviceprovider/src/validate.js":{"path":"/Users/hrmoller/workspace/serviceprovider/src/validate.js","s":{"2":1,"3":1,"5":1,"9":1,"10":1,"11":3,"12":1,"13":1,"14":1,"15":1,"16":13,"17":13,"18":3,"19":1,"20":3,"21":3},"f":{"2":3},"l":{"1":1,"2":1,"3":1,"5":1,"7":1,"8":3,"9":1,"10":1,"11":1,"13":1,"14":13,"15":13,"24":3,"27":1,"28":3,"29":3},"b":{"3":[1,2],"4":[3,1]},"statementMap":{"2":{"start":{"line":1,"column":0},"end":{"line":null,"column":null}},"3":{"start":{"line":2,"column":0},"end":{"line":null,"column":null}},"5":{"start":{"line":3,"column":0},"end":{"line":null,"column":null}},"9":{"start":{"line":5,"column":0},"end":{"line":null,"column":null}},"10":{"start":{"line":7,"column":0},"end":{"line":null,"column":null}},"11":{"start":{"line":8,"column":6},"end":{"line":null,"column":null}},"12":{"start":{"line":9,"column":14},"end":{"line":null,"column":null}},"13":{"start":{"line":10,"column":10},"end":{"line":null,"column":null}},"14":{"start":{"line":11,"column":10},"end":{"line":null,"column":null}},"15":{"start":{"line":13,"column":9},"end":{"line":null,"column":null}},"16":{"start":{"line":14,"column":12},"end":{"line":null,"column":null}},"17":{"start":{"line":15,"column":14},"end":{"line":null,"column":null}},"18":{"start":{"line":24,"column":9},"end":{"line":null,"column":null}},"19":{"start":{"line":27,"column":15},"end":{"line":null,"column":null}},"20":{"start":{"line":28,"column":8},"end":{"line":null,"column":null}},"21":{"start":{"line":29,"column":9},"end":{"line":null,"column":null}}},"fnMap":{"2":{"name":"getSchema","line":7,"loc":{"start":{"line":7,"column":0},"end":{"line":7,"column":25}}}},"branchMap":{"3":{"line":8,"type":"if","locations":[{"start":{"line":8,"column":6},"end":{"line":8,"column":6}},{"start":{"line":8,"column":6},"end":{"line":8,"column":6}}]},"4":{"line":24,"type":"binary-expr","locations":[{"start":{"line":24,"column":9},"end":{"line":24,"column":26}},{"start":{"line":24,"column":26},"end":{"line":24,"column":2}}]}}}}
